#
# There is insufficient memory for the Java Runtime Environment to continue.
# Native memory allocation (mmap) failed to map 65536 bytes for Failed to commit metaspace.
# Possible reasons:
#   The system is out of physical RAM or swap space
#   The process is running with CompressedOops enabled, and the Java Heap may be blocking the growth of the native heap
# Possible solutions:
#   Reduce memory load on the system
#   Increase physical memory or swap space
#   Check if swap backing store is full
#   Decrease Java heap size (-Xmx/-Xms)
#   Decrease number of Java threads
#   Decrease Java thread stack sizes (-Xss)
#   Set larger code cache with -XX:ReservedCodeCacheSize=
#   JVM is running with Zero Based Compressed Oops mode in which the Java heap is
#     placed in the first 32GB address space. The Java Heap base address is the
#     maximum limit for the native heap growth. Please use -XX:HeapBaseMinAddress
#     to set the Java Heap base and to place the Java Heap above 32GB virtual address.
# This output file may be truncated or incomplete.
#
#  Out of Memory Error (virtualSpaceNode.cpp:110), pid=22392, tid=26324
#
# JRE version: Java(TM) SE Runtime Environment (18.0.2+9) (build 18.0.2+9-61)
# Java VM: Java HotSpot(TM) 64-Bit Server VM (18.0.2+9-61, mixed mode, sharing, tiered, compressed oops, compressed class ptrs, g1 gc, windows-amd64)
# No core dump will be written. Minidumps are not enabled by default on client versions of Windows
#

---------------  S U M M A R Y ------------

Command Line: -Dfile.encoding=UTF-8 -XX:+ShowCodeDetailsInExceptionMessages com.contact.ContactServiceApplication

Host: 11th Gen Intel(R) Core(TM) i5-1135G7 @ 2.40GHz, 8 cores, 15G,  Windows 11 , 64 bit Build 22621 (10.0.22621.2215)
Time: Sat Sep 30 16:19:11 2023 India Standard Time elapsed time: 1.291938 seconds (0d 0h 0m 1s)

---------------  T H R E A D  ---------------

Current thread (0x0000022e56e79c20):  JavaThread "main" [_thread_in_vm, id=26324, stack(0x00000072bbf00000,0x00000072bc000000)]

Stack: [0x00000072bbf00000,0x00000072bc000000]
Native frames: (J=compiled Java code, j=interpreted, Vv=VM code, C=native code)
V  [jvm.dll+0x6993ca]
V  [jvm.dll+0x7f481d]
V  [jvm.dll+0x7f612e]
V  [jvm.dll+0x7f67e3]
V  [jvm.dll+0x25cdaf]
V  [jvm.dll+0x7f052b]
V  [jvm.dll+0x63f546]
V  [jvm.dll+0x1d741e]
V  [jvm.dll+0x641eeb]
V  [jvm.dll+0x641cee]
V  [jvm.dll+0x63ff0e]
V  [jvm.dll+0x38e1f2]
V  [jvm.dll+0x1fa45b]
V  [jvm.dll+0x55dc2e]
V  [jvm.dll+0x76e993]
V  [jvm.dll+0x76ea74]
V  [jvm.dll+0x42d7b4]
V  [jvm.dll+0x4334bf]
C  [java.dll+0x17ec]

Java frames: (J=compiled Java code, j=interpreted, Vv=VM code)
j  java.lang.ClassLoader.defineClass1(Ljava/lang/ClassLoader;Ljava/lang/String;[BIILjava/security/ProtectionDomain;Ljava/lang/String;)Ljava/lang/Class;+0 java.base@18.0.2
j  java.lang.ClassLoader.defineClass(Ljava/lang/String;[BIILjava/security/ProtectionDomain;)Ljava/lang/Class;+27 java.base@18.0.2
j  java.security.SecureClassLoader.defineClass(Ljava/lang/String;[BIILjava/security/CodeSource;)Ljava/lang/Class;+12 java.base@18.0.2
j  jdk.internal.loader.BuiltinClassLoader.defineClass(Ljava/lang/String;Ljdk/internal/loader/Resource;)Ljava/lang/Class;+117 java.base@18.0.2
j  jdk.internal.loader.BuiltinClassLoader.findClassOnClassPathOrNull(Ljava/lang/String;)Ljava/lang/Class;+37 java.base@18.0.2
j  jdk.internal.loader.BuiltinClassLoader.loadClassOrNull(Ljava/lang/String;Z)Ljava/lang/Class;+111 java.base@18.0.2
j  jdk.internal.loader.BuiltinClassLoader.loadClass(Ljava/lang/String;Z)Ljava/lang/Class;+3 java.base@18.0.2
j  jdk.internal.loader.ClassLoaders$AppClassLoader.loadClass(Ljava/lang/String;Z)Ljava/lang/Class;+36 java.base@18.0.2
j  java.lang.ClassLoader.loadClass(Ljava/lang/String;)Ljava/lang/Class;+3 java.base@18.0.2
v  ~StubRoutines::call_stub
j  ch.qos.logback.classic.BasicConfigurator.configure(Lch/qos/logback/classic/LoggerContext;)V+25
j  ch.qos.logback.classic.util.ContextInitializer.autoConfig()V+121
j  org.slf4j.impl.StaticLoggerBinder.init()V+11
j  org.slf4j.impl.StaticLoggerBinder.<clinit>()V+28
v  ~StubRoutines::call_stub
j  org.slf4j.LoggerFactory.bind()V+16
j  org.slf4j.LoggerFactory.performInitialization()V+0
j  org.slf4j.LoggerFactory.getILoggerFactory()Lorg/slf4j/ILoggerFactory;+21
j  org.slf4j.LoggerFactory.getLogger(Ljava/lang/String;)Lorg/slf4j/Logger;+0
j  org.apache.commons.logging.LogAdapter$Slf4jAdapter.createLocationAwareLog(Ljava/lang/String;)Lorg/apache/commons/logging/Log;+1
j  org.apache.commons.logging.LogAdapter.createLog(Ljava/lang/String;)Lorg/apache/commons/logging/Log;+42
j  org.apache.commons.logging.LogFactory.getLog(Ljava/lang/String;)Lorg/apache/commons/logging/Log;+1
j  org.apache.commons.logging.LogFactory.getLog(Ljava/lang/Class;)Lorg/apache/commons/logging/Log;+4
j  org.springframework.boot.SpringApplication.<clinit>()V+2
v  ~StubRoutines::call_stub
j  com.contact.ContactServiceApplication.main([Ljava/lang/String;)V+3
v  ~StubRoutines::call_stub

---------------  P R O C E S S  ---------------

Threads class SMR info:
_java_thread_list=0x0000022e7e229150, length=12, elements={
0x0000022e56e79c20, 0x0000022e79ac6c60, 0x0000022e79ac8db0, 0x0000022e79ae2210,
0x0000022e79ae2bb0, 0x0000022e79ae7d10, 0x0000022e79ae8e50, 0x0000022e79aed020,
0x0000022e79b1e920, 0x0000022e79b5e090, 0x0000022e7dde0250, 0x0000022e7dde4d30
}

Java Threads: ( => current thread )
=>0x0000022e56e79c20 JavaThread "main" [_thread_in_vm, id=26324, stack(0x00000072bbf00000,0x00000072bc000000)]
  0x0000022e79ac6c60 JavaThread "Reference Handler" daemon [_thread_blocked, id=8700, stack(0x00000072bc600000,0x00000072bc700000)]
  0x0000022e79ac8db0 JavaThread "Finalizer" daemon [_thread_blocked, id=20476, stack(0x00000072bc700000,0x00000072bc800000)]
  0x0000022e79ae2210 JavaThread "Signal Dispatcher" daemon [_thread_blocked, id=17444, stack(0x00000072bc800000,0x00000072bc900000)]
  0x0000022e79ae2bb0 JavaThread "Attach Listener" daemon [_thread_blocked, id=20376, stack(0x00000072bc900000,0x00000072bca00000)]
  0x0000022e79ae7d10 JavaThread "Service Thread" daemon [_thread_blocked, id=12676, stack(0x00000072bca00000,0x00000072bcb00000)]
  0x0000022e79ae8e50 JavaThread "Monitor Deflation Thread" daemon [_thread_blocked, id=12444, stack(0x00000072bcb00000,0x00000072bcc00000)]
  0x0000022e79aed020 JavaThread "C2 CompilerThread0" daemon [_thread_blocked, id=7004, stack(0x00000072bcc00000,0x00000072bcd00000)]
  0x0000022e79b1e920 JavaThread "C1 CompilerThread0" daemon [_thread_blocked, id=15648, stack(0x00000072bcd00000,0x00000072bce00000)]
  0x0000022e79b5e090 JavaThread "Sweeper thread" daemon [_thread_blocked, id=21904, stack(0x00000072bce00000,0x00000072bcf00000)]
  0x0000022e7dde0250 JavaThread "Notification Thread" daemon [_thread_blocked, id=9292, stack(0x00000072bcf00000,0x00000072bd000000)]
  0x0000022e7dde4d30 JavaThread "Common-Cleaner" daemon [_thread_blocked, id=23600, stack(0x00000072bd100000,0x00000072bd200000)]

Other Threads:
  0x0000022e56f03ed0 VMThread "VM Thread" [stack: 0x00000072bc500000,0x00000072bc600000] [id=17384]
  0x0000022e7dde0b20 WatcherThread "VM Periodic Task Thread" [stack: 0x00000072bd000000,0x00000072bd100000] [id=2512]
  0x0000022e56eeb400 WorkerThread "GC Thread#0" [stack: 0x00000072bc000000,0x00000072bc100000] [id=25288]
  0x0000022e56efbf80 ConcurrentGCThread "G1 Main Marker" [stack: 0x00000072bc100000,0x00000072bc200000] [id=16228]
  0x0000022e56efd980 WorkerThread "G1 Conc#0" [stack: 0x00000072bc200000,0x00000072bc300000] [id=24112]
  0x0000022e7997e160 ConcurrentGCThread "G1 Refine#0" [stack: 0x00000072bc300000,0x00000072bc400000] [id=12140]
  0x0000022e7997e980 ConcurrentGCThread "G1 Service" [stack: 0x00000072bc400000,0x00000072bc500000] [id=24200]

Threads with active compile tasks:

VM state: not at safepoint (normal execution)

VM Mutex/Monitor currently owned by a thread:  ([mutex/lock_event])
[0x0000022e56e73930] Metaspace_lock - owner thread: 0x0000022e56e79c20

Heap address: 0x0000000703a00000, size: 4038 MB, Compressed Oops mode: Zero based, Oop shift amount: 3

CDS archive(s) mapped at: [0x0000000800000000-0x0000000800ba0000-0x0000000800ba0000), size 12189696, SharedBaseAddress: 0x0000000800000000, ArchiveRelocationMode: 0.
Compressed class space mapped at: 0x0000000800c00000-0x0000000840c00000, reserved size: 1073741824
Narrow klass base: 0x0000000800000000, Narrow klass shift: 0, Narrow klass range: 0x100000000

GC Precious Log:
 CardTable entry size: 512
 Card Set container configuration: InlinePtr #cards 4 size 8 Array Of Cards #cards 16 size 48 Howl #buckets 8 coarsen threshold 3686 Howl Bitmap #cards 512 size 80 coarsen threshold 460 Card regions per heap region 1 cards per card region 4096
 CPUs: 8 total, 8 available
 Memory: 16151M
 Large Page Support: Disabled
 NUMA Support: Disabled
 Compressed Oops: Enabled (Zero based)
 Heap Region Size: 2M
 Heap Min Capacity: 8M
 Heap Initial Capacity: 254M
 Heap Max Capacity: 4038M
 Pre-touch: Disabled
 Parallel Workers: 8
 Concurrent Workers: 2
 Concurrent Refinement Workers: 8
 Periodic GC: Disabled

Heap:
 garbage-first heap   total 260096K, used 8192K [0x0000000703a00000, 0x0000000800000000)
  region size 2048K, 5 young (10240K), 0 survivors (0K)
 Metaspace       used 1600K, committed 1728K, reserved 1114112K
  class space    used 133K, committed 192K, reserved 1048576K

Heap Regions: E=young(eden), S=young(survivor), O=old, HS=humongous(starts), HC=humongous(continues), CS=collection set, F=free, OA=open archive, CA=closed archive, TAMS=top-at-mark-start (previous, next)
|   0|0x0000000703a00000, 0x0000000703a00000, 0x0000000703c00000|  0%| F|  |TAMS 0x0000000703a00000, 0x0000000703a00000| Untracked 
|   1|0x0000000703c00000, 0x0000000703c00000, 0x0000000703e00000|  0%| F|  |TAMS 0x0000000703c00000, 0x0000000703c00000| Untracked 
|   2|0x0000000703e00000, 0x0000000703e00000, 0x0000000704000000|  0%| F|  |TAMS 0x0000000703e00000, 0x0000000703e00000| Untracked 
|   3|0x0000000704000000, 0x0000000704000000, 0x0000000704200000|  0%| F|  |TAMS 0x0000000704000000, 0x0000000704000000| Untracked 
|   4|0x0000000704200000, 0x0000000704200000, 0x0000000704400000|  0%| F|  |TAMS 0x0000000704200000, 0x0000000704200000| Untracked 
|   5|0x0000000704400000, 0x0000000704400000, 0x0000000704600000|  0%| F|  |TAMS 0x0000000704400000, 0x0000000704400000| Untracked 
|   6|0x0000000704600000, 0x0000000704600000, 0x0000000704800000|  0%| F|  |TAMS 0x0000000704600000, 0x0000000704600000| Untracked 
|   7|0x0000000704800000, 0x0000000704800000, 0x0000000704a00000|  0%| F|  |TAMS 0x0000000704800000, 0x0000000704800000| Untracked 
|   8|0x0000000704a00000, 0x0000000704a00000, 0x0000000704c00000|  0%| F|  |TAMS 0x0000000704a00000, 0x0000000704a00000| Untracked 
|   9|0x0000000704c00000, 0x0000000704c00000, 0x0000000704e00000|  0%| F|  |TAMS 0x0000000704c00000, 0x0000000704c00000| Untracked 
|  10|0x0000000704e00000, 0x0000000704e00000, 0x0000000705000000|  0%| F|  |TAMS 0x0000000704e00000, 0x0000000704e00000| Untracked 
|  11|0x0000000705000000, 0x0000000705000000, 0x0000000705200000|  0%| F|  |TAMS 0x0000000705000000, 0x0000000705000000| Untracked 
|  12|0x0000000705200000, 0x0000000705200000, 0x0000000705400000|  0%| F|  |TAMS 0x0000000705200000, 0x0000000705200000| Untracked 
|  13|0x0000000705400000, 0x0000000705400000, 0x0000000705600000|  0%| F|  |TAMS 0x0000000705400000, 0x0000000705400000| Untracked 
|  14|0x0000000705600000, 0x0000000705600000, 0x0000000705800000|  0%| F|  |TAMS 0x0000000705600000, 0x0000000705600000| Untracked 
|  15|0x0000000705800000, 0x0000000705800000, 0x0000000705a00000|  0%| F|  |TAMS 0x0000000705800000, 0x0000000705800000| Untracked 
|  16|0x0000000705a00000, 0x0000000705a00000, 0x0000000705c00000|  0%| F|  |TAMS 0x0000000705a00000, 0x0000000705a00000| Untracked 
|  17|0x0000000705c00000, 0x0000000705c00000, 0x0000000705e00000|  0%| F|  |TAMS 0x0000000705c00000, 0x0000000705c00000| Untracked 
|  18|0x0000000705e00000, 0x0000000705e00000, 0x0000000706000000|  0%| F|  |TAMS 0x0000000705e00000, 0x0000000705e00000| Untracked 
|  19|0x0000000706000000, 0x0000000706000000, 0x0000000706200000|  0%| F|  |TAMS 0x0000000706000000, 0x0000000706000000| Untracked 
|  20|0x0000000706200000, 0x0000000706200000, 0x0000000706400000|  0%| F|  |TAMS 0x0000000706200000, 0x0000000706200000| Untracked 
|  21|0x0000000706400000, 0x0000000706400000, 0x0000000706600000|  0%| F|  |TAMS 0x0000000706400000, 0x0000000706400000| Untracked 
|  22|0x0000000706600000, 0x0000000706600000, 0x0000000706800000|  0%| F|  |TAMS 0x0000000706600000, 0x0000000706600000| Untracked 
|  23|0x0000000706800000, 0x0000000706800000, 0x0000000706a00000|  0%| F|  |TAMS 0x0000000706800000, 0x0000000706800000| Untracked 
|  24|0x0000000706a00000, 0x0000000706a00000, 0x0000000706c00000|  0%| F|  |TAMS 0x0000000706a00000, 0x0000000706a00000| Untracked 
|  25|0x0000000706c00000, 0x0000000706c00000, 0x0000000706e00000|  0%| F|  |TAMS 0x0000000706c00000, 0x0000000706c00000| Untracked 
|  26|0x0000000706e00000, 0x0000000706e00000, 0x0000000707000000|  0%| F|  |TAMS 0x0000000706e00000, 0x0000000706e00000| Untracked 
|  27|0x0000000707000000, 0x0000000707000000, 0x0000000707200000|  0%| F|  |TAMS 0x0000000707000000, 0x0000000707000000| Untracked 
|  28|0x0000000707200000, 0x0000000707200000, 0x0000000707400000|  0%| F|  |TAMS 0x0000000707200000, 0x0000000707200000| Untracked 
|  29|0x0000000707400000, 0x0000000707400000, 0x0000000707600000|  0%| F|  |TAMS 0x0000000707400000, 0x0000000707400000| Untracked 
|  30|0x0000000707600000, 0x0000000707600000, 0x0000000707800000|  0%| F|  |TAMS 0x0000000707600000, 0x0000000707600000| Untracked 
|  31|0x0000000707800000, 0x0000000707800000, 0x0000000707a00000|  0%| F|  |TAMS 0x0000000707800000, 0x0000000707800000| Untracked 
|  32|0x0000000707a00000, 0x0000000707a00000, 0x0000000707c00000|  0%| F|  |TAMS 0x0000000707a00000, 0x0000000707a00000| Untracked 
|  33|0x0000000707c00000, 0x0000000707c00000, 0x0000000707e00000|  0%| F|  |TAMS 0x0000000707c00000, 0x0000000707c00000| Untracked 
|  34|0x0000000707e00000, 0x0000000707e00000, 0x0000000708000000|  0%| F|  |TAMS 0x0000000707e00000, 0x0000000707e00000| Untracked 
|  35|0x0000000708000000, 0x0000000708000000, 0x0000000708200000|  0%| F|  |TAMS 0x0000000708000000, 0x0000000708000000| Untracked 
|  36|0x0000000708200000, 0x0000000708200000, 0x0000000708400000|  0%| F|  |TAMS 0x0000000708200000, 0x0000000708200000| Untracked 
|  37|0x0000000708400000, 0x0000000708400000, 0x0000000708600000|  0%| F|  |TAMS 0x0000000708400000, 0x0000000708400000| Untracked 
|  38|0x0000000708600000, 0x0000000708600000, 0x0000000708800000|  0%| F|  |TAMS 0x0000000708600000, 0x0000000708600000| Untracked 
|  39|0x0000000708800000, 0x0000000708800000, 0x0000000708a00000|  0%| F|  |TAMS 0x0000000708800000, 0x0000000708800000| Untracked 
|  40|0x0000000708a00000, 0x0000000708a00000, 0x0000000708c00000|  0%| F|  |TAMS 0x0000000708a00000, 0x0000000708a00000| Untracked 
|  41|0x0000000708c00000, 0x0000000708c00000, 0x0000000708e00000|  0%| F|  |TAMS 0x0000000708c00000, 0x0000000708c00000| Untracked 
|  42|0x0000000708e00000, 0x0000000708e00000, 0x0000000709000000|  0%| F|  |TAMS 0x0000000708e00000, 0x0000000708e00000| Untracked 
|  43|0x0000000709000000, 0x0000000709000000, 0x0000000709200000|  0%| F|  |TAMS 0x0000000709000000, 0x0000000709000000| Untracked 
|  44|0x0000000709200000, 0x0000000709200000, 0x0000000709400000|  0%| F|  |TAMS 0x0000000709200000, 0x0000000709200000| Untracked 
|  45|0x0000000709400000, 0x0000000709400000, 0x0000000709600000|  0%| F|  |TAMS 0x0000000709400000, 0x0000000709400000| Untracked 
|  46|0x0000000709600000, 0x0000000709600000, 0x0000000709800000|  0%| F|  |TAMS 0x0000000709600000, 0x0000000709600000| Untracked 
|  47|0x0000000709800000, 0x0000000709800000, 0x0000000709a00000|  0%| F|  |TAMS 0x0000000709800000, 0x0000000709800000| Untracked 
|  48|0x0000000709a00000, 0x0000000709a00000, 0x0000000709c00000|  0%| F|  |TAMS 0x0000000709a00000, 0x0000000709a00000| Untracked 
|  49|0x0000000709c00000, 0x0000000709c00000, 0x0000000709e00000|  0%| F|  |TAMS 0x0000000709c00000, 0x0000000709c00000| Untracked 
|  50|0x0000000709e00000, 0x0000000709e00000, 0x000000070a000000|  0%| F|  |TAMS 0x0000000709e00000, 0x0000000709e00000| Untracked 
|  51|0x000000070a000000, 0x000000070a000000, 0x000000070a200000|  0%| F|  |TAMS 0x000000070a000000, 0x000000070a000000| Untracked 
|  52|0x000000070a200000, 0x000000070a200000, 0x000000070a400000|  0%| F|  |TAMS 0x000000070a200000, 0x000000070a200000| Untracked 
|  53|0x000000070a400000, 0x000000070a400000, 0x000000070a600000|  0%| F|  |TAMS 0x000000070a400000, 0x000000070a400000| Untracked 
|  54|0x000000070a600000, 0x000000070a600000, 0x000000070a800000|  0%| F|  |TAMS 0x000000070a600000, 0x000000070a600000| Untracked 
|  55|0x000000070a800000, 0x000000070a800000, 0x000000070aa00000|  0%| F|  |TAMS 0x000000070a800000, 0x000000070a800000| Untracked 
|  56|0x000000070aa00000, 0x000000070aa00000, 0x000000070ac00000|  0%| F|  |TAMS 0x000000070aa00000, 0x000000070aa00000| Untracked 
|  57|0x000000070ac00000, 0x000000070ac00000, 0x000000070ae00000|  0%| F|  |TAMS 0x000000070ac00000, 0x000000070ac00000| Untracked 
|  58|0x000000070ae00000, 0x000000070ae00000, 0x000000070b000000|  0%| F|  |TAMS 0x000000070ae00000, 0x000000070ae00000| Untracked 
|  59|0x000000070b000000, 0x000000070b000000, 0x000000070b200000|  0%| F|  |TAMS 0x000000070b000000, 0x000000070b000000| Untracked 
|  60|0x000000070b200000, 0x000000070b200000, 0x000000070b400000|  0%| F|  |TAMS 0x000000070b200000, 0x000000070b200000| Untracked 
|  61|0x000000070b400000, 0x000000070b400000, 0x000000070b600000|  0%| F|  |TAMS 0x000000070b400000, 0x000000070b400000| Untracked 
|  62|0x000000070b600000, 0x000000070b600000, 0x000000070b800000|  0%| F|  |TAMS 0x000000070b600000, 0x000000070b600000| Untracked 
|  63|0x000000070b800000, 0x000000070b800000, 0x000000070ba00000|  0%| F|  |TAMS 0x000000070b800000, 0x000000070b800000| Untracked 
|  64|0x000000070ba00000, 0x000000070ba00000, 0x000000070bc00000|  0%| F|  |TAMS 0x000000070ba00000, 0x000000070ba00000| Untracked 
|  65|0x000000070bc00000, 0x000000070bc00000, 0x000000070be00000|  0%| F|  |TAMS 0x000000070bc00000, 0x000000070bc00000| Untracked 
|  66|0x000000070be00000, 0x000000070be00000, 0x000000070c000000|  0%| F|  |TAMS 0x000000070be00000, 0x000000070be00000| Untracked 
|  67|0x000000070c000000, 0x000000070c000000, 0x000000070c200000|  0%| F|  |TAMS 0x000000070c000000, 0x000000070c000000| Untracked 
|  68|0x000000070c200000, 0x000000070c200000, 0x000000070c400000|  0%| F|  |TAMS 0x000000070c200000, 0x000000070c200000| Untracked 
|  69|0x000000070c400000, 0x000000070c400000, 0x000000070c600000|  0%| F|  |TAMS 0x000000070c400000, 0x000000070c400000| Untracked 
|  70|0x000000070c600000, 0x000000070c600000, 0x000000070c800000|  0%| F|  |TAMS 0x000000070c600000, 0x000000070c600000| Untracked 
|  71|0x000000070c800000, 0x000000070c800000, 0x000000070ca00000|  0%| F|  |TAMS 0x000000070c800000, 0x000000070c800000| Untracked 
|  72|0x000000070ca00000, 0x000000070ca00000, 0x000000070cc00000|  0%| F|  |TAMS 0x000000070ca00000, 0x000000070ca00000| Untracked 
|  73|0x000000070cc00000, 0x000000070cc00000, 0x000000070ce00000|  0%| F|  |TAMS 0x000000070cc00000, 0x000000070cc00000| Untracked 
|  74|0x000000070ce00000, 0x000000070ce00000, 0x000000070d000000|  0%| F|  |TAMS 0x000000070ce00000, 0x000000070ce00000| Untracked 
|  75|0x000000070d000000, 0x000000070d000000, 0x000000070d200000|  0%| F|  |TAMS 0x000000070d000000, 0x000000070d000000| Untracked 
|  76|0x000000070d200000, 0x000000070d200000, 0x000000070d400000|  0%| F|  |TAMS 0x000000070d200000, 0x000000070d200000| Untracked 
|  77|0x000000070d400000, 0x000000070d400000, 0x000000070d600000|  0%| F|  |TAMS 0x000000070d400000, 0x000000070d400000| Untracked 
|  78|0x000000070d600000, 0x000000070d600000, 0x000000070d800000|  0%| F|  |TAMS 0x000000070d600000, 0x000000070d600000| Untracked 
|  79|0x000000070d800000, 0x000000070d800000, 0x000000070da00000|  0%| F|  |TAMS 0x000000070d800000, 0x000000070d800000| Untracked 
|  80|0x000000070da00000, 0x000000070da00000, 0x000000070dc00000|  0%| F|  |TAMS 0x000000070da00000, 0x000000070da00000| Untracked 
|  81|0x000000070dc00000, 0x000000070dc00000, 0x000000070de00000|  0%| F|  |TAMS 0x000000070dc00000, 0x000000070dc00000| Untracked 
|  82|0x000000070de00000, 0x000000070de00000, 0x000000070e000000|  0%| F|  |TAMS 0x000000070de00000, 0x000000070de00000| Untracked 
|  83|0x000000070e000000, 0x000000070e000000, 0x000000070e200000|  0%| F|  |TAMS 0x000000070e000000, 0x000000070e000000| Untracked 
|  84|0x000000070e200000, 0x000000070e200000, 0x000000070e400000|  0%| F|  |TAMS 0x000000070e200000, 0x000000070e200000| Untracked 
|  85|0x000000070e400000, 0x000000070e400000, 0x000000070e600000|  0%| F|  |TAMS 0x000000070e400000, 0x000000070e400000| Untracked 
|  86|0x000000070e600000, 0x000000070e600000, 0x000000070e800000|  0%| F|  |TAMS 0x000000070e600000, 0x000000070e600000| Untracked 
|  87|0x000000070e800000, 0x000000070e800000, 0x000000070ea00000|  0%| F|  |TAMS 0x000000070e800000, 0x000000070e800000| Untracked 
|  88|0x000000070ea00000, 0x000000070ea00000, 0x000000070ec00000|  0%| F|  |TAMS 0x000000070ea00000, 0x000000070ea00000| Untracked 
|  89|0x000000070ec00000, 0x000000070ec00000, 0x000000070ee00000|  0%| F|  |TAMS 0x000000070ec00000, 0x000000070ec00000| Untracked 
|  90|0x000000070ee00000, 0x000000070ee00000, 0x000000070f000000|  0%| F|  |TAMS 0x000000070ee00000, 0x000000070ee00000| Untracked 
|  91|0x000000070f000000, 0x000000070f000000, 0x000000070f200000|  0%| F|  |TAMS 0x000000070f000000, 0x000000070f000000| Untracked 
|  92|0x000000070f200000, 0x000000070f200000, 0x000000070f400000|  0%| F|  |TAMS 0x000000070f200000, 0x000000070f200000| Untracked 
|  93|0x000000070f400000, 0x000000070f400000, 0x000000070f600000|  0%| F|  |TAMS 0x000000070f400000, 0x000000070f400000| Untracked 
|  94|0x000000070f600000, 0x000000070f600000, 0x000000070f800000|  0%| F|  |TAMS 0x000000070f600000, 0x000000070f600000| Untracked 
|  95|0x000000070f800000, 0x000000070f800000, 0x000000070fa00000|  0%| F|  |TAMS 0x000000070f800000, 0x000000070f800000| Untracked 
|  96|0x000000070fa00000, 0x000000070fa00000, 0x000000070fc00000|  0%| F|  |TAMS 0x000000070fa00000, 0x000000070fa00000| Untracked 
|  97|0x000000070fc00000, 0x000000070fc00000, 0x000000070fe00000|  0%| F|  |TAMS 0x000000070fc00000, 0x000000070fc00000| Untracked 
|  98|0x000000070fe00000, 0x000000070fe00000, 0x0000000710000000|  0%| F|  |TAMS 0x000000070fe00000, 0x000000070fe00000| Untracked 
|  99|0x0000000710000000, 0x0000000710000000, 0x0000000710200000|  0%| F|  |TAMS 0x0000000710000000, 0x0000000710000000| Untracked 
| 100|0x0000000710200000, 0x0000000710200000, 0x0000000710400000|  0%| F|  |TAMS 0x0000000710200000, 0x0000000710200000| Untracked 
| 101|0x0000000710400000, 0x0000000710400000, 0x0000000710600000|  0%| F|  |TAMS 0x0000000710400000, 0x0000000710400000| Untracked 
| 102|0x0000000710600000, 0x0000000710600000, 0x0000000710800000|  0%| F|  |TAMS 0x0000000710600000, 0x0000000710600000| Untracked 
| 103|0x0000000710800000, 0x0000000710800000, 0x0000000710a00000|  0%| F|  |TAMS 0x0000000710800000, 0x0000000710800000| Untracked 
| 104|0x0000000710a00000, 0x0000000710a00000, 0x0000000710c00000|  0%| F|  |TAMS 0x0000000710a00000, 0x0000000710a00000| Untracked 
| 105|0x0000000710c00000, 0x0000000710c00000, 0x0000000710e00000|  0%| F|  |TAMS 0x0000000710c00000, 0x0000000710c00000| Untracked 
| 106|0x0000000710e00000, 0x0000000710e00000, 0x0000000711000000|  0%| F|  |TAMS 0x0000000710e00000, 0x0000000710e00000| Untracked 
| 107|0x0000000711000000, 0x0000000711000000, 0x0000000711200000|  0%| F|  |TAMS 0x0000000711000000, 0x0000000711000000| Untracked 
| 108|0x0000000711200000, 0x0000000711200000, 0x0000000711400000|  0%| F|  |TAMS 0x0000000711200000, 0x0000000711200000| Untracked 
| 109|0x0000000711400000, 0x0000000711400000, 0x0000000711600000|  0%| F|  |TAMS 0x0000000711400000, 0x0000000711400000| Untracked 
| 110|0x0000000711600000, 0x0000000711600000, 0x0000000711800000|  0%| F|  |TAMS 0x0000000711600000, 0x0000000711600000| Untracked 
| 111|0x0000000711800000, 0x0000000711800000, 0x0000000711a00000|  0%| F|  |TAMS 0x0000000711800000, 0x0000000711800000| Untracked 
| 112|0x0000000711a00000, 0x0000000711a00000, 0x0000000711c00000|  0%| F|  |TAMS 0x0000000711a00000, 0x0000000711a00000| Untracked 
| 113|0x0000000711c00000, 0x0000000711c00000, 0x0000000711e00000|  0%| F|  |TAMS 0x0000000711c00000, 0x0000000711c00000| Untracked 
| 114|0x0000000711e00000, 0x0000000711e00000, 0x0000000712000000|  0%| F|  |TAMS 0x0000000711e00000, 0x0000000711e00000| Untracked 
| 115|0x0000000712000000, 0x0000000712000000, 0x0000000712200000|  0%| F|  |TAMS 0x0000000712000000, 0x0000000712000000| Untracked 
| 116|0x0000000712200000, 0x0000000712200000, 0x0000000712400000|  0%| F|  |TAMS 0x0000000712200000, 0x0000000712200000| Untracked 
| 117|0x0000000712400000, 0x0000000712400000, 0x0000000712600000|  0%| F|  |TAMS 0x0000000712400000, 0x0000000712400000| Untracked 
| 118|0x0000000712600000, 0x0000000712600000, 0x0000000712800000|  0%| F|  |TAMS 0x0000000712600000, 0x0000000712600000| Untracked 
| 119|0x0000000712800000, 0x0000000712800000, 0x0000000712a00000|  0%| F|  |TAMS 0x0000000712800000, 0x0000000712800000| Untracked 
| 120|0x0000000712a00000, 0x0000000712a00000, 0x0000000712c00000|  0%| F|  |TAMS 0x0000000712a00000, 0x0000000712a00000| Untracked 
| 121|0x0000000712c00000, 0x0000000712c00000, 0x0000000712e00000|  0%| F|  |TAMS 0x0000000712c00000, 0x0000000712c00000| Untracked 
| 122|0x0000000712e00000, 0x0000000712ee1f68, 0x0000000713000000| 44%| E|  |TAMS 0x0000000712e00000, 0x0000000712e00000| Complete 
| 123|0x0000000713000000, 0x0000000713200000, 0x0000000713200000|100%| E|CS|TAMS 0x0000000713000000, 0x0000000713000000| Complete 
| 124|0x0000000713200000, 0x0000000713400000, 0x0000000713400000|100%| E|CS|TAMS 0x0000000713200000, 0x0000000713200000| Complete 
| 125|0x0000000713400000, 0x0000000713600000, 0x0000000713600000|100%| E|CS|TAMS 0x0000000713400000, 0x0000000713400000| Complete 
| 126|0x0000000713600000, 0x0000000713800000, 0x0000000713800000|100%| E|CS|TAMS 0x0000000713600000, 0x0000000713600000| Complete 

Card table byte_map: [0x0000022e6e2c0000,0x0000022e6eab0000] _byte_map_base: 0x0000022e6aaa3000

Marking Bits (Prev, Next): (CMBitMap*) 0x0000022e56eeba00, (CMBitMap*) 0x0000022e56eeba40
 Prev Bits: [0x0000022e6f2a0000, 0x0000022e731b8000)
 Next Bits: [0x0000022e731c0000, 0x0000022e770d8000)

Polling page: 0x0000022e56630000

Metaspace:

Usage:
  Non-class:      1.43 MB used.
      Class:    133.92 KB used.
       Both:      1.56 MB used.

Virtual space:
  Non-class space:       64.00 MB reserved,       1.50 MB (  2%) committed,  1 nodes.
      Class space:        1.00 GB reserved,     192.00 KB ( <1%) committed,  1 nodes.
             Both:        1.06 GB reserved,       1.69 MB ( <1%) committed. 

Chunk freelists:
   Non-Class:  3.53 MB
       Class:  3.67 MB
        Both:  7.20 MB

MaxMetaspaceSize: unlimited
CompressedClassSpaceSize: 1.00 GB
Initial GC threshold: 21.00 MB
Current GC threshold: 21.00 MB
CDS: on
MetaspaceReclaimPolicy: balanced
 - commit_granule_bytes: 65536.
 - commit_granule_words: 8192.
 - virtual_space_node_default_size: 8388608.
 - enlarge_chunks_in_place: 1.
 - new_chunks_are_fully_committed: 0.
 - uncommit_free_chunks: 1.
 - use_allocation_guard: 0.


Internal statistics:

num_allocs_failed_limit: 0.
num_arena_births: 10.
num_arena_deaths: 0.
num_vsnodes_births: 2.
num_vsnodes_deaths: 0.
num_space_committed: 27.
num_space_uncommitted: 0.
num_chunks_returned_to_freelist: 0.
num_chunks_taken_from_freelist: 38.
num_chunk_merges: 0.
num_chunk_splits: 22.
num_chunks_enlarged: 16.
num_inconsistent_stats: 0.

CodeHeap 'non-profiled nmethods': size=120000Kb used=141Kb max_used=141Kb free=119858Kb
 bounds [0x0000022e66270000, 0x0000022e664e0000, 0x0000022e6d7a0000]
CodeHeap 'profiled nmethods': size=120000Kb used=601Kb max_used=601Kb free=119398Kb
 bounds [0x0000022e5ed40000, 0x0000022e5efb0000, 0x0000022e66270000]
CodeHeap 'non-nmethods': size=5760Kb used=1140Kb max_used=1156Kb free=4620Kb
 bounds [0x0000022e5e7a0000, 0x0000022e5ea10000, 0x0000022e5ed40000]
 total_blobs=802 nmethods=402 adapters=313
 compilation: enabled
              stopped_count=0, restarted_count=0
 full_count=0

Compilation events (20 events):
Event: 1.239 Thread 0x0000022e79aed020  386   !   4       java.util.zip.ZipFile::getEntry (59 bytes)
Event: 1.240 Thread 0x0000022e79b1e920 nmethod 391 0x0000022e5edd1190 code [0x0000022e5edd13c0, 0x0000022e5edd1c58]
Event: 1.240 Thread 0x0000022e79b1e920  392       3       java.net.URL::isBuiltinStreamHandler (8 bytes)
Event: 1.240 Thread 0x0000022e79b1e920 nmethod 392 0x0000022e5edd1f90 code [0x0000022e5edd2140, 0x0000022e5edd2308]
Event: 1.240 Thread 0x0000022e79b1e920  393       3       sun.net.util.IPAddressUtil::checkHostString (53 bytes)
Event: 1.241 Thread 0x0000022e79b1e920 nmethod 393 0x0000022e5edd2410 code [0x0000022e5edd26c0, 0x0000022e5edd3248]
Event: 1.241 Thread 0x0000022e79b1e920  394       3       sun.net.util.IPAddressUtil::scan (92 bytes)
Event: 1.242 Thread 0x0000022e79b1e920 nmethod 394 0x0000022e5edd3690 code [0x0000022e5edd38e0, 0x0000022e5edd4478]
Event: 1.242 Thread 0x0000022e79b1e920  395       1       java.lang.NamedPackage::module (5 bytes)
Event: 1.242 Thread 0x0000022e79b1e920 nmethod 395 0x0000022e66290990 code [0x0000022e66290b20, 0x0000022e66290bf8]
Event: 1.242 Thread 0x0000022e79b1e920  398       3       java.lang.Integer::stringSize (47 bytes)
Event: 1.243 Thread 0x0000022e79b1e920 nmethod 398 0x0000022e5edd4990 code [0x0000022e5edd4b40, 0x0000022e5edd4d98]
Event: 1.243 Thread 0x0000022e79b1e920  399       3       java.lang.Integer::getChars (131 bytes)
Event: 1.243 Thread 0x0000022e79b1e920 nmethod 399 0x0000022e5edd4e90 code [0x0000022e5edd5060, 0x0000022e5edd5498]
Event: 1.247 Thread 0x0000022e79b1e920  400       3       java.lang.StringBuilder::append (8 bytes)
Event: 1.248 Thread 0x0000022e79b1e920 nmethod 400 0x0000022e5edd5710 code [0x0000022e5edd58a0, 0x0000022e5edd59e8]
Event: 1.248 Thread 0x0000022e79b1e920  402       3       java.util.jar.Attributes::getValue (9 bytes)
Event: 1.248 Thread 0x0000022e79b1e920 nmethod 402 0x0000022e5edd5a90 code [0x0000022e5edd5c40, 0x0000022e5edd5f68]
Event: 1.248 Thread 0x0000022e79b1e920  401       3       java.lang.AbstractStringBuilder::append (55 bytes)
Event: 1.248 Thread 0x0000022e79b1e920 nmethod 401 0x0000022e5edd6090 code [0x0000022e5edd6260, 0x0000022e5edd6598]

GC Heap History (0 events):
No events

Deoptimization events (20 events):
Event: 0.581 Thread 0x0000022e56e79c20 DEOPT PACKING pc=0x0000022e5ed5e28c sp=0x00000072bbffd770
Event: 0.581 Thread 0x0000022e56e79c20 DEOPT UNPACKING pc=0x0000022e5e7f6763 sp=0x00000072bbffcc00 mode 0
Event: 0.581 Thread 0x0000022e56e79c20 DEOPT PACKING pc=0x0000022e5ed5e28c sp=0x00000072bbffd770
Event: 0.581 Thread 0x0000022e56e79c20 DEOPT UNPACKING pc=0x0000022e5e7f6763 sp=0x00000072bbffcc00 mode 0
Event: 0.581 Thread 0x0000022e56e79c20 DEOPT PACKING pc=0x0000022e5ed5e28c sp=0x00000072bbffd770
Event: 0.581 Thread 0x0000022e56e79c20 DEOPT UNPACKING pc=0x0000022e5e7f6763 sp=0x00000072bbffcc00 mode 0
Event: 0.581 Thread 0x0000022e56e79c20 DEOPT PACKING pc=0x0000022e5ed5e28c sp=0x00000072bbffd770
Event: 0.581 Thread 0x0000022e56e79c20 DEOPT UNPACKING pc=0x0000022e5e7f6763 sp=0x00000072bbffcc00 mode 0
Event: 0.581 Thread 0x0000022e56e79c20 DEOPT PACKING pc=0x0000022e5ed5e28c sp=0x00000072bbffd770
Event: 0.581 Thread 0x0000022e56e79c20 DEOPT UNPACKING pc=0x0000022e5e7f6763 sp=0x00000072bbffcc00 mode 0
Event: 0.677 Thread 0x0000022e56e79c20 DEOPT PACKING pc=0x0000022e5ed4aae7 sp=0x00000072bbffd6a0
Event: 0.677 Thread 0x0000022e56e79c20 DEOPT UNPACKING pc=0x0000022e5e7f6763 sp=0x00000072bbffcac0 mode 0
Event: 1.041 Thread 0x0000022e56e79c20 Uncommon trap: trap_request=0xffffff45 fr.pc=0x0000022e66288e88 relative=0x0000000000000268
Event: 1.041 Thread 0x0000022e56e79c20 Uncommon trap: reason=unstable_if action=reinterpret pc=0x0000022e66288e88 method=java.io.BufferedReader.read()I @ 19 c2
Event: 1.041 Thread 0x0000022e56e79c20 DEOPT PACKING pc=0x0000022e66288e88 sp=0x00000072bbffc1b0
Event: 1.041 Thread 0x0000022e56e79c20 DEOPT UNPACKING pc=0x0000022e5e7f5c23 sp=0x00000072bbffc0f0 mode 2
Event: 1.042 Thread 0x0000022e56e79c20 Uncommon trap: trap_request=0xffffff45 fr.pc=0x0000022e66288898 relative=0x0000000000000278
Event: 1.042 Thread 0x0000022e56e79c20 Uncommon trap: reason=unstable_if action=reinterpret pc=0x0000022e66288898 method=java.io.BufferedReader.read()I @ 19 c2
Event: 1.042 Thread 0x0000022e56e79c20 DEOPT PACKING pc=0x0000022e66288898 sp=0x00000072bbffbfe0
Event: 1.042 Thread 0x0000022e56e79c20 DEOPT UNPACKING pc=0x0000022e5e7f5c23 sp=0x00000072bbffbf98 mode 2

Classes loaded (20 events):
Event: 1.046 Loading class java/util/PropertyPermissionCollection
Event: 1.046 Loading class java/util/PropertyPermissionCollection done
Event: 1.046 Loading class java/util/PropertyPermissionCollection$1
Event: 1.046 Loading class java/util/PropertyPermissionCollection$1 done
Event: 1.046 Loading class sun/net/www/protocol/file/FileURLConnection
Event: 1.046 Loading class sun/net/www/URLConnection
Event: 1.046 Loading class java/net/URLConnection
Event: 1.047 Loading class java/net/URLConnection done
Event: 1.047 Loading class sun/net/www/URLConnection done
Event: 1.047 Loading class sun/net/www/protocol/file/FileURLConnection done
Event: 1.047 Loading class sun/net/www/MessageHeader
Event: 1.047 Loading class sun/net/www/MessageHeader done
Event: 1.048 Loading class java/io/FilePermissionCollection
Event: 1.048 Loading class java/io/FilePermissionCollection done
Event: 1.048 Loading class java/io/FilePermissionCollection$1
Event: 1.048 Loading class java/io/FilePermissionCollection$1 done
Event: 1.048 Loading class java/security/PermissionsEnumerator
Event: 1.048 Loading class java/security/PermissionsEnumerator done
Event: 1.243 Loading class java/util/concurrent/atomic/AtomicBoolean
Event: 1.243 Loading class java/util/concurrent/atomic/AtomicBoolean done

Classes unloaded (0 events):
No events

Classes redefined (0 events):
No events

Internal exceptions (2 events):
Event: 1.035 Thread 0x0000022e56e79c20 Exception <a 'java/lang/ClassNotFoundException'{0x0000000712e4f168}: javax/smartcardio/CardPermission> (0x0000000712e4f168) 
thrown [s\open\src\hotspot\share\classfile\systemDictionary.cpp, line 255]
Event: 1.043 Thread 0x0000022e56e79c20 Exception <a 'java/io/FileNotFoundException'{0x0000000712e5d6b8}> (0x0000000712e5d6b8) 
thrown [s\open\src\hotspot\share\prims\jni.cpp, line 516]

VM Operations (2 events):
Event: 0.574 Executing VM operation: HandshakeAllThreads
Event: 0.574 Executing VM operation: HandshakeAllThreads done

Events (20 events):
Event: 0.098 Loaded shared library C:\Program Files\Java\jdk-18.0.2\bin\jsvml.dll
Event: 0.099 Thread 0x0000022e56e79c20 Thread added: 0x0000022e56e79c20
Event: 0.103 Thread 0x0000022e79ac6c60 Thread added: 0x0000022e79ac6c60
Event: 0.103 Thread 0x0000022e79ac8db0 Thread added: 0x0000022e79ac8db0
Event: 0.122 Thread 0x0000022e79ae2210 Thread added: 0x0000022e79ae2210
Event: 0.122 Thread 0x0000022e79ae2bb0 Thread added: 0x0000022e79ae2bb0
Event: 0.122 Thread 0x0000022e79ae7d10 Thread added: 0x0000022e79ae7d10
Event: 0.122 Thread 0x0000022e79ae8e50 Thread added: 0x0000022e79ae8e50
Event: 0.122 Thread 0x0000022e79aed020 Thread added: 0x0000022e79aed020
Event: 0.123 Thread 0x0000022e79b1e920 Thread added: 0x0000022e79b1e920
Event: 0.131 Thread 0x0000022e79b5e090 Thread added: 0x0000022e79b5e090
Event: 0.397 Thread 0x0000022e7dde0250 Thread added: 0x0000022e7dde0250
Event: 0.512 Thread 0x0000022e7dde4d30 Thread added: 0x0000022e7dde4d30
Event: 0.525 Loaded shared library C:\Program Files\Java\jdk-18.0.2\bin\net.dll
Event: 0.530 Loaded shared library C:\Program Files\Java\jdk-18.0.2\bin\nio.dll
Event: 0.538 Loaded shared library C:\Program Files\Java\jdk-18.0.2\bin\zip.dll
Event: 0.641 Thread 0x0000022e7df4df80 Thread added: 0x0000022e7df4df80
Event: 0.812 Loaded shared library C:\Program Files\Java\jdk-18.0.2\bin\verify.dll
Event: 0.855 Loaded shared library C:\Program Files\Java\jdk-18.0.2\bin\jimage.dll
Event: 1.197 Thread 0x0000022e7df4df80 Thread exited: 0x0000022e7df4df80


Dynamic libraries:
0x00007ff774d70000 - 0x00007ff774d80000 	C:\Program Files\Java\jdk-18.0.2\bin\javaw.exe
0x00007ffea8430000 - 0x00007ffea8644000 	C:\WINDOWS\SYSTEM32\ntdll.dll
0x00007ffea64b0000 - 0x00007ffea6574000 	C:\WINDOWS\System32\KERNEL32.DLL
0x00007ffea5b80000 - 0x00007ffea5f24000 	C:\WINDOWS\System32\KERNELBASE.dll
0x00007ffea5fe0000 - 0x00007ffea60f1000 	C:\WINDOWS\System32\ucrtbase.dll
0x00007ffe86360000 - 0x00007ffe8637a000 	C:\Program Files\Java\jdk-18.0.2\bin\VCRUNTIME140.dll
0x00007ffe86340000 - 0x00007ffe86358000 	C:\Program Files\Java\jdk-18.0.2\bin\jli.dll
0x00007ffea8070000 - 0x00007ffea8120000 	C:\WINDOWS\System32\ADVAPI32.dll
0x00007ffea6fb0000 - 0x00007ffea7057000 	C:\WINDOWS\System32\msvcrt.dll
0x00007ffea7300000 - 0x00007ffea73a6000 	C:\WINDOWS\System32\sechost.dll
0x00007ffea79f0000 - 0x00007ffea7b07000 	C:\WINDOWS\System32\RPCRT4.dll
0x00007ffea7060000 - 0x00007ffea720e000 	C:\WINDOWS\System32\USER32.dll
0x00007ffea5f30000 - 0x00007ffea5f56000 	C:\WINDOWS\System32\win32u.dll
0x00007ffe86cb0000 - 0x00007ffe86f43000 	C:\WINDOWS\WinSxS\amd64_microsoft.windows.common-controls_6595b64144ccf1df_6.0.22621.2215_none_270d72677387dfc3\COMCTL32.dll
0x00007ffea6e80000 - 0x00007ffea6ea9000 	C:\WINDOWS\System32\GDI32.dll
0x00007ffea5880000 - 0x00007ffea5998000 	C:\WINDOWS\System32\gdi32full.dll
0x00007ffea57e0000 - 0x00007ffea587a000 	C:\WINDOWS\System32\msvcp_win.dll
0x00007ffe9db80000 - 0x00007ffe9db8a000 	C:\WINDOWS\SYSTEM32\VERSION.dll
0x00007ffea6610000 - 0x00007ffea6641000 	C:\WINDOWS\System32\IMM32.DLL
0x00007ffe88cc0000 - 0x00007ffe88ccc000 	C:\Program Files\Java\jdk-18.0.2\bin\vcruntime140_1.dll
0x00007ffe5f820000 - 0x00007ffe5f8ad000 	C:\Program Files\Java\jdk-18.0.2\bin\msvcp140.dll
0x00007ffe35e00000 - 0x00007ffe36a11000 	C:\Program Files\Java\jdk-18.0.2\bin\server\jvm.dll
0x00007ffea8120000 - 0x00007ffea8128000 	C:\WINDOWS\System32\PSAPI.DLL
0x00007ffea0600000 - 0x00007ffea0609000 	C:\WINDOWS\SYSTEM32\WSOCK32.dll
0x00007ffea6f10000 - 0x00007ffea6f81000 	C:\WINDOWS\System32\WS2_32.dll
0x00007ffe9f210000 - 0x00007ffe9f244000 	C:\WINDOWS\SYSTEM32\WINMM.dll
0x00007ffea4800000 - 0x00007ffea4818000 	C:\WINDOWS\SYSTEM32\kernel.appcore.dll
0x00007ffe8b520000 - 0x00007ffe8b52a000 	C:\Program Files\Java\jdk-18.0.2\bin\jimage.dll
0x00007ffea31e0000 - 0x00007ffea340e000 	C:\WINDOWS\SYSTEM32\DBGHELP.DLL
0x00007ffea7b10000 - 0x00007ffea7e9a000 	C:\WINDOWS\System32\combase.dll
0x00007ffea7210000 - 0x00007ffea72e7000 	C:\WINDOWS\System32\OLEAUT32.dll
0x00007ffe82b60000 - 0x00007ffe82b92000 	C:\WINDOWS\SYSTEM32\dbgcore.DLL
0x00007ffea5f60000 - 0x00007ffea5fda000 	C:\WINDOWS\System32\bcryptPrimitives.dll
0x00007ffe8b430000 - 0x00007ffe8b455000 	C:\Program Files\Java\jdk-18.0.2\bin\java.dll
0x00007ffe7f560000 - 0x00007ffe7f636000 	C:\Program Files\Java\jdk-18.0.2\bin\jsvml.dll
0x00007ffea6650000 - 0x00007ffea6e73000 	C:\WINDOWS\System32\SHELL32.dll
0x00007ffea3720000 - 0x00007ffea400a000 	C:\WINDOWS\SYSTEM32\windows.storage.dll
0x00007ffea35e0000 - 0x00007ffea371e000 	C:\WINDOWS\SYSTEM32\wintypes.dll
0x00007ffea8290000 - 0x00007ffea8383000 	C:\WINDOWS\System32\SHCORE.dll
0x00007ffea8390000 - 0x00007ffea83ee000 	C:\WINDOWS\System32\shlwapi.dll
0x00007ffea5710000 - 0x00007ffea5736000 	C:\WINDOWS\SYSTEM32\profapi.dll
0x00007ffe8b410000 - 0x00007ffe8b423000 	C:\Program Files\Java\jdk-18.0.2\bin\net.dll
0x00007ffe9fdf0000 - 0x00007ffe9ff27000 	C:\WINDOWS\SYSTEM32\WINHTTP.dll
0x00007ffea4d20000 - 0x00007ffea4d89000 	C:\WINDOWS\system32\mswsock.dll
0x00007ffe8b3f0000 - 0x00007ffe8b406000 	C:\Program Files\Java\jdk-18.0.2\bin\nio.dll
0x00007ffe861c0000 - 0x00007ffe861d8000 	C:\Program Files\Java\jdk-18.0.2\bin\zip.dll
0x00007ffea00a0000 - 0x00007ffea00b0000 	C:\Program Files\Java\jdk-18.0.2\bin\verify.dll

dbghelp: loaded successfully - version: 4.0.5 - missing functions: none
symbol engine: initialized successfully - sym options: 0x614 - pdb path: .;C:\Program Files\Java\jdk-18.0.2\bin;C:\WINDOWS\SYSTEM32;C:\WINDOWS\WinSxS\amd64_microsoft.windows.common-controls_6595b64144ccf1df_6.0.22621.2215_none_270d72677387dfc3;C:\Program Files\Java\jdk-18.0.2\bin\server

VM Arguments:
jvm_args: -Dfile.encoding=UTF-8 -XX:+ShowCodeDetailsInExceptionMessages 
java_command: com.contact.ContactServiceApplication
java_class_path (initial): C:\Users\HP-PC\OneDrive\Desktop\springbootmicro\contact_service\contact_service\target\classes;C:\Users\HP-PC\.m2\repository\org\springframework\cloud\spring-cloud-starter-netflix-eureka-client\3.0.2\spring-cloud-starter-netflix-eureka-client-3.0.2.jar;C:\Users\HP-PC\.m2\repository\org\springframework\cloud\spring-cloud-starter\3.0.2\spring-cloud-starter-3.0.2.jar;C:\Users\HP-PC\.m2\repository\org\springframework\cloud\spring-cloud-context\3.0.2\spring-cloud-context-3.0.2.jar;C:\Users\HP-PC\.m2\repository\org\springframework\security\spring-security-crypto\5.4.5\spring-security-crypto-5.4.5.jar;C:\Users\HP-PC\.m2\repository\org\springframework\cloud\spring-cloud-commons\3.0.2\spring-cloud-commons-3.0.2.jar;C:\Users\HP-PC\.m2\repository\org\springframework\security\spring-security-rsa\1.0.9.RELEASE\spring-security-rsa-1.0.9.RELEASE.jar;C:\Users\HP-PC\.m2\repository\org\bouncycastle\bcpkix-jdk15on\1.64\bcpkix-jdk15on-1.64.jar;C:\Users\HP-PC\.m2\repository\org\bouncycastle\bcprov-jdk15on\1.64\bcprov-jdk15on-1.64.jar;C:\Users\HP-PC\.m2\repository\org\springframework\cloud\spring-cloud-netflix-eureka-client\3.0.2\spring-cloud-netflix-eureka-client-3.0.2.jar;C:\Users\HP-PC\.m2\repository\com\netflix\eureka\eureka-client\1.10.11\eureka-client-1.10.11.jar;C:\Users\HP-PC\.m2\repository\com\netflix\netflix-commons\netflix-eventbus\0.3.0\netflix-eventbus-0.3.0.jar;C:\Users\HP-PC\.m2\repository\com\netflix\netflix-commons\netflix-infix\0.3.0\netflix-infix-0.3.0.jar;C:\Users\HP-PC\.m2\repository\commons-jxpath\commons-jxpath\1.3\commons-jxpath-1.3.jar;C:\Users\HP-PC\.m2\repository\joda-time\joda-time\2.3\joda-time-2.3.jar;C:\Users\HP-PC\.m2\repository\org\antlr\antlr-runtime\3.4\antlr-runtime-3.4.jar;C:\Users\HP-PC\.m2\repository\org\antlr\stringtemplate\3.2.1\stringtemplate-3.2.1.jar;C:\Users\HP-PC\.m2\repository\antlr\antlr\2.7.7\antlr-2.7.7.jar;C:\Users\HP-PC\.m2\repository\com\google\code\gson\gson\2.8.6\gson-2.8.6.jar;C:\Users\HP-PC\.m2\repository\org\apache\commons\commons-math\2.2\commons-math-2.2.jar;C:\Users\HP-PC\.m2\repository\com\thoughtworks\xstream\xstream\1.4.14\xstream-1.4.14.jar;C:\Users\HP-PC\.m2\repository\xmlpull\xmlpull\1.1.3.1\xmlpull-1.1.3.1.jar;C:\Users\HP-PC\.m2\repository\xpp3\xpp3_min\1.1.4c\xpp3_min-1.1.4c.jar;C:\Users\HP-PC\.m2\repository\javax\ws\rs\jsr311-api\1.1.1\jsr311-api-1.1.1.jar;C:\Users\HP-PC\.m2\repository\com\netflix\servo\servo-core\0.12.21\servo-core-0.12.21.jar;C:\Users\HP-PC\.m2\repository\com\google\guava\guava\19.0\guava-19.0.jar;C:\Users\HP-PC\.m2\repository\org\apache\httpcomponents\httpclient\4.5.13\httpclient-4.5.13.jar;C:\Users\HP-PC\.m2\repository\org\apache\httpcomponents\httpcore\4.4.14\httpcore-4.4.14.jar;C:\Users\HP-PC\.m2\repository\commons-codec\commons-codec\1.15\commons-codec-1.15.jar;C:\Users\HP-PC\.m2\repository\commons-configuration\commons-configuration\1.10\commons-configuration-1.10.jar;C:\Users\HP-PC\.m2\repository\commons-lang\commons-lang\2.6\commons-lang-2.6.jar;C:\Users\HP-PC\.m2\repository\com\google\inject\guice\4.1.0\guice-4.1.0.jar;C:\Users\HP-PC\.m2\repository\javax\inject\javax.inject\1\javax.inject-1.jar;C:\Users\HP-PC\.m2\repository\aopalliance\aopalliance\1.0\aopalliance-1.0.jar;C:\Users\HP-PC\.m2\repository\com\fasterxml\jackson\core\jackson-annotations\2.11.4\jackson-annotations-2.11.4.jar;C:\Users\HP-PC\.m2\repository\com\fasterxml\jackson\core\jackson-core\2.11.4\jackson-core-2.11.4.jar;C:\Users\HP-PC\.m2\repository\com\fasterxml\jackson\core\jackson-databind\2.11.4\jackson-databind-2.11.4.jar;C:\Users\HP-PC\.m2\repository\org\codehaus\jettison\jettison\1.4.0\jettison-1.4.0.jar;C:\Users\HP-PC\.m2\repository\com\netflix\eureka\eureka-core\1.10.11\eureka-core-1.10.11.jar;C:\Users\HP-PC\.m2\repository\com\fasterxml\woodstox\woodstox-core\5.3.0\woodstox-core-5.3.0.jar;C:\Users\HP-PC\.m2\repository\org\codehaus\woodstox\stax2-api\4.2\stax2-api-4.2.jar;C:\Users\HP-PC\.m2\repository\org\springframework\cloud\spring-cloud-starter-loadbalancer\3.0.2\spring-cloud-starter-loadbalancer-3.0.2.jar;C:\Users\HP-PC\.m2\repository\org\springframework\cloud\spring-cloud-loadbalancer\3.0.2\spring-cloud-loadbalancer-3.0.2.jar;C:\Users\HP-PC\.m2\repository\org\springframework\boot\spring-boot-starter-validation\2.4.4\spring-boot-starter-validation-2.4.4.jar;C:\Users\HP-PC\.m2\repository\org\hibernate\validator\hibernate-validator\6.1.7.Final\hibernate-validator-6.1.7.Final.jar;C:\Users\HP-PC\.m2\repository\jakarta\validation\jakarta.validation-api\2.0.2\jakarta.validation-api-2.0.2.jar;C:\Users\HP-PC\.m2\repository\org\jboss\logging\jboss-logging\3.4.1.Final\jboss-logging-3.4.1.Final.jar;C:\Users\HP-PC\.m2\repository\com\fasterxml\classmate\1.5.1\classmate-1.5.1.jar;C:\Users\HP-PC\.m2\repository\io\projectreactor\reactor-core\3.4.4\reactor-core-3.4.4.jar;C:\Users\HP-PC\.m2\repository\org\reactivestreams\reactive-streams\1.0.3\reactive-streams-1.0.3.jar;C:\Users\HP-PC\.m2\repository\io\projectreactor\addons\reactor-extra\3.4.2\reactor-extra-3.4.2.jar;C:\Users\HP-PC\.m2\repository\org\springframework\boot\spring-boot-starter-cache\2.4.4\spring-boot-starter-cache-2.4.4.jar;C:\Users\HP-PC\.m2\repository\org\springframework\spring-context-support\5.3.5\spring-context-support-5.3.5.jar;C:\Users\HP-PC\.m2\repository\com\stoyanr\evictor\1.0.0\evictor-1.0.0.jar;C:\Users\HP-PC\.m2\repository\org\springframework\boot\spring-boot-starter-web\2.4.4\spring-boot-starter-web-2.4.4.jar;C:\Users\HP-PC\.m2\repository\org\springframework\boot\spring-boot-starter\2.4.4\spring-boot-starter-2.4.4.jar;C:\Users\HP-PC\.m2\repository\org\springframework\boot\spring-boot\2.4.4\spring-boot-2.4.4.jar;C:\Users\HP-PC\.m2\repository\org\springframework\boot\spring-boot-autoconfigure\2.4.4\spring-boot-autoconfigure-2.4.4.jar;C:\Users\HP-PC\.m2\repository\org\springframework\boot\spring-boot-starter-logging\2.4.4\spring-boot-starter-logging-2.4.4.jar;C:\Users\HP-PC\.m2\repository\ch\qos\logback\logback-classic\1.2.3\logback-classic-1.2.3.jar;C:\Users\HP-PC\.m2\repository\ch\qos\logback\logback-core\1.2.3\logback-core-1.2.3.jar;C:\Users\HP-PC\.m2\repository\org\apache\logging\log4j\log4j-to-slf4j\2.13.3\log4j-to-slf4j-2.13.3.jar;C:\Users\HP-PC\.m2\repository\org\apache\logging\log4j\log4j-api\2.13.3\log4j-api-2.13.3.jar;C:\Users\HP-PC\.m2\repository\org\slf4j\jul-to-slf4j\1.7.30\jul-to-slf4j-1.7.30.jar;C:\Users\HP-PC\.m2\repository\jakarta\annotation\jakarta.annotation-api\1.3.5\jakarta.annotation-api-1.3.5.jar;C:\Users\HP-PC\.m2\repository\org\yaml\snakeyaml\1.27\snakeyaml-1.27.jar;C:\Users\HP-PC\.m2\repository\org\springframework\boot\spring-boot-starter-json\2.4.4\spring-boot-starter-json-2.4.4.jar;C:\Users\HP-PC\.m2\repository\com\fasterxml\jackson\datatype\jackson-datatype-jdk8\2.11.4\jackson-datatype-jdk8-2.11.4.jar;C:\Users\HP-PC\.m2\repository\com\fasterxml\jackson\datatype\jackson-datatype-jsr310\2.11.4\jackson-datatype-jsr310-2.11.4.jar;C:\Users\HP-PC\.m2\repository\com\fasterxml\jackson\module\jackson-module-parameter-names\2.11.4\jackson-module-parameter-names-2.11.4.jar;C:\Users\HP-PC\.m2\repository\org\springframework\boot\spring-boot-starter-tomcat\2.4.4\spring-boot-starter-tomcat-2.4.4.jar;C:\Users\HP-PC\.m2\repository\org\apache\tomcat\embed\tomcat-embed-core\9.0.44\tomcat-embed-core-9.0.44.jar;C:\Users\HP-PC\.m2\repository\org\glassfish\jakarta.el\3.0.3\jakarta.el-3.0.3.jar;C:\Users\HP-PC\.m2\repository\org\apache\tomcat\embed\tomcat-embed-websocket\9.0.44\tomcat-embed-websocket-9.0.44.jar;C:\Users\HP-PC\.m2\repository\org\springframework\spring-web\5.3.5\spring-web-5.3.5.jar;C:\Users\HP-PC\.m2\repository\org\springframework\spring-beans\5.3.5\spring-beans-5.3.5.jar;C:\Users\HP-PC\.m2\repository\org\springframework\spring-webmvc\5.3.5\spring-webmvc-5.3.5.jar;C:\Users\HP-PC\.m2\repository\org\springframework\spring-aop\5.3.5\spring-aop-5.3.5.jar;C:\Users\HP-PC\.m2\repository\org\springframework\spring-context\5.3.5\spring-context-5.3.5.jar;C:\Users\HP-PC\.m2\repository\org\springframework\spring-expression\5.3.5\spring-expression-5.3.5.jar;C:\Users\HP-PC\.m2\repository\org\slf4j\slf4j-api\1.7.30\slf4j-api-1.7.30.jar;C:\Users\HP-PC\.m2\repository\org\springframework\spring-core\5.3.5\spring-core-5.3.5.jar;C:\Users\HP-PC\.m2\repository\org\springframework\spring-jcl\5.3.5\spring-jcl-5.3.5.jar
Launcher Type: SUN_STANDARD

[Global flags]
     intx CICompilerCount                          = 4                                         {product} {ergonomic}
     uint ConcGCThreads                            = 2                                         {product} {ergonomic}
     uint G1ConcRefinementThreads                  = 8                                         {product} {ergonomic}
   size_t G1HeapRegionSize                         = 2097152                                   {product} {ergonomic}
    uintx GCDrainStackTargetSize                   = 64                                        {product} {ergonomic}
   size_t InitialHeapSize                          = 266338304                                 {product} {ergonomic}
   size_t MarkStackSize                            = 4194304                                   {product} {ergonomic}
   size_t MaxHeapSize                              = 4234149888                                {product} {ergonomic}
   size_t MaxNewSize                               = 2539651072                                {product} {ergonomic}
   size_t MinHeapDeltaBytes                        = 2097152                                   {product} {ergonomic}
   size_t MinHeapSize                              = 8388608                                   {product} {ergonomic}
    uintx NonNMethodCodeHeapSize                   = 5839372                                {pd product} {ergonomic}
    uintx NonProfiledCodeHeapSize                  = 122909434                              {pd product} {ergonomic}
    uintx ProfiledCodeHeapSize                     = 122909434                              {pd product} {ergonomic}
    uintx ReservedCodeCacheSize                    = 251658240                              {pd product} {ergonomic}
     bool SegmentedCodeCache                       = true                                      {product} {ergonomic}
     bool ShowCodeDetailsInExceptionMessages       = true                                   {manageable} {command line}
   size_t SoftMaxHeapSize                          = 4234149888                             {manageable} {ergonomic}
     bool UseCompressedClassPointers               = true                           {product lp64_product} {ergonomic}
     bool UseCompressedOops                        = true                           {product lp64_product} {ergonomic}
     bool UseG1GC                                  = true                                      {product} {ergonomic}
     bool UseLargePagesIndividualAllocation        = false                                  {pd product} {ergonomic}

Logging:
Log output configuration:
 #0: stdout all=warning uptime,level,tags foldmultilines=false
 #1: stderr all=off uptime,level,tags foldmultilines=false

Environment Variables:
PATH=C:/Program Files/Java/jdk-18.0.2/bin/server;C:/Program Files/Java/jdk-18.0.2/bin;C:\Program Files (x86)\VMware\VMware Workstation\bin\;C:\Program Files\Common Files\Oracle\Java\javapath;C:\WINDOWS\system32;C:\WINDOWS;C:\WINDOWS\System32\Wbem;C:\WINDOWS\System32\WindowsPowerShell\v1.0\;C:\WINDOWS\System32\OpenSSH\;C:\Users\HP-PC\Downloads\jdk-18_windows-x64_bin.exe;C:\Program Files\MySQL\MySQL Server 8.0\bin;C:\Program Files\Docker\Docker\resources\bin;C:\Program Files\MySQL\MySQL Shell 8.0\bin\;C:\Users\HP-PC\AppData\Local\Programs\Python\Python310\Scripts\;C:\Users\HP-PC\AppData\Local\Programs\Python\Python310\;C:\Users\HP-PC\AppData\Local\Microsoft\WindowsApps;C:\Users\HP-PC\AppData\Local\Programs\Microsoft VS Code\bin;;C:\Program Files\JetBrains\IntelliJ IDEA 2023.2.2\bin;;C:\Users\HP-PC\OneDrive\Desktop;
USERNAME=HP-PC
OS=Windows_NT
PROCESSOR_IDENTIFIER=Intel64 Family 6 Model 140 Stepping 1, GenuineIntel



---------------  S Y S T E M  ---------------

OS:
 Windows 11 , 64 bit Build 22621 (10.0.22621.2215)
OS uptime: 0 days 6:41 hours
Hyper-V role detected

CPU: total 8 (initial active 8) (4 cores per cpu, 2 threads per core) family 6 model 140 stepping 1 microcode 0x9a, cx8, cmov, fxsr, ht, mmx, 3dnowpref, sse, sse2, sse3, ssse3, sse4.1, sse4.2, popcnt, lzcnt, tsc, tscinvbit, avx, avx2, aes, erms, clmul, bmi1, bmi2, adx, avx512f, avx512dq, avx512cd, avx512bw, avx512vl, sha, fma, vzeroupper, avx512_vpopcntdq, avx512_vpclmulqdq, avx512_vaes, avx512_vnni, clflush, clflushopt, clwb, avx512_vbmi2, avx512_vbmi, hv

Memory: 4k page, system-wide physical 16151M (3620M free)
TotalPageFile size 20925M (AvailPageFile size 0M)
current process WorkingSet (physical memory assigned to process): 46M, peak: 46M
current process commit charge ("private bytes"): 347M, peak: 347M

vm_info: Java HotSpot(TM) 64-Bit Server VM (18.0.2+9-61) for windows-amd64 JRE (18.0.2+9-61), built on Jun  7 2022 13:09:01 by "mach5one" with MS VC++ 16.8 / 16.9 (VS2019)

END.
