#
# There is insufficient memory for the Java Runtime Environment to continue.
# Native memory allocation (malloc) failed to allocate 136592 bytes for Chunk::new
# Possible reasons:
#   The system is out of physical RAM or swap space
#   The process is running with CompressedOops enabled, and the Java Heap may be blocking the growth of the native heap
# Possible solutions:
#   Reduce memory load on the system
#   Increase physical memory or swap space
#   Check if swap backing store is full
#   Decrease Java heap size (-Xmx/-Xms)
#   Decrease number of Java threads
#   Decrease Java thread stack sizes (-Xss)
#   Set larger code cache with -XX:ReservedCodeCacheSize=
#   JVM is running with Zero Based Compressed Oops mode in which the Java heap is
#     placed in the first 32GB address space. The Java Heap base address is the
#     maximum limit for the native heap growth. Please use -XX:HeapBaseMinAddress
#     to set the Java Heap base and to place the Java Heap above 32GB virtual address.
# This output file may be truncated or incomplete.
#
#  Out of Memory Error (arena.cpp:184), pid=23148, tid=22396
#
# JRE version: Java(TM) SE Runtime Environment (18.0.2+9) (build 18.0.2+9-61)
# Java VM: Java HotSpot(TM) 64-Bit Server VM (18.0.2+9-61, mixed mode, sharing, tiered, compressed oops, compressed class ptrs, g1 gc, windows-amd64)
# No core dump will be written. Minidumps are not enabled by default on client versions of Windows
#

---------------  S U M M A R Y ------------

Command Line: -Dfile.encoding=UTF-8 -XX:+ShowCodeDetailsInExceptionMessages com.contact.ContactServiceApplication

Host: 11th Gen Intel(R) Core(TM) i5-1135G7 @ 2.40GHz, 8 cores, 15G,  Windows 11 , 64 bit Build 22621 (10.0.22621.2215)
Time: Sat Sep 30 16:19:11 2023 India Standard Time elapsed time: 1.623456 seconds (0d 0h 0m 1s)

---------------  T H R E A D  ---------------

Current thread (0x00000182feb82920):  JavaThread "C2 CompilerThread0" daemon [_thread_in_native, id=22396, stack(0x000000460b800000,0x000000460b900000)]


Current CompileTask:
C2:   1623  546   !   4       java.util.zip.ZipFile$Source::getEntryPos (195 bytes)

Stack: [0x000000460b800000,0x000000460b900000]
Native frames: (J=compiled Java code, j=interpreted, Vv=VM code, C=native code)
V  [jvm.dll+0x6993ca]
V  [jvm.dll+0x7f481d]
V  [jvm.dll+0x7f612e]
V  [jvm.dll+0x7f67e3]
V  [jvm.dll+0x25cdaf]
V  [jvm.dll+0xb8c2f]
V  [jvm.dll+0xb8fa5]
V  [jvm.dll+0x3860cb]
V  [jvm.dll+0x34fd01]
V  [jvm.dll+0x34f19a]
V  [jvm.dll+0x22ff51]
V  [jvm.dll+0x22f321]
V  [jvm.dll+0x1ba01c]
V  [jvm.dll+0x23ec9a]
V  [jvm.dll+0x23cf85]
V  [jvm.dll+0x7a6e21]
V  [jvm.dll+0x7a125a]
V  [jvm.dll+0x698275]
C  [ucrtbase.dll+0x29363]
C  [KERNEL32.DLL+0x1257d]
C  [ntdll.dll+0x5aa68]


---------------  P R O C E S S  ---------------

Threads class SMR info:
_java_thread_list=0x000001828c1ea120, length=13, elements={
0x00000182e3d5aca0, 0x00000182feb69720, 0x00000182feb6b0d0, 0x00000182feb7df60,
0x00000182feb7e900, 0x00000182feb812b0, 0x00000182feb81c50, 0x00000182feb82920,
0x00000182febf7b40, 0x00000182febfd070, 0x000001828c0c3a20, 0x000001828c0c9b40,
0x000001828c5bdf70
}

Java Threads: ( => current thread )
  0x00000182e3d5aca0 JavaThread "main" [_thread_in_Java, id=1908, stack(0x000000460ab00000,0x000000460ac00000)]
  0x00000182feb69720 JavaThread "Reference Handler" daemon [_thread_blocked, id=21896, stack(0x000000460b200000,0x000000460b300000)]
  0x00000182feb6b0d0 JavaThread "Finalizer" daemon [_thread_blocked, id=7476, stack(0x000000460b300000,0x000000460b400000)]
  0x00000182feb7df60 JavaThread "Signal Dispatcher" daemon [_thread_blocked, id=12088, stack(0x000000460b400000,0x000000460b500000)]
  0x00000182feb7e900 JavaThread "Attach Listener" daemon [_thread_blocked, id=5416, stack(0x000000460b500000,0x000000460b600000)]
  0x00000182feb812b0 JavaThread "Service Thread" daemon [_thread_blocked, id=18232, stack(0x000000460b600000,0x000000460b700000)]
  0x00000182feb81c50 JavaThread "Monitor Deflation Thread" daemon [_thread_blocked, id=18476, stack(0x000000460b700000,0x000000460b800000)]
=>0x00000182feb82920 JavaThread "C2 CompilerThread0" daemon [_thread_in_native, id=22396, stack(0x000000460b800000,0x000000460b900000)]
  0x00000182febf7b40 JavaThread "C1 CompilerThread0" daemon [_thread_blocked, id=18260, stack(0x000000460b900000,0x000000460ba00000)]
  0x00000182febfd070 JavaThread "Sweeper thread" daemon [_thread_blocked, id=2792, stack(0x000000460ba00000,0x000000460bb00000)]
  0x000001828c0c3a20 JavaThread "Notification Thread" daemon [_thread_blocked, id=21016, stack(0x000000460bb00000,0x000000460bc00000)]
  0x000001828c0c9b40 JavaThread "Common-Cleaner" daemon [_thread_blocked, id=9768, stack(0x000000460bd00000,0x000000460be00000)]
  0x000001828c5bdf70 JavaThread "C2 CompilerThread1" daemon [_thread_in_native, id=20184, stack(0x000000460be00000,0x000000460bf00000)]

Other Threads:
  0x00000182feb67ed0 VMThread "VM Thread" [stack: 0x000000460b100000,0x000000460b200000] [id=21296]
  0x000001828c0c3ee0 WatcherThread "VM Periodic Task Thread" [stack: 0x000000460bc00000,0x000000460bd00000] [id=25104]
  0x00000182e3dcb730 WorkerThread "GC Thread#0" [stack: 0x000000460ac00000,0x000000460ad00000] [id=3172]
  0x00000182e3ddc2b0 ConcurrentGCThread "G1 Main Marker" [stack: 0x000000460ad00000,0x000000460ae00000] [id=26312]
  0x00000182e3dddcb0 WorkerThread "G1 Conc#0" [stack: 0x000000460ae00000,0x000000460af00000] [id=10252]
  0x00000182fea1d550 ConcurrentGCThread "G1 Refine#0" [stack: 0x000000460af00000,0x000000460b000000] [id=23780]
  0x00000182fea21d80 ConcurrentGCThread "G1 Service" [stack: 0x000000460b000000,0x000000460b100000] [id=26568]

Threads with active compile tasks:
C2 CompilerThread0     1651  546   !   4       java.util.zip.ZipFile$Source::getEntryPos (195 bytes)
C2 CompilerThread1     1651  547   !   4       java.util.zip.ZipFile::getEntry (59 bytes)

VM state: not at safepoint (normal execution)

VM Mutex/Monitor currently owned by a thread: None

Heap address: 0x0000000703a00000, size: 4038 MB, Compressed Oops mode: Zero based, Oop shift amount: 3

CDS archive(s) mapped at: [0x0000000800000000-0x0000000800ba0000-0x0000000800ba0000), size 12189696, SharedBaseAddress: 0x0000000800000000, ArchiveRelocationMode: 0.
Compressed class space mapped at: 0x0000000800c00000-0x0000000840c00000, reserved size: 1073741824
Narrow klass base: 0x0000000800000000, Narrow klass shift: 0, Narrow klass range: 0x100000000

GC Precious Log:
 CardTable entry size: 512
 Card Set container configuration: InlinePtr #cards 4 size 8 Array Of Cards #cards 16 size 48 Howl #buckets 8 coarsen threshold 3686 Howl Bitmap #cards 512 size 80 coarsen threshold 460 Card regions per heap region 1 cards per card region 4096
 CPUs: 8 total, 8 available
 Memory: 16151M
 Large Page Support: Disabled
 NUMA Support: Disabled
 Compressed Oops: Enabled (Zero based)
 Heap Region Size: 2M
 Heap Min Capacity: 8M
 Heap Initial Capacity: 254M
 Heap Max Capacity: 4038M
 Pre-touch: Disabled
 Parallel Workers: 8
 Concurrent Workers: 2
 Concurrent Refinement Workers: 8
 Periodic GC: Disabled

Heap:
 garbage-first heap   total 260096K, used 10240K [0x0000000703a00000, 0x0000000800000000)
  region size 2048K, 6 young (12288K), 0 survivors (0K)
 Metaspace       used 1883K, committed 2048K, reserved 1114112K
  class space    used 163K, committed 256K, reserved 1048576K

Heap Regions: E=young(eden), S=young(survivor), O=old, HS=humongous(starts), HC=humongous(continues), CS=collection set, F=free, OA=open archive, CA=closed archive, TAMS=top-at-mark-start (previous, next)
|   0|0x0000000703a00000, 0x0000000703a00000, 0x0000000703c00000|  0%| F|  |TAMS 0x0000000703a00000, 0x0000000703a00000| Untracked 
|   1|0x0000000703c00000, 0x0000000703c00000, 0x0000000703e00000|  0%| F|  |TAMS 0x0000000703c00000, 0x0000000703c00000| Untracked 
|   2|0x0000000703e00000, 0x0000000703e00000, 0x0000000704000000|  0%| F|  |TAMS 0x0000000703e00000, 0x0000000703e00000| Untracked 
|   3|0x0000000704000000, 0x0000000704000000, 0x0000000704200000|  0%| F|  |TAMS 0x0000000704000000, 0x0000000704000000| Untracked 
|   4|0x0000000704200000, 0x0000000704200000, 0x0000000704400000|  0%| F|  |TAMS 0x0000000704200000, 0x0000000704200000| Untracked 
|   5|0x0000000704400000, 0x0000000704400000, 0x0000000704600000|  0%| F|  |TAMS 0x0000000704400000, 0x0000000704400000| Untracked 
|   6|0x0000000704600000, 0x0000000704600000, 0x0000000704800000|  0%| F|  |TAMS 0x0000000704600000, 0x0000000704600000| Untracked 
|   7|0x0000000704800000, 0x0000000704800000, 0x0000000704a00000|  0%| F|  |TAMS 0x0000000704800000, 0x0000000704800000| Untracked 
|   8|0x0000000704a00000, 0x0000000704a00000, 0x0000000704c00000|  0%| F|  |TAMS 0x0000000704a00000, 0x0000000704a00000| Untracked 
|   9|0x0000000704c00000, 0x0000000704c00000, 0x0000000704e00000|  0%| F|  |TAMS 0x0000000704c00000, 0x0000000704c00000| Untracked 
|  10|0x0000000704e00000, 0x0000000704e00000, 0x0000000705000000|  0%| F|  |TAMS 0x0000000704e00000, 0x0000000704e00000| Untracked 
|  11|0x0000000705000000, 0x0000000705000000, 0x0000000705200000|  0%| F|  |TAMS 0x0000000705000000, 0x0000000705000000| Untracked 
|  12|0x0000000705200000, 0x0000000705200000, 0x0000000705400000|  0%| F|  |TAMS 0x0000000705200000, 0x0000000705200000| Untracked 
|  13|0x0000000705400000, 0x0000000705400000, 0x0000000705600000|  0%| F|  |TAMS 0x0000000705400000, 0x0000000705400000| Untracked 
|  14|0x0000000705600000, 0x0000000705600000, 0x0000000705800000|  0%| F|  |TAMS 0x0000000705600000, 0x0000000705600000| Untracked 
|  15|0x0000000705800000, 0x0000000705800000, 0x0000000705a00000|  0%| F|  |TAMS 0x0000000705800000, 0x0000000705800000| Untracked 
|  16|0x0000000705a00000, 0x0000000705a00000, 0x0000000705c00000|  0%| F|  |TAMS 0x0000000705a00000, 0x0000000705a00000| Untracked 
|  17|0x0000000705c00000, 0x0000000705c00000, 0x0000000705e00000|  0%| F|  |TAMS 0x0000000705c00000, 0x0000000705c00000| Untracked 
|  18|0x0000000705e00000, 0x0000000705e00000, 0x0000000706000000|  0%| F|  |TAMS 0x0000000705e00000, 0x0000000705e00000| Untracked 
|  19|0x0000000706000000, 0x0000000706000000, 0x0000000706200000|  0%| F|  |TAMS 0x0000000706000000, 0x0000000706000000| Untracked 
|  20|0x0000000706200000, 0x0000000706200000, 0x0000000706400000|  0%| F|  |TAMS 0x0000000706200000, 0x0000000706200000| Untracked 
|  21|0x0000000706400000, 0x0000000706400000, 0x0000000706600000|  0%| F|  |TAMS 0x0000000706400000, 0x0000000706400000| Untracked 
|  22|0x0000000706600000, 0x0000000706600000, 0x0000000706800000|  0%| F|  |TAMS 0x0000000706600000, 0x0000000706600000| Untracked 
|  23|0x0000000706800000, 0x0000000706800000, 0x0000000706a00000|  0%| F|  |TAMS 0x0000000706800000, 0x0000000706800000| Untracked 
|  24|0x0000000706a00000, 0x0000000706a00000, 0x0000000706c00000|  0%| F|  |TAMS 0x0000000706a00000, 0x0000000706a00000| Untracked 
|  25|0x0000000706c00000, 0x0000000706c00000, 0x0000000706e00000|  0%| F|  |TAMS 0x0000000706c00000, 0x0000000706c00000| Untracked 
|  26|0x0000000706e00000, 0x0000000706e00000, 0x0000000707000000|  0%| F|  |TAMS 0x0000000706e00000, 0x0000000706e00000| Untracked 
|  27|0x0000000707000000, 0x0000000707000000, 0x0000000707200000|  0%| F|  |TAMS 0x0000000707000000, 0x0000000707000000| Untracked 
|  28|0x0000000707200000, 0x0000000707200000, 0x0000000707400000|  0%| F|  |TAMS 0x0000000707200000, 0x0000000707200000| Untracked 
|  29|0x0000000707400000, 0x0000000707400000, 0x0000000707600000|  0%| F|  |TAMS 0x0000000707400000, 0x0000000707400000| Untracked 
|  30|0x0000000707600000, 0x0000000707600000, 0x0000000707800000|  0%| F|  |TAMS 0x0000000707600000, 0x0000000707600000| Untracked 
|  31|0x0000000707800000, 0x0000000707800000, 0x0000000707a00000|  0%| F|  |TAMS 0x0000000707800000, 0x0000000707800000| Untracked 
|  32|0x0000000707a00000, 0x0000000707a00000, 0x0000000707c00000|  0%| F|  |TAMS 0x0000000707a00000, 0x0000000707a00000| Untracked 
|  33|0x0000000707c00000, 0x0000000707c00000, 0x0000000707e00000|  0%| F|  |TAMS 0x0000000707c00000, 0x0000000707c00000| Untracked 
|  34|0x0000000707e00000, 0x0000000707e00000, 0x0000000708000000|  0%| F|  |TAMS 0x0000000707e00000, 0x0000000707e00000| Untracked 
|  35|0x0000000708000000, 0x0000000708000000, 0x0000000708200000|  0%| F|  |TAMS 0x0000000708000000, 0x0000000708000000| Untracked 
|  36|0x0000000708200000, 0x0000000708200000, 0x0000000708400000|  0%| F|  |TAMS 0x0000000708200000, 0x0000000708200000| Untracked 
|  37|0x0000000708400000, 0x0000000708400000, 0x0000000708600000|  0%| F|  |TAMS 0x0000000708400000, 0x0000000708400000| Untracked 
|  38|0x0000000708600000, 0x0000000708600000, 0x0000000708800000|  0%| F|  |TAMS 0x0000000708600000, 0x0000000708600000| Untracked 
|  39|0x0000000708800000, 0x0000000708800000, 0x0000000708a00000|  0%| F|  |TAMS 0x0000000708800000, 0x0000000708800000| Untracked 
|  40|0x0000000708a00000, 0x0000000708a00000, 0x0000000708c00000|  0%| F|  |TAMS 0x0000000708a00000, 0x0000000708a00000| Untracked 
|  41|0x0000000708c00000, 0x0000000708c00000, 0x0000000708e00000|  0%| F|  |TAMS 0x0000000708c00000, 0x0000000708c00000| Untracked 
|  42|0x0000000708e00000, 0x0000000708e00000, 0x0000000709000000|  0%| F|  |TAMS 0x0000000708e00000, 0x0000000708e00000| Untracked 
|  43|0x0000000709000000, 0x0000000709000000, 0x0000000709200000|  0%| F|  |TAMS 0x0000000709000000, 0x0000000709000000| Untracked 
|  44|0x0000000709200000, 0x0000000709200000, 0x0000000709400000|  0%| F|  |TAMS 0x0000000709200000, 0x0000000709200000| Untracked 
|  45|0x0000000709400000, 0x0000000709400000, 0x0000000709600000|  0%| F|  |TAMS 0x0000000709400000, 0x0000000709400000| Untracked 
|  46|0x0000000709600000, 0x0000000709600000, 0x0000000709800000|  0%| F|  |TAMS 0x0000000709600000, 0x0000000709600000| Untracked 
|  47|0x0000000709800000, 0x0000000709800000, 0x0000000709a00000|  0%| F|  |TAMS 0x0000000709800000, 0x0000000709800000| Untracked 
|  48|0x0000000709a00000, 0x0000000709a00000, 0x0000000709c00000|  0%| F|  |TAMS 0x0000000709a00000, 0x0000000709a00000| Untracked 
|  49|0x0000000709c00000, 0x0000000709c00000, 0x0000000709e00000|  0%| F|  |TAMS 0x0000000709c00000, 0x0000000709c00000| Untracked 
|  50|0x0000000709e00000, 0x0000000709e00000, 0x000000070a000000|  0%| F|  |TAMS 0x0000000709e00000, 0x0000000709e00000| Untracked 
|  51|0x000000070a000000, 0x000000070a000000, 0x000000070a200000|  0%| F|  |TAMS 0x000000070a000000, 0x000000070a000000| Untracked 
|  52|0x000000070a200000, 0x000000070a200000, 0x000000070a400000|  0%| F|  |TAMS 0x000000070a200000, 0x000000070a200000| Untracked 
|  53|0x000000070a400000, 0x000000070a400000, 0x000000070a600000|  0%| F|  |TAMS 0x000000070a400000, 0x000000070a400000| Untracked 
|  54|0x000000070a600000, 0x000000070a600000, 0x000000070a800000|  0%| F|  |TAMS 0x000000070a600000, 0x000000070a600000| Untracked 
|  55|0x000000070a800000, 0x000000070a800000, 0x000000070aa00000|  0%| F|  |TAMS 0x000000070a800000, 0x000000070a800000| Untracked 
|  56|0x000000070aa00000, 0x000000070aa00000, 0x000000070ac00000|  0%| F|  |TAMS 0x000000070aa00000, 0x000000070aa00000| Untracked 
|  57|0x000000070ac00000, 0x000000070ac00000, 0x000000070ae00000|  0%| F|  |TAMS 0x000000070ac00000, 0x000000070ac00000| Untracked 
|  58|0x000000070ae00000, 0x000000070ae00000, 0x000000070b000000|  0%| F|  |TAMS 0x000000070ae00000, 0x000000070ae00000| Untracked 
|  59|0x000000070b000000, 0x000000070b000000, 0x000000070b200000|  0%| F|  |TAMS 0x000000070b000000, 0x000000070b000000| Untracked 
|  60|0x000000070b200000, 0x000000070b200000, 0x000000070b400000|  0%| F|  |TAMS 0x000000070b200000, 0x000000070b200000| Untracked 
|  61|0x000000070b400000, 0x000000070b400000, 0x000000070b600000|  0%| F|  |TAMS 0x000000070b400000, 0x000000070b400000| Untracked 
|  62|0x000000070b600000, 0x000000070b600000, 0x000000070b800000|  0%| F|  |TAMS 0x000000070b600000, 0x000000070b600000| Untracked 
|  63|0x000000070b800000, 0x000000070b800000, 0x000000070ba00000|  0%| F|  |TAMS 0x000000070b800000, 0x000000070b800000| Untracked 
|  64|0x000000070ba00000, 0x000000070ba00000, 0x000000070bc00000|  0%| F|  |TAMS 0x000000070ba00000, 0x000000070ba00000| Untracked 
|  65|0x000000070bc00000, 0x000000070bc00000, 0x000000070be00000|  0%| F|  |TAMS 0x000000070bc00000, 0x000000070bc00000| Untracked 
|  66|0x000000070be00000, 0x000000070be00000, 0x000000070c000000|  0%| F|  |TAMS 0x000000070be00000, 0x000000070be00000| Untracked 
|  67|0x000000070c000000, 0x000000070c000000, 0x000000070c200000|  0%| F|  |TAMS 0x000000070c000000, 0x000000070c000000| Untracked 
|  68|0x000000070c200000, 0x000000070c200000, 0x000000070c400000|  0%| F|  |TAMS 0x000000070c200000, 0x000000070c200000| Untracked 
|  69|0x000000070c400000, 0x000000070c400000, 0x000000070c600000|  0%| F|  |TAMS 0x000000070c400000, 0x000000070c400000| Untracked 
|  70|0x000000070c600000, 0x000000070c600000, 0x000000070c800000|  0%| F|  |TAMS 0x000000070c600000, 0x000000070c600000| Untracked 
|  71|0x000000070c800000, 0x000000070c800000, 0x000000070ca00000|  0%| F|  |TAMS 0x000000070c800000, 0x000000070c800000| Untracked 
|  72|0x000000070ca00000, 0x000000070ca00000, 0x000000070cc00000|  0%| F|  |TAMS 0x000000070ca00000, 0x000000070ca00000| Untracked 
|  73|0x000000070cc00000, 0x000000070cc00000, 0x000000070ce00000|  0%| F|  |TAMS 0x000000070cc00000, 0x000000070cc00000| Untracked 
|  74|0x000000070ce00000, 0x000000070ce00000, 0x000000070d000000|  0%| F|  |TAMS 0x000000070ce00000, 0x000000070ce00000| Untracked 
|  75|0x000000070d000000, 0x000000070d000000, 0x000000070d200000|  0%| F|  |TAMS 0x000000070d000000, 0x000000070d000000| Untracked 
|  76|0x000000070d200000, 0x000000070d200000, 0x000000070d400000|  0%| F|  |TAMS 0x000000070d200000, 0x000000070d200000| Untracked 
|  77|0x000000070d400000, 0x000000070d400000, 0x000000070d600000|  0%| F|  |TAMS 0x000000070d400000, 0x000000070d400000| Untracked 
|  78|0x000000070d600000, 0x000000070d600000, 0x000000070d800000|  0%| F|  |TAMS 0x000000070d600000, 0x000000070d600000| Untracked 
|  79|0x000000070d800000, 0x000000070d800000, 0x000000070da00000|  0%| F|  |TAMS 0x000000070d800000, 0x000000070d800000| Untracked 
|  80|0x000000070da00000, 0x000000070da00000, 0x000000070dc00000|  0%| F|  |TAMS 0x000000070da00000, 0x000000070da00000| Untracked 
|  81|0x000000070dc00000, 0x000000070dc00000, 0x000000070de00000|  0%| F|  |TAMS 0x000000070dc00000, 0x000000070dc00000| Untracked 
|  82|0x000000070de00000, 0x000000070de00000, 0x000000070e000000|  0%| F|  |TAMS 0x000000070de00000, 0x000000070de00000| Untracked 
|  83|0x000000070e000000, 0x000000070e000000, 0x000000070e200000|  0%| F|  |TAMS 0x000000070e000000, 0x000000070e000000| Untracked 
|  84|0x000000070e200000, 0x000000070e200000, 0x000000070e400000|  0%| F|  |TAMS 0x000000070e200000, 0x000000070e200000| Untracked 
|  85|0x000000070e400000, 0x000000070e400000, 0x000000070e600000|  0%| F|  |TAMS 0x000000070e400000, 0x000000070e400000| Untracked 
|  86|0x000000070e600000, 0x000000070e600000, 0x000000070e800000|  0%| F|  |TAMS 0x000000070e600000, 0x000000070e600000| Untracked 
|  87|0x000000070e800000, 0x000000070e800000, 0x000000070ea00000|  0%| F|  |TAMS 0x000000070e800000, 0x000000070e800000| Untracked 
|  88|0x000000070ea00000, 0x000000070ea00000, 0x000000070ec00000|  0%| F|  |TAMS 0x000000070ea00000, 0x000000070ea00000| Untracked 
|  89|0x000000070ec00000, 0x000000070ec00000, 0x000000070ee00000|  0%| F|  |TAMS 0x000000070ec00000, 0x000000070ec00000| Untracked 
|  90|0x000000070ee00000, 0x000000070ee00000, 0x000000070f000000|  0%| F|  |TAMS 0x000000070ee00000, 0x000000070ee00000| Untracked 
|  91|0x000000070f000000, 0x000000070f000000, 0x000000070f200000|  0%| F|  |TAMS 0x000000070f000000, 0x000000070f000000| Untracked 
|  92|0x000000070f200000, 0x000000070f200000, 0x000000070f400000|  0%| F|  |TAMS 0x000000070f200000, 0x000000070f200000| Untracked 
|  93|0x000000070f400000, 0x000000070f400000, 0x000000070f600000|  0%| F|  |TAMS 0x000000070f400000, 0x000000070f400000| Untracked 
|  94|0x000000070f600000, 0x000000070f600000, 0x000000070f800000|  0%| F|  |TAMS 0x000000070f600000, 0x000000070f600000| Untracked 
|  95|0x000000070f800000, 0x000000070f800000, 0x000000070fa00000|  0%| F|  |TAMS 0x000000070f800000, 0x000000070f800000| Untracked 
|  96|0x000000070fa00000, 0x000000070fa00000, 0x000000070fc00000|  0%| F|  |TAMS 0x000000070fa00000, 0x000000070fa00000| Untracked 
|  97|0x000000070fc00000, 0x000000070fc00000, 0x000000070fe00000|  0%| F|  |TAMS 0x000000070fc00000, 0x000000070fc00000| Untracked 
|  98|0x000000070fe00000, 0x000000070fe00000, 0x0000000710000000|  0%| F|  |TAMS 0x000000070fe00000, 0x000000070fe00000| Untracked 
|  99|0x0000000710000000, 0x0000000710000000, 0x0000000710200000|  0%| F|  |TAMS 0x0000000710000000, 0x0000000710000000| Untracked 
| 100|0x0000000710200000, 0x0000000710200000, 0x0000000710400000|  0%| F|  |TAMS 0x0000000710200000, 0x0000000710200000| Untracked 
| 101|0x0000000710400000, 0x0000000710400000, 0x0000000710600000|  0%| F|  |TAMS 0x0000000710400000, 0x0000000710400000| Untracked 
| 102|0x0000000710600000, 0x0000000710600000, 0x0000000710800000|  0%| F|  |TAMS 0x0000000710600000, 0x0000000710600000| Untracked 
| 103|0x0000000710800000, 0x0000000710800000, 0x0000000710a00000|  0%| F|  |TAMS 0x0000000710800000, 0x0000000710800000| Untracked 
| 104|0x0000000710a00000, 0x0000000710a00000, 0x0000000710c00000|  0%| F|  |TAMS 0x0000000710a00000, 0x0000000710a00000| Untracked 
| 105|0x0000000710c00000, 0x0000000710c00000, 0x0000000710e00000|  0%| F|  |TAMS 0x0000000710c00000, 0x0000000710c00000| Untracked 
| 106|0x0000000710e00000, 0x0000000710e00000, 0x0000000711000000|  0%| F|  |TAMS 0x0000000710e00000, 0x0000000710e00000| Untracked 
| 107|0x0000000711000000, 0x0000000711000000, 0x0000000711200000|  0%| F|  |TAMS 0x0000000711000000, 0x0000000711000000| Untracked 
| 108|0x0000000711200000, 0x0000000711200000, 0x0000000711400000|  0%| F|  |TAMS 0x0000000711200000, 0x0000000711200000| Untracked 
| 109|0x0000000711400000, 0x0000000711400000, 0x0000000711600000|  0%| F|  |TAMS 0x0000000711400000, 0x0000000711400000| Untracked 
| 110|0x0000000711600000, 0x0000000711600000, 0x0000000711800000|  0%| F|  |TAMS 0x0000000711600000, 0x0000000711600000| Untracked 
| 111|0x0000000711800000, 0x0000000711800000, 0x0000000711a00000|  0%| F|  |TAMS 0x0000000711800000, 0x0000000711800000| Untracked 
| 112|0x0000000711a00000, 0x0000000711a00000, 0x0000000711c00000|  0%| F|  |TAMS 0x0000000711a00000, 0x0000000711a00000| Untracked 
| 113|0x0000000711c00000, 0x0000000711c00000, 0x0000000711e00000|  0%| F|  |TAMS 0x0000000711c00000, 0x0000000711c00000| Untracked 
| 114|0x0000000711e00000, 0x0000000711e00000, 0x0000000712000000|  0%| F|  |TAMS 0x0000000711e00000, 0x0000000711e00000| Untracked 
| 115|0x0000000712000000, 0x0000000712000000, 0x0000000712200000|  0%| F|  |TAMS 0x0000000712000000, 0x0000000712000000| Untracked 
| 116|0x0000000712200000, 0x0000000712200000, 0x0000000712400000|  0%| F|  |TAMS 0x0000000712200000, 0x0000000712200000| Untracked 
| 117|0x0000000712400000, 0x0000000712400000, 0x0000000712600000|  0%| F|  |TAMS 0x0000000712400000, 0x0000000712400000| Untracked 
| 118|0x0000000712600000, 0x0000000712600000, 0x0000000712800000|  0%| F|  |TAMS 0x0000000712600000, 0x0000000712600000| Untracked 
| 119|0x0000000712800000, 0x0000000712800000, 0x0000000712a00000|  0%| F|  |TAMS 0x0000000712800000, 0x0000000712800000| Untracked 
| 120|0x0000000712a00000, 0x0000000712a00000, 0x0000000712c00000|  0%| F|  |TAMS 0x0000000712a00000, 0x0000000712a00000| Untracked 
| 121|0x0000000712c00000, 0x0000000712c71268, 0x0000000712e00000| 22%| E|  |TAMS 0x0000000712c00000, 0x0000000712c00000| Complete 
| 122|0x0000000712e00000, 0x0000000713000000, 0x0000000713000000|100%| E|CS|TAMS 0x0000000712e00000, 0x0000000712e00000| Complete 
| 123|0x0000000713000000, 0x0000000713200000, 0x0000000713200000|100%| E|CS|TAMS 0x0000000713000000, 0x0000000713000000| Complete 
| 124|0x0000000713200000, 0x0000000713400000, 0x0000000713400000|100%| E|CS|TAMS 0x0000000713200000, 0x0000000713200000| Complete 
| 125|0x0000000713400000, 0x0000000713600000, 0x0000000713600000|100%| E|CS|TAMS 0x0000000713400000, 0x0000000713400000| Complete 
| 126|0x0000000713600000, 0x0000000713800000, 0x0000000713800000|100%| E|CS|TAMS 0x0000000713600000, 0x0000000713600000| Complete 

Card table byte_map: [0x00000182fb1a0000,0x00000182fb990000] _byte_map_base: 0x00000182f7983000

Marking Bits (Prev, Next): (CMBitMap*) 0x00000182e3dcbd30, (CMBitMap*) 0x00000182e3dcbd70
 Prev Bits: [0x0000018280000000, 0x0000018283f18000)
 Next Bits: [0x0000018283f20000, 0x0000018287e38000)

Polling page: 0x00000182e3510000

Metaspace:

Usage:
  Non-class:      1.68 MB used.
      Class:    163.81 KB used.
       Both:      1.84 MB used.

Virtual space:
  Non-class space:       64.00 MB reserved,       1.75 MB (  3%) committed,  1 nodes.
      Class space:        1.00 GB reserved,     256.00 KB ( <1%) committed,  1 nodes.
             Both:        1.06 GB reserved,       2.00 MB ( <1%) committed. 

Chunk freelists:
   Non-Class:  3.45 MB
       Class:  3.67 MB
        Both:  7.12 MB

MaxMetaspaceSize: unlimited
CompressedClassSpaceSize: 1.00 GB
Initial GC threshold: 21.00 MB
Current GC threshold: 21.00 MB
CDS: on
MetaspaceReclaimPolicy: balanced
 - commit_granule_bytes: 65536.
 - commit_granule_words: 8192.
 - virtual_space_node_default_size: 8388608.
 - enlarge_chunks_in_place: 1.
 - new_chunks_are_fully_committed: 0.
 - uncommit_free_chunks: 1.
 - use_allocation_guard: 0.


Internal statistics:

num_allocs_failed_limit: 0.
num_arena_births: 14.
num_arena_deaths: 0.
num_vsnodes_births: 2.
num_vsnodes_deaths: 0.
num_space_committed: 32.
num_space_uncommitted: 0.
num_chunks_returned_to_freelist: 0.
num_chunks_taken_from_freelist: 49.
num_chunk_merges: 0.
num_chunk_splits: 28.
num_chunks_enlarged: 19.
num_inconsistent_stats: 0.

CodeHeap 'non-profiled nmethods': size=120000Kb used=171Kb max_used=171Kb free=119828Kb
 bounds [0x00000182f3150000, 0x00000182f33c0000, 0x00000182fa680000]
CodeHeap 'profiled nmethods': size=120000Kb used=940Kb max_used=940Kb free=119059Kb
 bounds [0x00000182ebc20000, 0x00000182ebe90000, 0x00000182f3150000]
CodeHeap 'non-nmethods': size=5760Kb used=1155Kb max_used=1171Kb free=4604Kb
 bounds [0x00000182eb680000, 0x00000182eb8f0000, 0x00000182ebc20000]
 total_blobs=964 nmethods=545 adapters=332
 compilation: enabled
              stopped_count=0, restarted_count=0
 full_count=0

Compilation events (20 events):
Event: 1.590 Thread 0x00000182febf7b40  536       3       java.lang.invoke.MethodType$ConcurrentWeakInternSet::get (47 bytes)
Event: 1.590 Thread 0x00000182febf7b40 nmethod 536 0x00000182ebd00d10 code [0x00000182ebd00f40, 0x00000182ebd018d8]
Event: 1.592 Thread 0x00000182febf7b40  538       3       java.util.zip.ZipFile$1::getMetaInfVersions (5 bytes)
Event: 1.592 Thread 0x00000182febf7b40 nmethod 538 0x00000182ebd01c90 code [0x00000182ebd01e40, 0x00000182ebd020e8]
Event: 1.592 Thread 0x00000182febf7b40  539   !   3       java.util.zip.ZipFile::getMetaInfVersions (26 bytes)
Event: 1.592 Thread 0x00000182febf7b40 nmethod 539 0x00000182ebd02290 code [0x00000182ebd02440, 0x00000182ebd02688]
Event: 1.593 Thread 0x00000182feb82920  540  s!   4       jdk.internal.loader.URLClassPath::getLoader (194 bytes)
Event: 1.598 Thread 0x00000182febf7b40  541       3       jdk.internal.loader.URLClassPath::getResource (74 bytes)
Event: 1.598 Thread 0x00000182febf7b40 nmethod 541 0x00000182ebd02810 code [0x00000182ebd029e0, 0x00000182ebd02d38]
Event: 1.598 Thread 0x00000182febf7b40  545   !   3       java.net.URL::<init> (543 bytes)
Event: 1.604 Thread 0x00000182febf7b40 nmethod 545 0x00000182ebd02e90 code [0x00000182ebd034c0, 0x00000182ebd06d58]
Event: 1.604 Thread 0x00000182febf7b40  542       3       java.util.jar.JarFile::getVersionedEntry (133 bytes)
Event: 1.605 Thread 0x00000182febf7b40 nmethod 542 0x00000182ebd08c10 code [0x00000182ebd08ee0, 0x00000182ebd09cd8]
Event: 1.605 Thread 0x00000182febf7b40  550       3       java.net.URL::<init> (8 bytes)
Event: 1.606 Thread 0x00000182febf7b40 nmethod 550 0x00000182ebd0a290 code [0x00000182ebd0a440, 0x00000182ebd0a588]
Event: 1.606 Thread 0x00000182febf7b40  551       3       java.lang.String::getChars (54 bytes)
Event: 1.606 Thread 0x00000182febf7b40 nmethod 551 0x00000182ebd0a610 code [0x00000182ebd0a840, 0x00000182ebd0af78]
Event: 1.608 Thread 0x00000182feb82920 nmethod 540 0x00000182f3179b90 code [0x00000182f3179da0, 0x00000182f317a7d0]
Event: 1.609 Thread 0x00000182feb82920  546   !   4       java.util.zip.ZipFile$Source::getEntryPos (195 bytes)
Event: 1.609 Thread 0x000001828c5bdf70  547   !   4       java.util.zip.ZipFile::getEntry (59 bytes)

GC Heap History (0 events):
No events

Deoptimization events (20 events):
Event: 0.597 Thread 0x00000182e3d5aca0 DEOPT PACKING pc=0x00000182ebc4240c sp=0x000000460abfdb00
Event: 0.597 Thread 0x00000182e3d5aca0 DEOPT UNPACKING pc=0x00000182eb6d6763 sp=0x000000460abfcf90 mode 0
Event: 0.655 Thread 0x00000182e3d5aca0 DEOPT PACKING pc=0x00000182ebc2aae7 sp=0x000000460abfda30
Event: 0.656 Thread 0x00000182e3d5aca0 DEOPT UNPACKING pc=0x00000182eb6d6763 sp=0x000000460abfce50 mode 0
Event: 0.663 Thread 0x00000182e3d5aca0 DEOPT PACKING pc=0x00000182ebc28251 sp=0x000000460abfd9f0
Event: 0.663 Thread 0x00000182e3d5aca0 DEOPT UNPACKING pc=0x00000182eb6d6763 sp=0x000000460abfce68 mode 0
Event: 0.674 Thread 0x00000182e3d5aca0 DEOPT PACKING pc=0x00000182ebc28251 sp=0x000000460abfde00
Event: 0.674 Thread 0x00000182e3d5aca0 DEOPT UNPACKING pc=0x00000182eb6d6763 sp=0x000000460abfd278 mode 0
Event: 1.582 Thread 0x00000182e3d5aca0 Uncommon trap: trap_request=0xffffff45 fr.pc=0x00000182f315bdb4 relative=0x0000000000000414
Event: 1.582 Thread 0x00000182e3d5aca0 Uncommon trap: reason=unstable_if action=reinterpret pc=0x00000182f315bdb4 method=java.lang.StringLatin1.canEncode(I)Z @ 4 c2
Event: 1.582 Thread 0x00000182e3d5aca0 DEOPT PACKING pc=0x00000182f315bdb4 sp=0x000000460abfd720
Event: 1.582 Thread 0x00000182e3d5aca0 DEOPT UNPACKING pc=0x00000182eb6d5c23 sp=0x000000460abfd648 mode 2
Event: 1.582 Thread 0x00000182e3d5aca0 Uncommon trap: trap_request=0xffffff45 fr.pc=0x00000182f315ab94 relative=0x00000000000003f4
Event: 1.582 Thread 0x00000182e3d5aca0 Uncommon trap: reason=unstable_if action=reinterpret pc=0x00000182f315ab94 method=java.lang.AbstractStringBuilder.isLatin1()Z @ 10 c2
Event: 1.582 Thread 0x00000182e3d5aca0 DEOPT PACKING pc=0x00000182f315ab94 sp=0x000000460abfd730
Event: 1.582 Thread 0x00000182e3d5aca0 DEOPT UNPACKING pc=0x00000182eb6d5c23 sp=0x000000460abfd6b0 mode 2
Event: 1.604 Thread 0x00000182e3d5aca0 Uncommon trap: trap_request=0xffffff45 fr.pc=0x00000182f3154b38 relative=0x0000000000000038
Event: 1.604 Thread 0x00000182e3d5aca0 Uncommon trap: reason=unstable_if action=reinterpret pc=0x00000182f3154b38 method=java.lang.StringLatin1.canEncode(I)Z @ 4 c2
Event: 1.604 Thread 0x00000182e3d5aca0 DEOPT PACKING pc=0x00000182f3154b38 sp=0x000000460abfcce0
Event: 1.604 Thread 0x00000182e3d5aca0 DEOPT UNPACKING pc=0x00000182eb6d5c23 sp=0x000000460abfcc70 mode 2

Classes loaded (20 events):
Event: 1.315 Loading class sun/util/calendar/ZoneInfoFile$Checksum
Event: 1.315 Loading class sun/util/calendar/ZoneInfoFile$Checksum done
Event: 1.325 Loading class jdk/internal/module/ModulePatcher$PatchedModuleReader
Event: 1.325 Loading class jdk/internal/module/ModulePatcher$PatchedModuleReader done
Event: 1.577 Loading class sun/util/resources/LocaleData$CommonResourceBundleProvider
Event: 1.577 Loading class sun/util/resources/LocaleData$LocaleDataResourceBundleProvider
Event: 1.577 Loading class java/util/spi/ResourceBundleProvider
Event: 1.577 Loading class java/util/spi/ResourceBundleProvider done
Event: 1.577 Loading class sun/util/resources/LocaleData$LocaleDataResourceBundleProvider done
Event: 1.577 Loading class sun/util/resources/LocaleData$CommonResourceBundleProvider done
Event: 1.577 Loading class java/util/ArrayList$SubList$1
Event: 1.577 Loading class java/util/ArrayList$SubList$1 done
Event: 1.578 Loading class sun/text/resources/cldr/FormatData_en
Event: 1.578 Loading class sun/text/resources/cldr/FormatData_en done
Event: 1.579 Loading class sun/util/resources/Bundles$2
Event: 1.579 Loading class sun/util/resources/Bundles$2 done
Event: 1.579 Loading class java/lang/InstantiationException
Event: 1.579 Loading class java/lang/InstantiationException done
Event: 1.598 Loading class java/lang/NumberFormatException
Event: 1.598 Loading class java/lang/NumberFormatException done

Classes unloaded (0 events):
No events

Classes redefined (0 events):
No events

Internal exceptions (2 events):
Event: 1.110 Thread 0x00000182e3d5aca0 Exception <a 'java/lang/ClassNotFoundException'{0x0000000712e4f048}: javax/smartcardio/CardPermission> (0x0000000712e4f048) 
thrown [s\open\src\hotspot\share\classfile\systemDictionary.cpp, line 255]
Event: 1.174 Thread 0x00000182e3d5aca0 Exception <a 'java/io/FileNotFoundException'{0x0000000712e5d598}> (0x0000000712e5d598) 
thrown [s\open\src\hotspot\share\prims\jni.cpp, line 516]

VM Operations (6 events):
Event: 0.585 Executing VM operation: HandshakeAllThreads
Event: 0.585 Executing VM operation: HandshakeAllThreads done
Event: 1.586 Executing VM operation: Cleanup
Event: 1.587 Executing VM operation: Cleanup done
Event: 1.599 Executing VM operation: HandshakeAllThreads
Event: 1.599 Executing VM operation: HandshakeAllThreads done

Events (20 events):
Event: 0.216 Thread 0x00000182e3d5aca0 Thread added: 0x00000182e3d5aca0
Event: 0.220 Thread 0x00000182feb69720 Thread added: 0x00000182feb69720
Event: 0.220 Thread 0x00000182feb6b0d0 Thread added: 0x00000182feb6b0d0
Event: 0.264 Thread 0x00000182feb7df60 Thread added: 0x00000182feb7df60
Event: 0.264 Thread 0x00000182feb7e900 Thread added: 0x00000182feb7e900
Event: 0.265 Thread 0x00000182feb812b0 Thread added: 0x00000182feb812b0
Event: 0.265 Thread 0x00000182feb81c50 Thread added: 0x00000182feb81c50
Event: 0.265 Thread 0x00000182feb82920 Thread added: 0x00000182feb82920
Event: 0.277 Thread 0x00000182febf7b40 Thread added: 0x00000182febf7b40
Event: 0.282 Thread 0x00000182febfd070 Thread added: 0x00000182febfd070
Event: 0.532 Thread 0x000001828c0c3a20 Thread added: 0x000001828c0c3a20
Event: 0.542 Thread 0x000001828c0c9b40 Thread added: 0x000001828c0c9b40
Event: 0.550 Loaded shared library C:\Program Files\Java\jdk-18.0.2\bin\net.dll
Event: 0.553 Loaded shared library C:\Program Files\Java\jdk-18.0.2\bin\nio.dll
Event: 0.556 Loaded shared library C:\Program Files\Java\jdk-18.0.2\bin\zip.dll
Event: 0.879 Loaded shared library C:\Program Files\Java\jdk-18.0.2\bin\verify.dll
Event: 0.888 Loaded shared library C:\Program Files\Java\jdk-18.0.2\bin\jimage.dll
Event: 1.276 Thread 0x000001828c1e97d0 Thread added: 0x000001828c1e97d0
Event: 1.462 Thread 0x000001828c1e97d0 Thread exited: 0x000001828c1e97d0
Event: 1.608 Thread 0x000001828c5bdf70 Thread added: 0x000001828c5bdf70


Dynamic libraries:
0x00007ff774d70000 - 0x00007ff774d80000 	C:\Program Files\Java\jdk-18.0.2\bin\javaw.exe
0x00007ffea8430000 - 0x00007ffea8644000 	C:\WINDOWS\SYSTEM32\ntdll.dll
0x00007ffea64b0000 - 0x00007ffea6574000 	C:\WINDOWS\System32\KERNEL32.DLL
0x00007ffea5b80000 - 0x00007ffea5f24000 	C:\WINDOWS\System32\KERNELBASE.dll
0x00007ffea5fe0000 - 0x00007ffea60f1000 	C:\WINDOWS\System32\ucrtbase.dll
0x00007ffe86340000 - 0x00007ffe86358000 	C:\Program Files\Java\jdk-18.0.2\bin\jli.dll
0x00007ffe86360000 - 0x00007ffe8637a000 	C:\Program Files\Java\jdk-18.0.2\bin\VCRUNTIME140.dll
0x00007ffea8070000 - 0x00007ffea8120000 	C:\WINDOWS\System32\ADVAPI32.dll
0x00007ffea6fb0000 - 0x00007ffea7057000 	C:\WINDOWS\System32\msvcrt.dll
0x00007ffea7300000 - 0x00007ffea73a6000 	C:\WINDOWS\System32\sechost.dll
0x00007ffea79f0000 - 0x00007ffea7b07000 	C:\WINDOWS\System32\RPCRT4.dll
0x00007ffe86cb0000 - 0x00007ffe86f43000 	C:\WINDOWS\WinSxS\amd64_microsoft.windows.common-controls_6595b64144ccf1df_6.0.22621.2215_none_270d72677387dfc3\COMCTL32.dll
0x00007ffea6e80000 - 0x00007ffea6ea9000 	C:\WINDOWS\System32\GDI32.dll
0x00007ffea7060000 - 0x00007ffea720e000 	C:\WINDOWS\System32\USER32.dll
0x00007ffea5f30000 - 0x00007ffea5f56000 	C:\WINDOWS\System32\win32u.dll
0x00007ffea5880000 - 0x00007ffea5998000 	C:\WINDOWS\System32\gdi32full.dll
0x00007ffea57e0000 - 0x00007ffea587a000 	C:\WINDOWS\System32\msvcp_win.dll
0x00007ffe9db80000 - 0x00007ffe9db8a000 	C:\WINDOWS\SYSTEM32\VERSION.dll
0x00007ffea6610000 - 0x00007ffea6641000 	C:\WINDOWS\System32\IMM32.DLL
0x00007ffe88cc0000 - 0x00007ffe88ccc000 	C:\Program Files\Java\jdk-18.0.2\bin\vcruntime140_1.dll
0x00007ffe5f820000 - 0x00007ffe5f8ad000 	C:\Program Files\Java\jdk-18.0.2\bin\msvcp140.dll
0x00007ffe35e00000 - 0x00007ffe36a11000 	C:\Program Files\Java\jdk-18.0.2\bin\server\jvm.dll
0x00007ffea8120000 - 0x00007ffea8128000 	C:\WINDOWS\System32\PSAPI.DLL
0x00007ffea0600000 - 0x00007ffea0609000 	C:\WINDOWS\SYSTEM32\WSOCK32.dll
0x00007ffea6f10000 - 0x00007ffea6f81000 	C:\WINDOWS\System32\WS2_32.dll
0x00007ffe9f210000 - 0x00007ffe9f244000 	C:\WINDOWS\SYSTEM32\WINMM.dll
0x00007ffea4800000 - 0x00007ffea4818000 	C:\WINDOWS\SYSTEM32\kernel.appcore.dll
0x00007ffe8b520000 - 0x00007ffe8b52a000 	C:\Program Files\Java\jdk-18.0.2\bin\jimage.dll
0x00007ffea31e0000 - 0x00007ffea340e000 	C:\WINDOWS\SYSTEM32\DBGHELP.DLL
0x00007ffea7b10000 - 0x00007ffea7e9a000 	C:\WINDOWS\System32\combase.dll
0x00007ffea7210000 - 0x00007ffea72e7000 	C:\WINDOWS\System32\OLEAUT32.dll
0x00007ffe82b60000 - 0x00007ffe82b92000 	C:\WINDOWS\SYSTEM32\dbgcore.DLL
0x00007ffea5f60000 - 0x00007ffea5fda000 	C:\WINDOWS\System32\bcryptPrimitives.dll
0x00007ffe8b430000 - 0x00007ffe8b455000 	C:\Program Files\Java\jdk-18.0.2\bin\java.dll
0x00007ffe7f560000 - 0x00007ffe7f636000 	C:\Program Files\Java\jdk-18.0.2\bin\jsvml.dll
0x00007ffea6650000 - 0x00007ffea6e73000 	C:\WINDOWS\System32\SHELL32.dll
0x00007ffea3720000 - 0x00007ffea400a000 	C:\WINDOWS\SYSTEM32\windows.storage.dll
0x00007ffea35e0000 - 0x00007ffea371e000 	C:\WINDOWS\SYSTEM32\wintypes.dll
0x00007ffea8290000 - 0x00007ffea8383000 	C:\WINDOWS\System32\SHCORE.dll
0x00007ffea8390000 - 0x00007ffea83ee000 	C:\WINDOWS\System32\shlwapi.dll
0x00007ffea5710000 - 0x00007ffea5736000 	C:\WINDOWS\SYSTEM32\profapi.dll
0x00007ffe8b410000 - 0x00007ffe8b423000 	C:\Program Files\Java\jdk-18.0.2\bin\net.dll
0x00007ffe9fdf0000 - 0x00007ffe9ff27000 	C:\WINDOWS\SYSTEM32\WINHTTP.dll
0x00007ffea4d20000 - 0x00007ffea4d89000 	C:\WINDOWS\system32\mswsock.dll
0x00007ffe8b3f0000 - 0x00007ffe8b406000 	C:\Program Files\Java\jdk-18.0.2\bin\nio.dll
0x00007ffe861c0000 - 0x00007ffe861d8000 	C:\Program Files\Java\jdk-18.0.2\bin\zip.dll
0x00007ffea00a0000 - 0x00007ffea00b0000 	C:\Program Files\Java\jdk-18.0.2\bin\verify.dll

dbghelp: loaded successfully - version: 4.0.5 - missing functions: none
symbol engine: initialized successfully - sym options: 0x614 - pdb path: .;C:\Program Files\Java\jdk-18.0.2\bin;C:\WINDOWS\SYSTEM32;C:\WINDOWS\WinSxS\amd64_microsoft.windows.common-controls_6595b64144ccf1df_6.0.22621.2215_none_270d72677387dfc3;C:\Program Files\Java\jdk-18.0.2\bin\server

VM Arguments:
jvm_args: -Dfile.encoding=UTF-8 -XX:+ShowCodeDetailsInExceptionMessages 
java_command: com.contact.ContactServiceApplication
java_class_path (initial): C:\Users\HP-PC\OneDrive\Desktop\springbootmicro\contact_service\contact_service\target\classes;C:\Users\HP-PC\.m2\repository\org\springframework\cloud\spring-cloud-starter-netflix-eureka-client\3.0.2\spring-cloud-starter-netflix-eureka-client-3.0.2.jar;C:\Users\HP-PC\.m2\repository\org\springframework\cloud\spring-cloud-starter\3.0.2\spring-cloud-starter-3.0.2.jar;C:\Users\HP-PC\.m2\repository\org\springframework\cloud\spring-cloud-context\3.0.2\spring-cloud-context-3.0.2.jar;C:\Users\HP-PC\.m2\repository\org\springframework\security\spring-security-crypto\5.4.5\spring-security-crypto-5.4.5.jar;C:\Users\HP-PC\.m2\repository\org\springframework\cloud\spring-cloud-commons\3.0.2\spring-cloud-commons-3.0.2.jar;C:\Users\HP-PC\.m2\repository\org\springframework\security\spring-security-rsa\1.0.9.RELEASE\spring-security-rsa-1.0.9.RELEASE.jar;C:\Users\HP-PC\.m2\repository\org\bouncycastle\bcpkix-jdk15on\1.64\bcpkix-jdk15on-1.64.jar;C:\Users\HP-PC\.m2\repository\org\bouncycastle\bcprov-jdk15on\1.64\bcprov-jdk15on-1.64.jar;C:\Users\HP-PC\.m2\repository\org\springframework\cloud\spring-cloud-netflix-eureka-client\3.0.2\spring-cloud-netflix-eureka-client-3.0.2.jar;C:\Users\HP-PC\.m2\repository\com\netflix\eureka\eureka-client\1.10.11\eureka-client-1.10.11.jar;C:\Users\HP-PC\.m2\repository\com\netflix\netflix-commons\netflix-eventbus\0.3.0\netflix-eventbus-0.3.0.jar;C:\Users\HP-PC\.m2\repository\com\netflix\netflix-commons\netflix-infix\0.3.0\netflix-infix-0.3.0.jar;C:\Users\HP-PC\.m2\repository\commons-jxpath\commons-jxpath\1.3\commons-jxpath-1.3.jar;C:\Users\HP-PC\.m2\repository\joda-time\joda-time\2.3\joda-time-2.3.jar;C:\Users\HP-PC\.m2\repository\org\antlr\antlr-runtime\3.4\antlr-runtime-3.4.jar;C:\Users\HP-PC\.m2\repository\org\antlr\stringtemplate\3.2.1\stringtemplate-3.2.1.jar;C:\Users\HP-PC\.m2\repository\antlr\antlr\2.7.7\antlr-2.7.7.jar;C:\Users\HP-PC\.m2\repository\com\google\code\gson\gson\2.8.6\gson-2.8.6.jar;C:\Users\HP-PC\.m2\repository\org\apache\commons\commons-math\2.2\commons-math-2.2.jar;C:\Users\HP-PC\.m2\repository\com\thoughtworks\xstream\xstream\1.4.14\xstream-1.4.14.jar;C:\Users\HP-PC\.m2\repository\xmlpull\xmlpull\1.1.3.1\xmlpull-1.1.3.1.jar;C:\Users\HP-PC\.m2\repository\xpp3\xpp3_min\1.1.4c\xpp3_min-1.1.4c.jar;C:\Users\HP-PC\.m2\repository\javax\ws\rs\jsr311-api\1.1.1\jsr311-api-1.1.1.jar;C:\Users\HP-PC\.m2\repository\com\netflix\servo\servo-core\0.12.21\servo-core-0.12.21.jar;C:\Users\HP-PC\.m2\repository\com\google\guava\guava\19.0\guava-19.0.jar;C:\Users\HP-PC\.m2\repository\org\apache\httpcomponents\httpclient\4.5.13\httpclient-4.5.13.jar;C:\Users\HP-PC\.m2\repository\org\apache\httpcomponents\httpcore\4.4.14\httpcore-4.4.14.jar;C:\Users\HP-PC\.m2\repository\commons-codec\commons-codec\1.15\commons-codec-1.15.jar;C:\Users\HP-PC\.m2\repository\commons-configuration\commons-configuration\1.10\commons-configuration-1.10.jar;C:\Users\HP-PC\.m2\repository\commons-lang\commons-lang\2.6\commons-lang-2.6.jar;C:\Users\HP-PC\.m2\repository\com\google\inject\guice\4.1.0\guice-4.1.0.jar;C:\Users\HP-PC\.m2\repository\javax\inject\javax.inject\1\javax.inject-1.jar;C:\Users\HP-PC\.m2\repository\aopalliance\aopalliance\1.0\aopalliance-1.0.jar;C:\Users\HP-PC\.m2\repository\com\fasterxml\jackson\core\jackson-annotations\2.11.4\jackson-annotations-2.11.4.jar;C:\Users\HP-PC\.m2\repository\com\fasterxml\jackson\core\jackson-core\2.11.4\jackson-core-2.11.4.jar;C:\Users\HP-PC\.m2\repository\com\fasterxml\jackson\core\jackson-databind\2.11.4\jackson-databind-2.11.4.jar;C:\Users\HP-PC\.m2\repository\org\codehaus\jettison\jettison\1.4.0\jettison-1.4.0.jar;C:\Users\HP-PC\.m2\repository\com\netflix\eureka\eureka-core\1.10.11\eureka-core-1.10.11.jar;C:\Users\HP-PC\.m2\repository\com\fasterxml\woodstox\woodstox-core\5.3.0\woodstox-core-5.3.0.jar;C:\Users\HP-PC\.m2\repository\org\codehaus\woodstox\stax2-api\4.2\stax2-api-4.2.jar;C:\Users\HP-PC\.m2\repository\org\springframework\cloud\spring-cloud-starter-loadbalancer\3.0.2\spring-cloud-starter-loadbalancer-3.0.2.jar;C:\Users\HP-PC\.m2\repository\org\springframework\cloud\spring-cloud-loadbalancer\3.0.2\spring-cloud-loadbalancer-3.0.2.jar;C:\Users\HP-PC\.m2\repository\org\springframework\boot\spring-boot-starter-validation\2.4.4\spring-boot-starter-validation-2.4.4.jar;C:\Users\HP-PC\.m2\repository\org\hibernate\validator\hibernate-validator\6.1.7.Final\hibernate-validator-6.1.7.Final.jar;C:\Users\HP-PC\.m2\repository\jakarta\validation\jakarta.validation-api\2.0.2\jakarta.validation-api-2.0.2.jar;C:\Users\HP-PC\.m2\repository\org\jboss\logging\jboss-logging\3.4.1.Final\jboss-logging-3.4.1.Final.jar;C:\Users\HP-PC\.m2\repository\com\fasterxml\classmate\1.5.1\classmate-1.5.1.jar;C:\Users\HP-PC\.m2\repository\io\projectreactor\reactor-core\3.4.4\reactor-core-3.4.4.jar;C:\Users\HP-PC\.m2\repository\org\reactivestreams\reactive-streams\1.0.3\reactive-streams-1.0.3.jar;C:\Users\HP-PC\.m2\repository\io\projectreactor\addons\reactor-extra\3.4.2\reactor-extra-3.4.2.jar;C:\Users\HP-PC\.m2\repository\org\springframework\boot\spring-boot-starter-cache\2.4.4\spring-boot-starter-cache-2.4.4.jar;C:\Users\HP-PC\.m2\repository\org\springframework\spring-context-support\5.3.5\spring-context-support-5.3.5.jar;C:\Users\HP-PC\.m2\repository\com\stoyanr\evictor\1.0.0\evictor-1.0.0.jar;C:\Users\HP-PC\.m2\repository\org\springframework\boot\spring-boot-starter-web\2.4.4\spring-boot-starter-web-2.4.4.jar;C:\Users\HP-PC\.m2\repository\org\springframework\boot\spring-boot-starter\2.4.4\spring-boot-starter-2.4.4.jar;C:\Users\HP-PC\.m2\repository\org\springframework\boot\spring-boot\2.4.4\spring-boot-2.4.4.jar;C:\Users\HP-PC\.m2\repository\org\springframework\boot\spring-boot-autoconfigure\2.4.4\spring-boot-autoconfigure-2.4.4.jar;C:\Users\HP-PC\.m2\repository\org\springframework\boot\spring-boot-starter-logging\2.4.4\spring-boot-starter-logging-2.4.4.jar;C:\Users\HP-PC\.m2\repository\ch\qos\logback\logback-classic\1.2.3\logback-classic-1.2.3.jar;C:\Users\HP-PC\.m2\repository\ch\qos\logback\logback-core\1.2.3\logback-core-1.2.3.jar;C:\Users\HP-PC\.m2\repository\org\apache\logging\log4j\log4j-to-slf4j\2.13.3\log4j-to-slf4j-2.13.3.jar;C:\Users\HP-PC\.m2\repository\org\apache\logging\log4j\log4j-api\2.13.3\log4j-api-2.13.3.jar;C:\Users\HP-PC\.m2\repository\org\slf4j\jul-to-slf4j\1.7.30\jul-to-slf4j-1.7.30.jar;C:\Users\HP-PC\.m2\repository\jakarta\annotation\jakarta.annotation-api\1.3.5\jakarta.annotation-api-1.3.5.jar;C:\Users\HP-PC\.m2\repository\org\yaml\snakeyaml\1.27\snakeyaml-1.27.jar;C:\Users\HP-PC\.m2\repository\org\springframework\boot\spring-boot-starter-json\2.4.4\spring-boot-starter-json-2.4.4.jar;C:\Users\HP-PC\.m2\repository\com\fasterxml\jackson\datatype\jackson-datatype-jdk8\2.11.4\jackson-datatype-jdk8-2.11.4.jar;C:\Users\HP-PC\.m2\repository\com\fasterxml\jackson\datatype\jackson-datatype-jsr310\2.11.4\jackson-datatype-jsr310-2.11.4.jar;C:\Users\HP-PC\.m2\repository\com\fasterxml\jackson\module\jackson-module-parameter-names\2.11.4\jackson-module-parameter-names-2.11.4.jar;C:\Users\HP-PC\.m2\repository\org\springframework\boot\spring-boot-starter-tomcat\2.4.4\spring-boot-starter-tomcat-2.4.4.jar;C:\Users\HP-PC\.m2\repository\org\apache\tomcat\embed\tomcat-embed-core\9.0.44\tomcat-embed-core-9.0.44.jar;C:\Users\HP-PC\.m2\repository\org\glassfish\jakarta.el\3.0.3\jakarta.el-3.0.3.jar;C:\Users\HP-PC\.m2\repository\org\apache\tomcat\embed\tomcat-embed-websocket\9.0.44\tomcat-embed-websocket-9.0.44.jar;C:\Users\HP-PC\.m2\repository\org\springframework\spring-web\5.3.5\spring-web-5.3.5.jar;C:\Users\HP-PC\.m2\repository\org\springframework\spring-beans\5.3.5\spring-beans-5.3.5.jar;C:\Users\HP-PC\.m2\repository\org\springframework\spring-webmvc\5.3.5\spring-webmvc-5.3.5.jar;C:\Users\HP-PC\.m2\repository\org\springframework\spring-aop\5.3.5\spring-aop-5.3.5.jar;C:\Users\HP-PC\.m2\repository\org\springframework\spring-context\5.3.5\spring-context-5.3.5.jar;C:\Users\HP-PC\.m2\repository\org\springframework\spring-expression\5.3.5\spring-expression-5.3.5.jar;C:\Users\HP-PC\.m2\repository\org\slf4j\slf4j-api\1.7.30\slf4j-api-1.7.30.jar;C:\Users\HP-PC\.m2\repository\org\springframework\spring-core\5.3.5\spring-core-5.3.5.jar;C:\Users\HP-PC\.m2\repository\org\springframework\spring-jcl\5.3.5\spring-jcl-5.3.5.jar
Launcher Type: SUN_STANDARD

[Global flags]
     intx CICompilerCount                          = 4                                         {product} {ergonomic}
     uint ConcGCThreads                            = 2                                         {product} {ergonomic}
     uint G1ConcRefinementThreads                  = 8                                         {product} {ergonomic}
   size_t G1HeapRegionSize                         = 2097152                                   {product} {ergonomic}
    uintx GCDrainStackTargetSize                   = 64                                        {product} {ergonomic}
   size_t InitialHeapSize                          = 266338304                                 {product} {ergonomic}
   size_t MarkStackSize                            = 4194304                                   {product} {ergonomic}
   size_t MaxHeapSize                              = 4234149888                                {product} {ergonomic}
   size_t MaxNewSize                               = 2539651072                                {product} {ergonomic}
   size_t MinHeapDeltaBytes                        = 2097152                                   {product} {ergonomic}
   size_t MinHeapSize                              = 8388608                                   {product} {ergonomic}
    uintx NonNMethodCodeHeapSize                   = 5839372                                {pd product} {ergonomic}
    uintx NonProfiledCodeHeapSize                  = 122909434                              {pd product} {ergonomic}
    uintx ProfiledCodeHeapSize                     = 122909434                              {pd product} {ergonomic}
    uintx ReservedCodeCacheSize                    = 251658240                              {pd product} {ergonomic}
     bool SegmentedCodeCache                       = true                                      {product} {ergonomic}
     bool ShowCodeDetailsInExceptionMessages       = true                                   {manageable} {command line}
   size_t SoftMaxHeapSize                          = 4234149888                             {manageable} {ergonomic}
     bool UseCompressedClassPointers               = true                           {product lp64_product} {ergonomic}
     bool UseCompressedOops                        = true                           {product lp64_product} {ergonomic}
     bool UseG1GC                                  = true                                      {product} {ergonomic}
     bool UseLargePagesIndividualAllocation        = false                                  {pd product} {ergonomic}

Logging:
Log output configuration:
 #0: stdout all=warning uptime,level,tags foldmultilines=false
 #1: stderr all=off uptime,level,tags foldmultilines=false

Environment Variables:
PATH=C:/Program Files/Java/jdk-18.0.2/bin/server;C:/Program Files/Java/jdk-18.0.2/bin;C:\Program Files (x86)\VMware\VMware Workstation\bin\;C:\Program Files\Common Files\Oracle\Java\javapath;C:\WINDOWS\system32;C:\WINDOWS;C:\WINDOWS\System32\Wbem;C:\WINDOWS\System32\WindowsPowerShell\v1.0\;C:\WINDOWS\System32\OpenSSH\;C:\Users\HP-PC\Downloads\jdk-18_windows-x64_bin.exe;C:\Program Files\MySQL\MySQL Server 8.0\bin;C:\Program Files\Docker\Docker\resources\bin;C:\Program Files\MySQL\MySQL Shell 8.0\bin\;C:\Users\HP-PC\AppData\Local\Programs\Python\Python310\Scripts\;C:\Users\HP-PC\AppData\Local\Programs\Python\Python310\;C:\Users\HP-PC\AppData\Local\Microsoft\WindowsApps;C:\Users\HP-PC\AppData\Local\Programs\Microsoft VS Code\bin;;C:\Program Files\JetBrains\IntelliJ IDEA 2023.2.2\bin;;C:\Users\HP-PC\OneDrive\Desktop;
USERNAME=HP-PC
OS=Windows_NT
PROCESSOR_IDENTIFIER=Intel64 Family 6 Model 140 Stepping 1, GenuineIntel



---------------  S Y S T E M  ---------------

OS:
 Windows 11 , 64 bit Build 22621 (10.0.22621.2215)
OS uptime: 0 days 6:41 hours
Hyper-V role detected

CPU: total 8 (initial active 8) (4 cores per cpu, 2 threads per core) family 6 model 140 stepping 1 microcode 0x9a, cx8, cmov, fxsr, ht, mmx, 3dnowpref, sse, sse2, sse3, ssse3, sse4.1, sse4.2, popcnt, lzcnt, tsc, tscinvbit, avx, avx2, aes, erms, clmul, bmi1, bmi2, adx, avx512f, avx512dq, avx512cd, avx512bw, avx512vl, sha, fma, vzeroupper, avx512_vpopcntdq, avx512_vpclmulqdq, avx512_vaes, avx512_vnni, clflush, clflushopt, clwb, avx512_vbmi2, avx512_vbmi, hv

Memory: 4k page, system-wide physical 16151M (3612M free)
TotalPageFile size 20925M (AvailPageFile size 0M)
current process WorkingSet (physical memory assigned to process): 50M, peak: 50M
current process commit charge ("private bytes"): 348M, peak: 348M

vm_info: Java HotSpot(TM) 64-Bit Server VM (18.0.2+9-61) for windows-amd64 JRE (18.0.2+9-61), built on Jun  7 2022 13:09:01 by "mach5one" with MS VC++ 16.8 / 16.9 (VS2019)

END.
