#
# There is insufficient memory for the Java Runtime Environment to continue.
# Native memory allocation (malloc) failed to allocate 107296 bytes for Chunk::new
# Possible reasons:
#   The system is out of physical RAM or swap space
#   The process is running with CompressedOops enabled, and the Java Heap may be blocking the growth of the native heap
# Possible solutions:
#   Reduce memory load on the system
#   Increase physical memory or swap space
#   Check if swap backing store is full
#   Decrease Java heap size (-Xmx/-Xms)
#   Decrease number of Java threads
#   Decrease Java thread stack sizes (-Xss)
#   Set larger code cache with -XX:ReservedCodeCacheSize=
#   JVM is running with Zero Based Compressed Oops mode in which the Java heap is
#     placed in the first 32GB address space. The Java Heap base address is the
#     maximum limit for the native heap growth. Please use -XX:HeapBaseMinAddress
#     to set the Java Heap base and to place the Java Heap above 32GB virtual address.
# This output file may be truncated or incomplete.
#
#  Out of Memory Error (arena.cpp:184), pid=24920, tid=25984
#
# JRE version: Java(TM) SE Runtime Environment (18.0.2+9) (build 18.0.2+9-61)
# Java VM: Java HotSpot(TM) 64-Bit Server VM (18.0.2+9-61, mixed mode, sharing, tiered, compressed oops, compressed class ptrs, g1 gc, windows-amd64)
# No core dump will be written. Minidumps are not enabled by default on client versions of Windows
#

---------------  S U M M A R Y ------------

Command Line: -Dfile.encoding=UTF-8 -XX:+ShowCodeDetailsInExceptionMessages com.contact.ContactServiceApplication

Host: 11th Gen Intel(R) Core(TM) i5-1135G7 @ 2.40GHz, 8 cores, 15G,  Windows 11 , 64 bit Build 22621 (10.0.22621.2215)
Time: Sat Sep 30 16:19:11 2023 India Standard Time elapsed time: 1.517783 seconds (0d 0h 0m 1s)

---------------  T H R E A D  ---------------

Current thread (0x000001f527987aa0):  JavaThread "C2 CompilerThread0" daemon [_thread_in_native, id=25984, stack(0x000000f298900000,0x000000f298a00000)]


Current CompileTask:
C2:   1517  130   !   4       java.util.zip.ZipFile$Source::checkAndAddEntry (209 bytes)

Stack: [0x000000f298900000,0x000000f298a00000]
Native frames: (J=compiled Java code, j=interpreted, Vv=VM code, C=native code)
V  [jvm.dll+0x6993ca]
V  [jvm.dll+0x7f481d]
V  [jvm.dll+0x7f612e]
V  [jvm.dll+0x7f67e3]
V  [jvm.dll+0x25cdaf]
V  [jvm.dll+0xb8c2f]
V  [jvm.dll+0xb8fa5]
V  [jvm.dll+0x2c7cbf]
V  [jvm.dll+0x5a0d8e]
V  [jvm.dll+0x23876e]
V  [jvm.dll+0x231cf5]
V  [jvm.dll+0x22f21b]
V  [jvm.dll+0x1ba01c]
V  [jvm.dll+0x23ec9a]
V  [jvm.dll+0x23cf85]
V  [jvm.dll+0x7a6e21]
V  [jvm.dll+0x7a125a]
V  [jvm.dll+0x698275]
C  [ucrtbase.dll+0x29363]
C  [KERNEL32.DLL+0x1257d]
C  [ntdll.dll+0x5aa68]


---------------  P R O C E S S  ---------------

Threads class SMR info:
_java_thread_list=0x000001f52bca1c80, length=12, elements={
0x000001f504d08d60, 0x000001f527967cd0, 0x000001f527969e20, 0x000001f5279831d0,
0x000001f527983a80, 0x000001f527986430, 0x000001f527986dd0, 0x000001f527987aa0,
0x000001f5279f0e80, 0x000001f5279f3c20, 0x000001f52bcbef40, 0x000001f52bcc3050
}

Java Threads: ( => current thread )
  0x000001f504d08d60 JavaThread "main" [_thread_in_native, id=1848, stack(0x000000f297c00000,0x000000f297d00000)]
  0x000001f527967cd0 JavaThread "Reference Handler" daemon [_thread_blocked, id=24056, stack(0x000000f298300000,0x000000f298400000)]
  0x000001f527969e20 JavaThread "Finalizer" daemon [_thread_blocked, id=6392, stack(0x000000f298400000,0x000000f298500000)]
  0x000001f5279831d0 JavaThread "Signal Dispatcher" daemon [_thread_blocked, id=22036, stack(0x000000f298500000,0x000000f298600000)]
  0x000001f527983a80 JavaThread "Attach Listener" daemon [_thread_blocked, id=26596, stack(0x000000f298600000,0x000000f298700000)]
  0x000001f527986430 JavaThread "Service Thread" daemon [_thread_blocked, id=23292, stack(0x000000f298700000,0x000000f298800000)]
  0x000001f527986dd0 JavaThread "Monitor Deflation Thread" daemon [_thread_blocked, id=23284, stack(0x000000f298800000,0x000000f298900000)]
=>0x000001f527987aa0 JavaThread "C2 CompilerThread0" daemon [_thread_in_native, id=25984, stack(0x000000f298900000,0x000000f298a00000)]
  0x000001f5279f0e80 JavaThread "C1 CompilerThread0" daemon [_thread_blocked, id=12520, stack(0x000000f298a00000,0x000000f298b00000)]
  0x000001f5279f3c20 JavaThread "Sweeper thread" daemon [_thread_blocked, id=25884, stack(0x000000f298b00000,0x000000f298c00000)]
  0x000001f52bcbef40 JavaThread "Notification Thread" daemon [_thread_blocked, id=21872, stack(0x000000f298c00000,0x000000f298d00000)]
  0x000001f52bcc3050 JavaThread "Common-Cleaner" daemon [_thread_blocked, id=3808, stack(0x000000f298e00000,0x000000f298f00000)]

Other Threads:
  0x000001f527965ce0 VMThread "VM Thread" [stack: 0x000000f298200000,0x000000f298300000] [id=24064]
  0x000001f52bcbf400 WatcherThread "VM Periodic Task Thread" [stack: 0x000000f298d00000,0x000000f298e00000] [id=20080]
  0x000001f504d7b3e0 WorkerThread "GC Thread#0" [stack: 0x000000f297d00000,0x000000f297e00000] [id=16396]
  0x000001f504d8bf60 ConcurrentGCThread "G1 Main Marker" [stack: 0x000000f297e00000,0x000000f297f00000] [id=17932]
  0x000001f504d8e100 WorkerThread "G1 Conc#0" [stack: 0x000000f297f00000,0x000000f298000000] [id=22860]
  0x000001f504dbe6d0 ConcurrentGCThread "G1 Refine#0" [stack: 0x000000f298000000,0x000000f298100000] [id=24292]
  0x000001f52781d2b0 ConcurrentGCThread "G1 Service" [stack: 0x000000f298100000,0x000000f298200000] [id=11460]

Threads with active compile tasks:
C2 CompilerThread0     1579  130   !   4       java.util.zip.ZipFile$Source::checkAndAddEntry (209 bytes)

VM state: not at safepoint (normal execution)

VM Mutex/Monitor currently owned by a thread: None

Heap address: 0x0000000703a00000, size: 4038 MB, Compressed Oops mode: Zero based, Oop shift amount: 3

CDS archive(s) mapped at: [0x0000000800000000-0x0000000800ba0000-0x0000000800ba0000), size 12189696, SharedBaseAddress: 0x0000000800000000, ArchiveRelocationMode: 0.
Compressed class space mapped at: 0x0000000800c00000-0x0000000840c00000, reserved size: 1073741824
Narrow klass base: 0x0000000800000000, Narrow klass shift: 0, Narrow klass range: 0x100000000

GC Precious Log:
 CardTable entry size: 512
 Card Set container configuration: InlinePtr #cards 4 size 8 Array Of Cards #cards 16 size 48 Howl #buckets 8 coarsen threshold 3686 Howl Bitmap #cards 512 size 80 coarsen threshold 460 Card regions per heap region 1 cards per card region 4096
 CPUs: 8 total, 8 available
 Memory: 16151M
 Large Page Support: Disabled
 NUMA Support: Disabled
 Compressed Oops: Enabled (Zero based)
 Heap Region Size: 2M
 Heap Min Capacity: 8M
 Heap Initial Capacity: 254M
 Heap Max Capacity: 4038M
 Pre-touch: Disabled
 Parallel Workers: 8
 Concurrent Workers: 2
 Concurrent Refinement Workers: 8
 Periodic GC: Disabled

Heap:
 garbage-first heap   total 260096K, used 4096K [0x0000000703a00000, 0x0000000800000000)
  region size 2048K, 3 young (6144K), 0 survivors (0K)
 Metaspace       used 210K, committed 448K, reserved 1114112K
  class space    used 7K, committed 128K, reserved 1048576K

Heap Regions: E=young(eden), S=young(survivor), O=old, HS=humongous(starts), HC=humongous(continues), CS=collection set, F=free, OA=open archive, CA=closed archive, TAMS=top-at-mark-start (previous, next)
|   0|0x0000000703a00000, 0x0000000703a00000, 0x0000000703c00000|  0%| F|  |TAMS 0x0000000703a00000, 0x0000000703a00000| Untracked 
|   1|0x0000000703c00000, 0x0000000703c00000, 0x0000000703e00000|  0%| F|  |TAMS 0x0000000703c00000, 0x0000000703c00000| Untracked 
|   2|0x0000000703e00000, 0x0000000703e00000, 0x0000000704000000|  0%| F|  |TAMS 0x0000000703e00000, 0x0000000703e00000| Untracked 
|   3|0x0000000704000000, 0x0000000704000000, 0x0000000704200000|  0%| F|  |TAMS 0x0000000704000000, 0x0000000704000000| Untracked 
|   4|0x0000000704200000, 0x0000000704200000, 0x0000000704400000|  0%| F|  |TAMS 0x0000000704200000, 0x0000000704200000| Untracked 
|   5|0x0000000704400000, 0x0000000704400000, 0x0000000704600000|  0%| F|  |TAMS 0x0000000704400000, 0x0000000704400000| Untracked 
|   6|0x0000000704600000, 0x0000000704600000, 0x0000000704800000|  0%| F|  |TAMS 0x0000000704600000, 0x0000000704600000| Untracked 
|   7|0x0000000704800000, 0x0000000704800000, 0x0000000704a00000|  0%| F|  |TAMS 0x0000000704800000, 0x0000000704800000| Untracked 
|   8|0x0000000704a00000, 0x0000000704a00000, 0x0000000704c00000|  0%| F|  |TAMS 0x0000000704a00000, 0x0000000704a00000| Untracked 
|   9|0x0000000704c00000, 0x0000000704c00000, 0x0000000704e00000|  0%| F|  |TAMS 0x0000000704c00000, 0x0000000704c00000| Untracked 
|  10|0x0000000704e00000, 0x0000000704e00000, 0x0000000705000000|  0%| F|  |TAMS 0x0000000704e00000, 0x0000000704e00000| Untracked 
|  11|0x0000000705000000, 0x0000000705000000, 0x0000000705200000|  0%| F|  |TAMS 0x0000000705000000, 0x0000000705000000| Untracked 
|  12|0x0000000705200000, 0x0000000705200000, 0x0000000705400000|  0%| F|  |TAMS 0x0000000705200000, 0x0000000705200000| Untracked 
|  13|0x0000000705400000, 0x0000000705400000, 0x0000000705600000|  0%| F|  |TAMS 0x0000000705400000, 0x0000000705400000| Untracked 
|  14|0x0000000705600000, 0x0000000705600000, 0x0000000705800000|  0%| F|  |TAMS 0x0000000705600000, 0x0000000705600000| Untracked 
|  15|0x0000000705800000, 0x0000000705800000, 0x0000000705a00000|  0%| F|  |TAMS 0x0000000705800000, 0x0000000705800000| Untracked 
|  16|0x0000000705a00000, 0x0000000705a00000, 0x0000000705c00000|  0%| F|  |TAMS 0x0000000705a00000, 0x0000000705a00000| Untracked 
|  17|0x0000000705c00000, 0x0000000705c00000, 0x0000000705e00000|  0%| F|  |TAMS 0x0000000705c00000, 0x0000000705c00000| Untracked 
|  18|0x0000000705e00000, 0x0000000705e00000, 0x0000000706000000|  0%| F|  |TAMS 0x0000000705e00000, 0x0000000705e00000| Untracked 
|  19|0x0000000706000000, 0x0000000706000000, 0x0000000706200000|  0%| F|  |TAMS 0x0000000706000000, 0x0000000706000000| Untracked 
|  20|0x0000000706200000, 0x0000000706200000, 0x0000000706400000|  0%| F|  |TAMS 0x0000000706200000, 0x0000000706200000| Untracked 
|  21|0x0000000706400000, 0x0000000706400000, 0x0000000706600000|  0%| F|  |TAMS 0x0000000706400000, 0x0000000706400000| Untracked 
|  22|0x0000000706600000, 0x0000000706600000, 0x0000000706800000|  0%| F|  |TAMS 0x0000000706600000, 0x0000000706600000| Untracked 
|  23|0x0000000706800000, 0x0000000706800000, 0x0000000706a00000|  0%| F|  |TAMS 0x0000000706800000, 0x0000000706800000| Untracked 
|  24|0x0000000706a00000, 0x0000000706a00000, 0x0000000706c00000|  0%| F|  |TAMS 0x0000000706a00000, 0x0000000706a00000| Untracked 
|  25|0x0000000706c00000, 0x0000000706c00000, 0x0000000706e00000|  0%| F|  |TAMS 0x0000000706c00000, 0x0000000706c00000| Untracked 
|  26|0x0000000706e00000, 0x0000000706e00000, 0x0000000707000000|  0%| F|  |TAMS 0x0000000706e00000, 0x0000000706e00000| Untracked 
|  27|0x0000000707000000, 0x0000000707000000, 0x0000000707200000|  0%| F|  |TAMS 0x0000000707000000, 0x0000000707000000| Untracked 
|  28|0x0000000707200000, 0x0000000707200000, 0x0000000707400000|  0%| F|  |TAMS 0x0000000707200000, 0x0000000707200000| Untracked 
|  29|0x0000000707400000, 0x0000000707400000, 0x0000000707600000|  0%| F|  |TAMS 0x0000000707400000, 0x0000000707400000| Untracked 
|  30|0x0000000707600000, 0x0000000707600000, 0x0000000707800000|  0%| F|  |TAMS 0x0000000707600000, 0x0000000707600000| Untracked 
|  31|0x0000000707800000, 0x0000000707800000, 0x0000000707a00000|  0%| F|  |TAMS 0x0000000707800000, 0x0000000707800000| Untracked 
|  32|0x0000000707a00000, 0x0000000707a00000, 0x0000000707c00000|  0%| F|  |TAMS 0x0000000707a00000, 0x0000000707a00000| Untracked 
|  33|0x0000000707c00000, 0x0000000707c00000, 0x0000000707e00000|  0%| F|  |TAMS 0x0000000707c00000, 0x0000000707c00000| Untracked 
|  34|0x0000000707e00000, 0x0000000707e00000, 0x0000000708000000|  0%| F|  |TAMS 0x0000000707e00000, 0x0000000707e00000| Untracked 
|  35|0x0000000708000000, 0x0000000708000000, 0x0000000708200000|  0%| F|  |TAMS 0x0000000708000000, 0x0000000708000000| Untracked 
|  36|0x0000000708200000, 0x0000000708200000, 0x0000000708400000|  0%| F|  |TAMS 0x0000000708200000, 0x0000000708200000| Untracked 
|  37|0x0000000708400000, 0x0000000708400000, 0x0000000708600000|  0%| F|  |TAMS 0x0000000708400000, 0x0000000708400000| Untracked 
|  38|0x0000000708600000, 0x0000000708600000, 0x0000000708800000|  0%| F|  |TAMS 0x0000000708600000, 0x0000000708600000| Untracked 
|  39|0x0000000708800000, 0x0000000708800000, 0x0000000708a00000|  0%| F|  |TAMS 0x0000000708800000, 0x0000000708800000| Untracked 
|  40|0x0000000708a00000, 0x0000000708a00000, 0x0000000708c00000|  0%| F|  |TAMS 0x0000000708a00000, 0x0000000708a00000| Untracked 
|  41|0x0000000708c00000, 0x0000000708c00000, 0x0000000708e00000|  0%| F|  |TAMS 0x0000000708c00000, 0x0000000708c00000| Untracked 
|  42|0x0000000708e00000, 0x0000000708e00000, 0x0000000709000000|  0%| F|  |TAMS 0x0000000708e00000, 0x0000000708e00000| Untracked 
|  43|0x0000000709000000, 0x0000000709000000, 0x0000000709200000|  0%| F|  |TAMS 0x0000000709000000, 0x0000000709000000| Untracked 
|  44|0x0000000709200000, 0x0000000709200000, 0x0000000709400000|  0%| F|  |TAMS 0x0000000709200000, 0x0000000709200000| Untracked 
|  45|0x0000000709400000, 0x0000000709400000, 0x0000000709600000|  0%| F|  |TAMS 0x0000000709400000, 0x0000000709400000| Untracked 
|  46|0x0000000709600000, 0x0000000709600000, 0x0000000709800000|  0%| F|  |TAMS 0x0000000709600000, 0x0000000709600000| Untracked 
|  47|0x0000000709800000, 0x0000000709800000, 0x0000000709a00000|  0%| F|  |TAMS 0x0000000709800000, 0x0000000709800000| Untracked 
|  48|0x0000000709a00000, 0x0000000709a00000, 0x0000000709c00000|  0%| F|  |TAMS 0x0000000709a00000, 0x0000000709a00000| Untracked 
|  49|0x0000000709c00000, 0x0000000709c00000, 0x0000000709e00000|  0%| F|  |TAMS 0x0000000709c00000, 0x0000000709c00000| Untracked 
|  50|0x0000000709e00000, 0x0000000709e00000, 0x000000070a000000|  0%| F|  |TAMS 0x0000000709e00000, 0x0000000709e00000| Untracked 
|  51|0x000000070a000000, 0x000000070a000000, 0x000000070a200000|  0%| F|  |TAMS 0x000000070a000000, 0x000000070a000000| Untracked 
|  52|0x000000070a200000, 0x000000070a200000, 0x000000070a400000|  0%| F|  |TAMS 0x000000070a200000, 0x000000070a200000| Untracked 
|  53|0x000000070a400000, 0x000000070a400000, 0x000000070a600000|  0%| F|  |TAMS 0x000000070a400000, 0x000000070a400000| Untracked 
|  54|0x000000070a600000, 0x000000070a600000, 0x000000070a800000|  0%| F|  |TAMS 0x000000070a600000, 0x000000070a600000| Untracked 
|  55|0x000000070a800000, 0x000000070a800000, 0x000000070aa00000|  0%| F|  |TAMS 0x000000070a800000, 0x000000070a800000| Untracked 
|  56|0x000000070aa00000, 0x000000070aa00000, 0x000000070ac00000|  0%| F|  |TAMS 0x000000070aa00000, 0x000000070aa00000| Untracked 
|  57|0x000000070ac00000, 0x000000070ac00000, 0x000000070ae00000|  0%| F|  |TAMS 0x000000070ac00000, 0x000000070ac00000| Untracked 
|  58|0x000000070ae00000, 0x000000070ae00000, 0x000000070b000000|  0%| F|  |TAMS 0x000000070ae00000, 0x000000070ae00000| Untracked 
|  59|0x000000070b000000, 0x000000070b000000, 0x000000070b200000|  0%| F|  |TAMS 0x000000070b000000, 0x000000070b000000| Untracked 
|  60|0x000000070b200000, 0x000000070b200000, 0x000000070b400000|  0%| F|  |TAMS 0x000000070b200000, 0x000000070b200000| Untracked 
|  61|0x000000070b400000, 0x000000070b400000, 0x000000070b600000|  0%| F|  |TAMS 0x000000070b400000, 0x000000070b400000| Untracked 
|  62|0x000000070b600000, 0x000000070b600000, 0x000000070b800000|  0%| F|  |TAMS 0x000000070b600000, 0x000000070b600000| Untracked 
|  63|0x000000070b800000, 0x000000070b800000, 0x000000070ba00000|  0%| F|  |TAMS 0x000000070b800000, 0x000000070b800000| Untracked 
|  64|0x000000070ba00000, 0x000000070ba00000, 0x000000070bc00000|  0%| F|  |TAMS 0x000000070ba00000, 0x000000070ba00000| Untracked 
|  65|0x000000070bc00000, 0x000000070bc00000, 0x000000070be00000|  0%| F|  |TAMS 0x000000070bc00000, 0x000000070bc00000| Untracked 
|  66|0x000000070be00000, 0x000000070be00000, 0x000000070c000000|  0%| F|  |TAMS 0x000000070be00000, 0x000000070be00000| Untracked 
|  67|0x000000070c000000, 0x000000070c000000, 0x000000070c200000|  0%| F|  |TAMS 0x000000070c000000, 0x000000070c000000| Untracked 
|  68|0x000000070c200000, 0x000000070c200000, 0x000000070c400000|  0%| F|  |TAMS 0x000000070c200000, 0x000000070c200000| Untracked 
|  69|0x000000070c400000, 0x000000070c400000, 0x000000070c600000|  0%| F|  |TAMS 0x000000070c400000, 0x000000070c400000| Untracked 
|  70|0x000000070c600000, 0x000000070c600000, 0x000000070c800000|  0%| F|  |TAMS 0x000000070c600000, 0x000000070c600000| Untracked 
|  71|0x000000070c800000, 0x000000070c800000, 0x000000070ca00000|  0%| F|  |TAMS 0x000000070c800000, 0x000000070c800000| Untracked 
|  72|0x000000070ca00000, 0x000000070ca00000, 0x000000070cc00000|  0%| F|  |TAMS 0x000000070ca00000, 0x000000070ca00000| Untracked 
|  73|0x000000070cc00000, 0x000000070cc00000, 0x000000070ce00000|  0%| F|  |TAMS 0x000000070cc00000, 0x000000070cc00000| Untracked 
|  74|0x000000070ce00000, 0x000000070ce00000, 0x000000070d000000|  0%| F|  |TAMS 0x000000070ce00000, 0x000000070ce00000| Untracked 
|  75|0x000000070d000000, 0x000000070d000000, 0x000000070d200000|  0%| F|  |TAMS 0x000000070d000000, 0x000000070d000000| Untracked 
|  76|0x000000070d200000, 0x000000070d200000, 0x000000070d400000|  0%| F|  |TAMS 0x000000070d200000, 0x000000070d200000| Untracked 
|  77|0x000000070d400000, 0x000000070d400000, 0x000000070d600000|  0%| F|  |TAMS 0x000000070d400000, 0x000000070d400000| Untracked 
|  78|0x000000070d600000, 0x000000070d600000, 0x000000070d800000|  0%| F|  |TAMS 0x000000070d600000, 0x000000070d600000| Untracked 
|  79|0x000000070d800000, 0x000000070d800000, 0x000000070da00000|  0%| F|  |TAMS 0x000000070d800000, 0x000000070d800000| Untracked 
|  80|0x000000070da00000, 0x000000070da00000, 0x000000070dc00000|  0%| F|  |TAMS 0x000000070da00000, 0x000000070da00000| Untracked 
|  81|0x000000070dc00000, 0x000000070dc00000, 0x000000070de00000|  0%| F|  |TAMS 0x000000070dc00000, 0x000000070dc00000| Untracked 
|  82|0x000000070de00000, 0x000000070de00000, 0x000000070e000000|  0%| F|  |TAMS 0x000000070de00000, 0x000000070de00000| Untracked 
|  83|0x000000070e000000, 0x000000070e000000, 0x000000070e200000|  0%| F|  |TAMS 0x000000070e000000, 0x000000070e000000| Untracked 
|  84|0x000000070e200000, 0x000000070e200000, 0x000000070e400000|  0%| F|  |TAMS 0x000000070e200000, 0x000000070e200000| Untracked 
|  85|0x000000070e400000, 0x000000070e400000, 0x000000070e600000|  0%| F|  |TAMS 0x000000070e400000, 0x000000070e400000| Untracked 
|  86|0x000000070e600000, 0x000000070e600000, 0x000000070e800000|  0%| F|  |TAMS 0x000000070e600000, 0x000000070e600000| Untracked 
|  87|0x000000070e800000, 0x000000070e800000, 0x000000070ea00000|  0%| F|  |TAMS 0x000000070e800000, 0x000000070e800000| Untracked 
|  88|0x000000070ea00000, 0x000000070ea00000, 0x000000070ec00000|  0%| F|  |TAMS 0x000000070ea00000, 0x000000070ea00000| Untracked 
|  89|0x000000070ec00000, 0x000000070ec00000, 0x000000070ee00000|  0%| F|  |TAMS 0x000000070ec00000, 0x000000070ec00000| Untracked 
|  90|0x000000070ee00000, 0x000000070ee00000, 0x000000070f000000|  0%| F|  |TAMS 0x000000070ee00000, 0x000000070ee00000| Untracked 
|  91|0x000000070f000000, 0x000000070f000000, 0x000000070f200000|  0%| F|  |TAMS 0x000000070f000000, 0x000000070f000000| Untracked 
|  92|0x000000070f200000, 0x000000070f200000, 0x000000070f400000|  0%| F|  |TAMS 0x000000070f200000, 0x000000070f200000| Untracked 
|  93|0x000000070f400000, 0x000000070f400000, 0x000000070f600000|  0%| F|  |TAMS 0x000000070f400000, 0x000000070f400000| Untracked 
|  94|0x000000070f600000, 0x000000070f600000, 0x000000070f800000|  0%| F|  |TAMS 0x000000070f600000, 0x000000070f600000| Untracked 
|  95|0x000000070f800000, 0x000000070f800000, 0x000000070fa00000|  0%| F|  |TAMS 0x000000070f800000, 0x000000070f800000| Untracked 
|  96|0x000000070fa00000, 0x000000070fa00000, 0x000000070fc00000|  0%| F|  |TAMS 0x000000070fa00000, 0x000000070fa00000| Untracked 
|  97|0x000000070fc00000, 0x000000070fc00000, 0x000000070fe00000|  0%| F|  |TAMS 0x000000070fc00000, 0x000000070fc00000| Untracked 
|  98|0x000000070fe00000, 0x000000070fe00000, 0x0000000710000000|  0%| F|  |TAMS 0x000000070fe00000, 0x000000070fe00000| Untracked 
|  99|0x0000000710000000, 0x0000000710000000, 0x0000000710200000|  0%| F|  |TAMS 0x0000000710000000, 0x0000000710000000| Untracked 
| 100|0x0000000710200000, 0x0000000710200000, 0x0000000710400000|  0%| F|  |TAMS 0x0000000710200000, 0x0000000710200000| Untracked 
| 101|0x0000000710400000, 0x0000000710400000, 0x0000000710600000|  0%| F|  |TAMS 0x0000000710400000, 0x0000000710400000| Untracked 
| 102|0x0000000710600000, 0x0000000710600000, 0x0000000710800000|  0%| F|  |TAMS 0x0000000710600000, 0x0000000710600000| Untracked 
| 103|0x0000000710800000, 0x0000000710800000, 0x0000000710a00000|  0%| F|  |TAMS 0x0000000710800000, 0x0000000710800000| Untracked 
| 104|0x0000000710a00000, 0x0000000710a00000, 0x0000000710c00000|  0%| F|  |TAMS 0x0000000710a00000, 0x0000000710a00000| Untracked 
| 105|0x0000000710c00000, 0x0000000710c00000, 0x0000000710e00000|  0%| F|  |TAMS 0x0000000710c00000, 0x0000000710c00000| Untracked 
| 106|0x0000000710e00000, 0x0000000710e00000, 0x0000000711000000|  0%| F|  |TAMS 0x0000000710e00000, 0x0000000710e00000| Untracked 
| 107|0x0000000711000000, 0x0000000711000000, 0x0000000711200000|  0%| F|  |TAMS 0x0000000711000000, 0x0000000711000000| Untracked 
| 108|0x0000000711200000, 0x0000000711200000, 0x0000000711400000|  0%| F|  |TAMS 0x0000000711200000, 0x0000000711200000| Untracked 
| 109|0x0000000711400000, 0x0000000711400000, 0x0000000711600000|  0%| F|  |TAMS 0x0000000711400000, 0x0000000711400000| Untracked 
| 110|0x0000000711600000, 0x0000000711600000, 0x0000000711800000|  0%| F|  |TAMS 0x0000000711600000, 0x0000000711600000| Untracked 
| 111|0x0000000711800000, 0x0000000711800000, 0x0000000711a00000|  0%| F|  |TAMS 0x0000000711800000, 0x0000000711800000| Untracked 
| 112|0x0000000711a00000, 0x0000000711a00000, 0x0000000711c00000|  0%| F|  |TAMS 0x0000000711a00000, 0x0000000711a00000| Untracked 
| 113|0x0000000711c00000, 0x0000000711c00000, 0x0000000711e00000|  0%| F|  |TAMS 0x0000000711c00000, 0x0000000711c00000| Untracked 
| 114|0x0000000711e00000, 0x0000000711e00000, 0x0000000712000000|  0%| F|  |TAMS 0x0000000711e00000, 0x0000000711e00000| Untracked 
| 115|0x0000000712000000, 0x0000000712000000, 0x0000000712200000|  0%| F|  |TAMS 0x0000000712000000, 0x0000000712000000| Untracked 
| 116|0x0000000712200000, 0x0000000712200000, 0x0000000712400000|  0%| F|  |TAMS 0x0000000712200000, 0x0000000712200000| Untracked 
| 117|0x0000000712400000, 0x0000000712400000, 0x0000000712600000|  0%| F|  |TAMS 0x0000000712400000, 0x0000000712400000| Untracked 
| 118|0x0000000712600000, 0x0000000712600000, 0x0000000712800000|  0%| F|  |TAMS 0x0000000712600000, 0x0000000712600000| Untracked 
| 119|0x0000000712800000, 0x0000000712800000, 0x0000000712a00000|  0%| F|  |TAMS 0x0000000712800000, 0x0000000712800000| Untracked 
| 120|0x0000000712a00000, 0x0000000712a00000, 0x0000000712c00000|  0%| F|  |TAMS 0x0000000712a00000, 0x0000000712a00000| Untracked 
| 121|0x0000000712c00000, 0x0000000712c00000, 0x0000000712e00000|  0%| F|  |TAMS 0x0000000712c00000, 0x0000000712c00000| Untracked 
| 122|0x0000000712e00000, 0x0000000712e00000, 0x0000000713000000|  0%| F|  |TAMS 0x0000000712e00000, 0x0000000712e00000| Untracked 
| 123|0x0000000713000000, 0x0000000713000000, 0x0000000713200000|  0%| F|  |TAMS 0x0000000713000000, 0x0000000713000000| Untracked 
| 124|0x0000000713200000, 0x000000071327f3c0, 0x0000000713400000| 24%| E|  |TAMS 0x0000000713200000, 0x0000000713200000| Complete 
| 125|0x0000000713400000, 0x0000000713600000, 0x0000000713600000|100%| E|CS|TAMS 0x0000000713400000, 0x0000000713400000| Complete 
| 126|0x0000000713600000, 0x0000000713800000, 0x0000000713800000|100%| E|CS|TAMS 0x0000000713600000, 0x0000000713600000| Complete 

Card table byte_map: [0x000001f51c160000,0x000001f51c950000] _byte_map_base: 0x000001f518943000

Marking Bits (Prev, Next): (CMBitMap*) 0x000001f504d7b9e0, (CMBitMap*) 0x000001f504d7ba20
 Prev Bits: [0x000001f51d140000, 0x000001f521058000)
 Next Bits: [0x000001f521060000, 0x000001f524f78000)

Polling page: 0x000001f502d00000

Metaspace:

Usage:
  Non-class:    202.90 KB used.
      Class:      7.75 KB used.
       Both:    210.65 KB used.

Virtual space:
  Non-class space:       64.00 MB reserved,     320.00 KB ( <1%) committed,  1 nodes.
      Class space:        1.00 GB reserved,     128.00 KB ( <1%) committed,  1 nodes.
             Both:        1.06 GB reserved,     448.00 KB ( <1%) committed. 

Chunk freelists:
   Non-Class:  4.00 MB
       Class:  3.75 MB
        Both:  7.74 MB

MaxMetaspaceSize: unlimited
CompressedClassSpaceSize: 1.00 GB
Initial GC threshold: 21.00 MB
Current GC threshold: 21.00 MB
CDS: on
MetaspaceReclaimPolicy: balanced
 - commit_granule_bytes: 65536.
 - commit_granule_words: 8192.
 - virtual_space_node_default_size: 8388608.
 - enlarge_chunks_in_place: 1.
 - new_chunks_are_fully_committed: 0.
 - uncommit_free_chunks: 1.
 - use_allocation_guard: 0.


Internal statistics:

num_allocs_failed_limit: 0.
num_arena_births: 4.
num_arena_deaths: 0.
num_vsnodes_births: 2.
num_vsnodes_deaths: 0.
num_space_committed: 7.
num_space_uncommitted: 0.
num_chunks_returned_to_freelist: 0.
num_chunks_taken_from_freelist: 5.
num_chunk_merges: 0.
num_chunk_splits: 2.
num_chunks_enlarged: 0.
num_inconsistent_stats: 0.

CodeHeap 'non-profiled nmethods': size=120000Kb used=27Kb max_used=27Kb free=119972Kb
 bounds [0x000001f514100000, 0x000001f514370000, 0x000001f51b630000]
CodeHeap 'profiled nmethods': size=120000Kb used=203Kb max_used=203Kb free=119796Kb
 bounds [0x000001f50cbd0000, 0x000001f50ce40000, 0x000001f514100000]
CodeHeap 'non-nmethods': size=5760Kb used=1078Kb max_used=1093Kb free=4681Kb
 bounds [0x000001f50c630000, 0x000001f50c8a0000, 0x000001f50cbd0000]
 total_blobs=464 nmethods=146 adapters=231
 compilation: enabled
              stopped_count=0, restarted_count=0
 full_count=0

Compilation events (20 events):
Event: 1.498 Thread 0x000001f527987aa0  123       4       java.lang.String::charAt (25 bytes)
Event: 1.498 Thread 0x000001f5279f0e80 nmethod 121 0x000001f50cbf8e90 code [0x000001f50cbf9140, 0x000001f50cbfa668]
Event: 1.498 Thread 0x000001f5279f0e80  122       3       java.util.HashMap::put (13 bytes)
Event: 1.499 Thread 0x000001f5279f0e80 nmethod 122 0x000001f50cbfab10 code [0x000001f50cbfacc0, 0x000001f50cbfafb8]
Event: 1.499 Thread 0x000001f527987aa0 nmethod 123 0x000001f514105990 code [0x000001f514105b20, 0x000001f514105c28]
Event: 1.500 Thread 0x000001f5279f0e80  124       3       java.lang.StringBuilder::append (8 bytes)
Event: 1.500 Thread 0x000001f5279f0e80 nmethod 124 0x000001f50cbfb110 code [0x000001f50cbfb2a0, 0x000001f50cbfb3e8]
Event: 1.500 Thread 0x000001f5279f0e80  125       3       java.lang.AbstractStringBuilder::append (45 bytes)
Event: 1.501 Thread 0x000001f5279f0e80 nmethod 125 0x000001f50cbfb490 code [0x000001f50cbfb6a0, 0x000001f50cbfbbd8]
Event: 1.501 Thread 0x000001f5279f0e80  126       3       jdk.internal.util.Preconditions::checkFromToIndex (24 bytes)
Event: 1.501 Thread 0x000001f5279f0e80 nmethod 126 0x000001f50cbfbe10 code [0x000001f50cbfbfc0, 0x000001f50cbfc1a8]
Event: 1.501 Thread 0x000001f527987aa0  127       4       java.util.zip.ZipFile$Source::zipCoderForPos (39 bytes)
Event: 1.501 Thread 0x000001f5279f0e80  128       3       java.lang.StringCoding::hasNegatives (25 bytes)
Event: 1.502 Thread 0x000001f5279f0e80 nmethod 128 0x000001f50cbfc290 code [0x000001f50cbfc440, 0x000001f50cbfc678]
Event: 1.502 Thread 0x000001f527987aa0 nmethod 127 0x000001f514105d90 code [0x000001f514105f00, 0x000001f514105fb8]
Event: 1.502 Thread 0x000001f5279f0e80  129       3       java.io.WinNTFileSystem::normalize (143 bytes)
Event: 1.503 Thread 0x000001f527987aa0  130   !   4       java.util.zip.ZipFile$Source::checkAndAddEntry (209 bytes)
Event: 1.503 Thread 0x000001f5279f0e80 nmethod 129 0x000001f50cbfc790 code [0x000001f50cbfca00, 0x000001f50cbfd4f8]
Event: 1.506 Thread 0x000001f5279f0e80  131       3       java.util.jar.JarFile::match (132 bytes)
Event: 1.507 Thread 0x000001f5279f0e80 nmethod 131 0x000001f50cbfd910 code [0x000001f50cbfdb00, 0x000001f50cbfe078]

GC Heap History (0 events):
No events

Deoptimization events (20 events):
Event: 1.478 Thread 0x000001f504d08d60 DEOPT PACKING pc=0x000001f50cbeca0c sp=0x000000f297cfd8f0
Event: 1.478 Thread 0x000001f504d08d60 DEOPT UNPACKING pc=0x000001f50c686763 sp=0x000000f297cfcd80 mode 0
Event: 1.478 Thread 0x000001f504d08d60 DEOPT PACKING pc=0x000001f50cbeca0c sp=0x000000f297cfd8f0
Event: 1.479 Thread 0x000001f504d08d60 DEOPT UNPACKING pc=0x000001f50c686763 sp=0x000000f297cfcd80 mode 0
Event: 1.479 Thread 0x000001f504d08d60 DEOPT PACKING pc=0x000001f50cbeca0c sp=0x000000f297cfd8f0
Event: 1.479 Thread 0x000001f504d08d60 DEOPT UNPACKING pc=0x000001f50c686763 sp=0x000000f297cfcd80 mode 0
Event: 1.479 Thread 0x000001f504d08d60 DEOPT PACKING pc=0x000001f50cbeca0c sp=0x000000f297cfd8f0
Event: 1.479 Thread 0x000001f504d08d60 DEOPT UNPACKING pc=0x000001f50c686763 sp=0x000000f297cfcd80 mode 0
Event: 1.479 Thread 0x000001f504d08d60 DEOPT PACKING pc=0x000001f50cbeca0c sp=0x000000f297cfd8f0
Event: 1.479 Thread 0x000001f504d08d60 DEOPT UNPACKING pc=0x000001f50c686763 sp=0x000000f297cfcd80 mode 0
Event: 1.479 Thread 0x000001f504d08d60 DEOPT PACKING pc=0x000001f50cbeca0c sp=0x000000f297cfd8f0
Event: 1.479 Thread 0x000001f504d08d60 DEOPT UNPACKING pc=0x000001f50c686763 sp=0x000000f297cfcd80 mode 0
Event: 1.479 Thread 0x000001f504d08d60 DEOPT PACKING pc=0x000001f50cbeca0c sp=0x000000f297cfd8f0
Event: 1.479 Thread 0x000001f504d08d60 DEOPT UNPACKING pc=0x000001f50c686763 sp=0x000000f297cfcd80 mode 0
Event: 1.479 Thread 0x000001f504d08d60 DEOPT PACKING pc=0x000001f50cbeca0c sp=0x000000f297cfd8f0
Event: 1.479 Thread 0x000001f504d08d60 DEOPT UNPACKING pc=0x000001f50c686763 sp=0x000000f297cfcd80 mode 0
Event: 1.479 Thread 0x000001f504d08d60 DEOPT PACKING pc=0x000001f50cbeca0c sp=0x000000f297cfd8f0
Event: 1.479 Thread 0x000001f504d08d60 DEOPT UNPACKING pc=0x000001f50c686763 sp=0x000000f297cfcd80 mode 0
Event: 1.479 Thread 0x000001f504d08d60 DEOPT PACKING pc=0x000001f50cbeca0c sp=0x000000f297cfd8f0
Event: 1.480 Thread 0x000001f504d08d60 DEOPT UNPACKING pc=0x000001f50c686763 sp=0x000000f297cfcd80 mode 0

Classes loaded (4 events):
Event: 1.045 Loading class jdk/internal/loader/URLClassPath$FileLoader
Event: 1.045 Loading class jdk/internal/loader/URLClassPath$FileLoader done
Event: 1.061 Loading class jdk/internal/loader/URLClassPath$FileLoader$1
Event: 1.061 Loading class jdk/internal/loader/URLClassPath$FileLoader$1 done

Classes unloaded (0 events):
No events

Classes redefined (0 events):
No events

Internal exceptions (0 events):
No events

VM Operations (2 events):
Event: 1.441 Executing VM operation: HandshakeAllThreads
Event: 1.441 Executing VM operation: HandshakeAllThreads done

Events (17 events):
Event: 0.156 Loaded shared library C:\Program Files\Java\jdk-18.0.2\bin\java.dll
Event: 0.600 Loaded shared library C:\Program Files\Java\jdk-18.0.2\bin\jsvml.dll
Event: 0.601 Thread 0x000001f504d08d60 Thread added: 0x000001f504d08d60
Event: 0.639 Thread 0x000001f527967cd0 Thread added: 0x000001f527967cd0
Event: 0.640 Thread 0x000001f527969e20 Thread added: 0x000001f527969e20
Event: 0.660 Thread 0x000001f5279831d0 Thread added: 0x000001f5279831d0
Event: 0.660 Thread 0x000001f527983a80 Thread added: 0x000001f527983a80
Event: 0.660 Thread 0x000001f527986430 Thread added: 0x000001f527986430
Event: 0.661 Thread 0x000001f527986dd0 Thread added: 0x000001f527986dd0
Event: 0.661 Thread 0x000001f527987aa0 Thread added: 0x000001f527987aa0
Event: 0.688 Thread 0x000001f5279f0e80 Thread added: 0x000001f5279f0e80
Event: 0.698 Thread 0x000001f5279f3c20 Thread added: 0x000001f5279f3c20
Event: 1.042 Thread 0x000001f52bcbef40 Thread added: 0x000001f52bcbef40
Event: 1.248 Thread 0x000001f52bcc3050 Thread added: 0x000001f52bcc3050
Event: 1.421 Loaded shared library C:\Program Files\Java\jdk-18.0.2\bin\net.dll
Event: 1.424 Loaded shared library C:\Program Files\Java\jdk-18.0.2\bin\nio.dll
Event: 1.428 Loaded shared library C:\Program Files\Java\jdk-18.0.2\bin\zip.dll


Dynamic libraries:
0x00007ff774d70000 - 0x00007ff774d80000 	C:\Program Files\Java\jdk-18.0.2\bin\javaw.exe
0x00007ffea8430000 - 0x00007ffea8644000 	C:\WINDOWS\SYSTEM32\ntdll.dll
0x00007ffea64b0000 - 0x00007ffea6574000 	C:\WINDOWS\System32\KERNEL32.DLL
0x00007ffea5b80000 - 0x00007ffea5f24000 	C:\WINDOWS\System32\KERNELBASE.dll
0x00007ffea5fe0000 - 0x00007ffea60f1000 	C:\WINDOWS\System32\ucrtbase.dll
0x00007ffe86340000 - 0x00007ffe86358000 	C:\Program Files\Java\jdk-18.0.2\bin\jli.dll
0x00007ffea8070000 - 0x00007ffea8120000 	C:\WINDOWS\System32\ADVAPI32.dll
0x00007ffea6fb0000 - 0x00007ffea7057000 	C:\WINDOWS\System32\msvcrt.dll
0x00007ffe86360000 - 0x00007ffe8637a000 	C:\Program Files\Java\jdk-18.0.2\bin\VCRUNTIME140.dll
0x00007ffea7300000 - 0x00007ffea73a6000 	C:\WINDOWS\System32\sechost.dll
0x00007ffea79f0000 - 0x00007ffea7b07000 	C:\WINDOWS\System32\RPCRT4.dll
0x00007ffea7060000 - 0x00007ffea720e000 	C:\WINDOWS\System32\USER32.dll
0x00007ffea5f30000 - 0x00007ffea5f56000 	C:\WINDOWS\System32\win32u.dll
0x00007ffe86cb0000 - 0x00007ffe86f43000 	C:\WINDOWS\WinSxS\amd64_microsoft.windows.common-controls_6595b64144ccf1df_6.0.22621.2215_none_270d72677387dfc3\COMCTL32.dll
0x00007ffea6e80000 - 0x00007ffea6ea9000 	C:\WINDOWS\System32\GDI32.dll
0x00007ffea5880000 - 0x00007ffea5998000 	C:\WINDOWS\System32\gdi32full.dll
0x00007ffea57e0000 - 0x00007ffea587a000 	C:\WINDOWS\System32\msvcp_win.dll
0x00007ffe9db80000 - 0x00007ffe9db8a000 	C:\WINDOWS\SYSTEM32\VERSION.dll
0x00007ffea6610000 - 0x00007ffea6641000 	C:\WINDOWS\System32\IMM32.DLL
0x00007ffe88cc0000 - 0x00007ffe88ccc000 	C:\Program Files\Java\jdk-18.0.2\bin\vcruntime140_1.dll
0x00007ffe5f820000 - 0x00007ffe5f8ad000 	C:\Program Files\Java\jdk-18.0.2\bin\msvcp140.dll
0x00007ffe35e00000 - 0x00007ffe36a11000 	C:\Program Files\Java\jdk-18.0.2\bin\server\jvm.dll
0x00007ffea8120000 - 0x00007ffea8128000 	C:\WINDOWS\System32\PSAPI.DLL
0x00007ffea0600000 - 0x00007ffea0609000 	C:\WINDOWS\SYSTEM32\WSOCK32.dll
0x00007ffea6f10000 - 0x00007ffea6f81000 	C:\WINDOWS\System32\WS2_32.dll
0x00007ffe9f210000 - 0x00007ffe9f244000 	C:\WINDOWS\SYSTEM32\WINMM.dll
0x00007ffea4800000 - 0x00007ffea4818000 	C:\WINDOWS\SYSTEM32\kernel.appcore.dll
0x00007ffe8b520000 - 0x00007ffe8b52a000 	C:\Program Files\Java\jdk-18.0.2\bin\jimage.dll
0x00007ffea31e0000 - 0x00007ffea340e000 	C:\WINDOWS\SYSTEM32\DBGHELP.DLL
0x00007ffea7b10000 - 0x00007ffea7e9a000 	C:\WINDOWS\System32\combase.dll
0x00007ffea7210000 - 0x00007ffea72e7000 	C:\WINDOWS\System32\OLEAUT32.dll
0x00007ffe82b60000 - 0x00007ffe82b92000 	C:\WINDOWS\SYSTEM32\dbgcore.DLL
0x00007ffea5f60000 - 0x00007ffea5fda000 	C:\WINDOWS\System32\bcryptPrimitives.dll
0x00007ffe8b430000 - 0x00007ffe8b455000 	C:\Program Files\Java\jdk-18.0.2\bin\java.dll
0x00007ffe7f560000 - 0x00007ffe7f636000 	C:\Program Files\Java\jdk-18.0.2\bin\jsvml.dll
0x00007ffea6650000 - 0x00007ffea6e73000 	C:\WINDOWS\System32\SHELL32.dll
0x00007ffea3720000 - 0x00007ffea400a000 	C:\WINDOWS\SYSTEM32\windows.storage.dll
0x00007ffea35e0000 - 0x00007ffea371e000 	C:\WINDOWS\SYSTEM32\wintypes.dll
0x00007ffea8290000 - 0x00007ffea8383000 	C:\WINDOWS\System32\SHCORE.dll
0x00007ffea8390000 - 0x00007ffea83ee000 	C:\WINDOWS\System32\shlwapi.dll
0x00007ffea5710000 - 0x00007ffea5736000 	C:\WINDOWS\SYSTEM32\profapi.dll
0x00007ffe8b410000 - 0x00007ffe8b423000 	C:\Program Files\Java\jdk-18.0.2\bin\net.dll
0x00007ffe9fdf0000 - 0x00007ffe9ff27000 	C:\WINDOWS\SYSTEM32\WINHTTP.dll
0x00007ffea4d20000 - 0x00007ffea4d89000 	C:\WINDOWS\system32\mswsock.dll
0x00007ffe8b3f0000 - 0x00007ffe8b406000 	C:\Program Files\Java\jdk-18.0.2\bin\nio.dll
0x00007ffe861c0000 - 0x00007ffe861d8000 	C:\Program Files\Java\jdk-18.0.2\bin\zip.dll

dbghelp: loaded successfully - version: 4.0.5 - missing functions: none
symbol engine: initialized successfully - sym options: 0x614 - pdb path: (cannot be retrieved)

VM Arguments:
jvm_args: -Dfile.encoding=UTF-8 -XX:+ShowCodeDetailsInExceptionMessages 
java_command: com.contact.ContactServiceApplication
java_class_path (initial): C:\Users\HP-PC\OneDrive\Desktop\springbootmicro\contact_service\contact_service\target\classes;C:\Users\HP-PC\.m2\repository\org\springframework\cloud\spring-cloud-starter-netflix-eureka-client\3.0.2\spring-cloud-starter-netflix-eureka-client-3.0.2.jar;C:\Users\HP-PC\.m2\repository\org\springframework\cloud\spring-cloud-starter\3.0.2\spring-cloud-starter-3.0.2.jar;C:\Users\HP-PC\.m2\repository\org\springframework\cloud\spring-cloud-context\3.0.2\spring-cloud-context-3.0.2.jar;C:\Users\HP-PC\.m2\repository\org\springframework\security\spring-security-crypto\5.4.5\spring-security-crypto-5.4.5.jar;C:\Users\HP-PC\.m2\repository\org\springframework\cloud\spring-cloud-commons\3.0.2\spring-cloud-commons-3.0.2.jar;C:\Users\HP-PC\.m2\repository\org\springframework\security\spring-security-rsa\1.0.9.RELEASE\spring-security-rsa-1.0.9.RELEASE.jar;C:\Users\HP-PC\.m2\repository\org\bouncycastle\bcpkix-jdk15on\1.64\bcpkix-jdk15on-1.64.jar;C:\Users\HP-PC\.m2\repository\org\bouncycastle\bcprov-jdk15on\1.64\bcprov-jdk15on-1.64.jar;C:\Users\HP-PC\.m2\repository\org\springframework\cloud\spring-cloud-netflix-eureka-client\3.0.2\spring-cloud-netflix-eureka-client-3.0.2.jar;C:\Users\HP-PC\.m2\repository\com\netflix\eureka\eureka-client\1.10.11\eureka-client-1.10.11.jar;C:\Users\HP-PC\.m2\repository\com\netflix\netflix-commons\netflix-eventbus\0.3.0\netflix-eventbus-0.3.0.jar;C:\Users\HP-PC\.m2\repository\com\netflix\netflix-commons\netflix-infix\0.3.0\netflix-infix-0.3.0.jar;C:\Users\HP-PC\.m2\repository\commons-jxpath\commons-jxpath\1.3\commons-jxpath-1.3.jar;C:\Users\HP-PC\.m2\repository\joda-time\joda-time\2.3\joda-time-2.3.jar;C:\Users\HP-PC\.m2\repository\org\antlr\antlr-runtime\3.4\antlr-runtime-3.4.jar;C:\Users\HP-PC\.m2\repository\org\antlr\stringtemplate\3.2.1\stringtemplate-3.2.1.jar;C:\Users\HP-PC\.m2\repository\antlr\antlr\2.7.7\antlr-2.7.7.jar;C:\Users\HP-PC\.m2\repository\com\google\code\gson\gson\2.8.6\gson-2.8.6.jar;C:\Users\HP-PC\.m2\repository\org\apache\commons\commons-math\2.2\commons-math-2.2.jar;C:\Users\HP-PC\.m2\repository\com\thoughtworks\xstream\xstream\1.4.14\xstream-1.4.14.jar;C:\Users\HP-PC\.m2\repository\xmlpull\xmlpull\1.1.3.1\xmlpull-1.1.3.1.jar;C:\Users\HP-PC\.m2\repository\xpp3\xpp3_min\1.1.4c\xpp3_min-1.1.4c.jar;C:\Users\HP-PC\.m2\repository\javax\ws\rs\jsr311-api\1.1.1\jsr311-api-1.1.1.jar;C:\Users\HP-PC\.m2\repository\com\netflix\servo\servo-core\0.12.21\servo-core-0.12.21.jar;C:\Users\HP-PC\.m2\repository\com\google\guava\guava\19.0\guava-19.0.jar;C:\Users\HP-PC\.m2\repository\org\apache\httpcomponents\httpclient\4.5.13\httpclient-4.5.13.jar;C:\Users\HP-PC\.m2\repository\org\apache\httpcomponents\httpcore\4.4.14\httpcore-4.4.14.jar;C:\Users\HP-PC\.m2\repository\commons-codec\commons-codec\1.15\commons-codec-1.15.jar;C:\Users\HP-PC\.m2\repository\commons-configuration\commons-configuration\1.10\commons-configuration-1.10.jar;C:\Users\HP-PC\.m2\repository\commons-lang\commons-lang\2.6\commons-lang-2.6.jar;C:\Users\HP-PC\.m2\repository\com\google\inject\guice\4.1.0\guice-4.1.0.jar;C:\Users\HP-PC\.m2\repository\javax\inject\javax.inject\1\javax.inject-1.jar;C:\Users\HP-PC\.m2\repository\aopalliance\aopalliance\1.0\aopalliance-1.0.jar;C:\Users\HP-PC\.m2\repository\com\fasterxml\jackson\core\jackson-annotations\2.11.4\jackson-annotations-2.11.4.jar;C:\Users\HP-PC\.m2\repository\com\fasterxml\jackson\core\jackson-core\2.11.4\jackson-core-2.11.4.jar;C:\Users\HP-PC\.m2\repository\com\fasterxml\jackson\core\jackson-databind\2.11.4\jackson-databind-2.11.4.jar;C:\Users\HP-PC\.m2\repository\org\codehaus\jettison\jettison\1.4.0\jettison-1.4.0.jar;C:\Users\HP-PC\.m2\repository\com\netflix\eureka\eureka-core\1.10.11\eureka-core-1.10.11.jar;C:\Users\HP-PC\.m2\repository\com\fasterxml\woodstox\woodstox-core\5.3.0\woodstox-core-5.3.0.jar;C:\Users\HP-PC\.m2\repository\org\codehaus\woodstox\stax2-api\4.2\stax2-api-4.2.jar;C:\Users\HP-PC\.m2\repository\org\springframework\cloud\spring-cloud-starter-loadbalancer\3.0.2\spring-cloud-starter-loadbalancer-3.0.2.jar;C:\Users\HP-PC\.m2\repository\org\springframework\cloud\spring-cloud-loadbalancer\3.0.2\spring-cloud-loadbalancer-3.0.2.jar;C:\Users\HP-PC\.m2\repository\org\springframework\boot\spring-boot-starter-validation\2.4.4\spring-boot-starter-validation-2.4.4.jar;C:\Users\HP-PC\.m2\repository\org\hibernate\validator\hibernate-validator\6.1.7.Final\hibernate-validator-6.1.7.Final.jar;C:\Users\HP-PC\.m2\repository\jakarta\validation\jakarta.validation-api\2.0.2\jakarta.validation-api-2.0.2.jar;C:\Users\HP-PC\.m2\repository\org\jboss\logging\jboss-logging\3.4.1.Final\jboss-logging-3.4.1.Final.jar;C:\Users\HP-PC\.m2\repository\com\fasterxml\classmate\1.5.1\classmate-1.5.1.jar;C:\Users\HP-PC\.m2\repository\io\projectreactor\reactor-core\3.4.4\reactor-core-3.4.4.jar;C:\Users\HP-PC\.m2\repository\org\reactivestreams\reactive-streams\1.0.3\reactive-streams-1.0.3.jar;C:\Users\HP-PC\.m2\repository\io\projectreactor\addons\reactor-extra\3.4.2\reactor-extra-3.4.2.jar;C:\Users\HP-PC\.m2\repository\org\springframework\boot\spring-boot-starter-cache\2.4.4\spring-boot-starter-cache-2.4.4.jar;C:\Users\HP-PC\.m2\repository\org\springframework\spring-context-support\5.3.5\spring-context-support-5.3.5.jar;C:\Users\HP-PC\.m2\repository\com\stoyanr\evictor\1.0.0\evictor-1.0.0.jar;C:\Users\HP-PC\.m2\repository\org\springframework\boot\spring-boot-starter-web\2.4.4\spring-boot-starter-web-2.4.4.jar;C:\Users\HP-PC\.m2\repository\org\springframework\boot\spring-boot-starter\2.4.4\spring-boot-starter-2.4.4.jar;C:\Users\HP-PC\.m2\repository\org\springframework\boot\spring-boot\2.4.4\spring-boot-2.4.4.jar;C:\Users\HP-PC\.m2\repository\org\springframework\boot\spring-boot-autoconfigure\2.4.4\spring-boot-autoconfigure-2.4.4.jar;C:\Users\HP-PC\.m2\repository\org\springframework\boot\spring-boot-starter-logging\2.4.4\spring-boot-starter-logging-2.4.4.jar;C:\Users\HP-PC\.m2\repository\ch\qos\logback\logback-classic\1.2.3\logback-classic-1.2.3.jar;C:\Users\HP-PC\.m2\repository\ch\qos\logback\logback-core\1.2.3\logback-core-1.2.3.jar;C:\Users\HP-PC\.m2\repository\org\apache\logging\log4j\log4j-to-slf4j\2.13.3\log4j-to-slf4j-2.13.3.jar;C:\Users\HP-PC\.m2\repository\org\apache\logging\log4j\log4j-api\2.13.3\log4j-api-2.13.3.jar;C:\Users\HP-PC\.m2\repository\org\slf4j\jul-to-slf4j\1.7.30\jul-to-slf4j-1.7.30.jar;C:\Users\HP-PC\.m2\repository\jakarta\annotation\jakarta.annotation-api\1.3.5\jakarta.annotation-api-1.3.5.jar;C:\Users\HP-PC\.m2\repository\org\yaml\snakeyaml\1.27\snakeyaml-1.27.jar;C:\Users\HP-PC\.m2\repository\org\springframework\boot\spring-boot-starter-json\2.4.4\spring-boot-starter-json-2.4.4.jar;C:\Users\HP-PC\.m2\repository\com\fasterxml\jackson\datatype\jackson-datatype-jdk8\2.11.4\jackson-datatype-jdk8-2.11.4.jar;C:\Users\HP-PC\.m2\repository\com\fasterxml\jackson\datatype\jackson-datatype-jsr310\2.11.4\jackson-datatype-jsr310-2.11.4.jar;C:\Users\HP-PC\.m2\repository\com\fasterxml\jackson\module\jackson-module-parameter-names\2.11.4\jackson-module-parameter-names-2.11.4.jar;C:\Users\HP-PC\.m2\repository\org\springframework\boot\spring-boot-starter-tomcat\2.4.4\spring-boot-starter-tomcat-2.4.4.jar;C:\Users\HP-PC\.m2\repository\org\apache\tomcat\embed\tomcat-embed-core\9.0.44\tomcat-embed-core-9.0.44.jar;C:\Users\HP-PC\.m2\repository\org\glassfish\jakarta.el\3.0.3\jakarta.el-3.0.3.jar;C:\Users\HP-PC\.m2\repository\org\apache\tomcat\embed\tomcat-embed-websocket\9.0.44\tomcat-embed-websocket-9.0.44.jar;C:\Users\HP-PC\.m2\repository\org\springframework\spring-web\5.3.5\spring-web-5.3.5.jar;C:\Users\HP-PC\.m2\repository\org\springframework\spring-beans\5.3.5\spring-beans-5.3.5.jar;C:\Users\HP-PC\.m2\repository\org\springframework\spring-webmvc\5.3.5\spring-webmvc-5.3.5.jar;C:\Users\HP-PC\.m2\repository\org\springframework\spring-aop\5.3.5\spring-aop-5.3.5.jar;C:\Users\HP-PC\.m2\repository\org\springframework\spring-context\5.3.5\spring-context-5.3.5.jar;C:\Users\HP-PC\.m2\repository\org\springframework\spring-expression\5.3.5\spring-expression-5.3.5.jar;C:\Users\HP-PC\.m2\repository\org\slf4j\slf4j-api\1.7.30\slf4j-api-1.7.30.jar;C:\Users\HP-PC\.m2\repository\org\springframework\spring-core\5.3.5\spring-core-5.3.5.jar;C:\Users\HP-PC\.m2\repository\org\springframework\spring-jcl\5.3.5\spring-jcl-5.3.5.jar
Launcher Type: SUN_STANDARD

[Global flags]
     intx CICompilerCount                          = 4                                         {product} {ergonomic}
     uint ConcGCThreads                            = 2                                         {product} {ergonomic}
     uint G1ConcRefinementThreads                  = 8                                         {product} {ergonomic}
   size_t G1HeapRegionSize                         = 2097152                                   {product} {ergonomic}
    uintx GCDrainStackTargetSize                   = 64                                        {product} {ergonomic}
   size_t InitialHeapSize                          = 266338304                                 {product} {ergonomic}
   size_t MarkStackSize                            = 4194304                                   {product} {ergonomic}
   size_t MaxHeapSize                              = 4234149888                                {product} {ergonomic}
   size_t MaxNewSize                               = 2539651072                                {product} {ergonomic}
   size_t MinHeapDeltaBytes                        = 2097152                                   {product} {ergonomic}
   size_t MinHeapSize                              = 8388608                                   {product} {ergonomic}
    uintx NonNMethodCodeHeapSize                   = 5839372                                {pd product} {ergonomic}
    uintx NonProfiledCodeHeapSize                  = 122909434                              {pd product} {ergonomic}
    uintx ProfiledCodeHeapSize                     = 122909434                              {pd product} {ergonomic}
    uintx ReservedCodeCacheSize                    = 251658240                              {pd product} {ergonomic}
     bool SegmentedCodeCache                       = true                                      {product} {ergonomic}
     bool ShowCodeDetailsInExceptionMessages       = true                                   {manageable} {command line}
   size_t SoftMaxHeapSize                          = 4234149888                             {manageable} {ergonomic}
     bool UseCompressedClassPointers               = true                           {product lp64_product} {ergonomic}
     bool UseCompressedOops                        = true                           {product lp64_product} {ergonomic}
     bool UseG1GC                                  = true                                      {product} {ergonomic}
     bool UseLargePagesIndividualAllocation        = false                                  {pd product} {ergonomic}

Logging:
Log output configuration:
 #0: stdout all=warning uptime,level,tags foldmultilines=false
 #1: stderr all=off uptime,level,tags foldmultilines=false

Environment Variables:
PATH=C:/Program Files/Java/jdk-18.0.2/bin/server;C:/Program Files/Java/jdk-18.0.2/bin;C:\Program Files (x86)\VMware\VMware Workstation\bin\;C:\Program Files\Common Files\Oracle\Java\javapath;C:\WINDOWS\system32;C:\WINDOWS;C:\WINDOWS\System32\Wbem;C:\WINDOWS\System32\WindowsPowerShell\v1.0\;C:\WINDOWS\System32\OpenSSH\;C:\Users\HP-PC\Downloads\jdk-18_windows-x64_bin.exe;C:\Program Files\MySQL\MySQL Server 8.0\bin;C:\Program Files\Docker\Docker\resources\bin;C:\Program Files\MySQL\MySQL Shell 8.0\bin\;C:\Users\HP-PC\AppData\Local\Programs\Python\Python310\Scripts\;C:\Users\HP-PC\AppData\Local\Programs\Python\Python310\;C:\Users\HP-PC\AppData\Local\Microsoft\WindowsApps;C:\Users\HP-PC\AppData\Local\Programs\Microsoft VS Code\bin;;C:\Program Files\JetBrains\IntelliJ IDEA 2023.2.2\bin;;C:\Users\HP-PC\OneDrive\Desktop;
USERNAME=HP-PC
OS=Windows_NT
PROCESSOR_IDENTIFIER=Intel64 Family 6 Model 140 Stepping 1, GenuineIntel



---------------  S Y S T E M  ---------------

OS:
 Windows 11 , 64 bit Build 22621 (10.0.22621.2215)
OS uptime: 0 days 6:41 hours
Hyper-V role detected

CPU: total 8 (initial active 8) (4 cores per cpu, 2 threads per core) family 6 model 140 stepping 1 microcode 0x9a, cx8, cmov, fxsr, ht, mmx, 3dnowpref, sse, sse2, sse3, ssse3, sse4.1, sse4.2, popcnt, lzcnt, tsc, tscinvbit, avx, avx2, aes, erms, clmul, bmi1, bmi2, adx, avx512f, avx512dq, avx512cd, avx512bw, avx512vl, sha, fma, vzeroupper, avx512_vpopcntdq, avx512_vpclmulqdq, avx512_vaes, avx512_vnni, clflush, clflushopt, clwb, avx512_vbmi2, avx512_vbmi, hv

Memory: 4k page, system-wide physical 16151M (3612M free)
TotalPageFile size 20925M (AvailPageFile size 0M)
current process WorkingSet (physical memory assigned to process): 33M, peak: 33M
current process commit charge ("private bytes"): 342M, peak: 342M

vm_info: Java HotSpot(TM) 64-Bit Server VM (18.0.2+9-61) for windows-amd64 JRE (18.0.2+9-61), built on Jun  7 2022 13:09:01 by "mach5one" with MS VC++ 16.8 / 16.9 (VS2019)

END.
